<?xml version="1.0" encoding="UTF-8"?>
<testsuite name="com.gazbert.bxbot.repository.TestExchangeConfigRepository" tests="2" skipped="0" failures="0" errors="0" timestamp="2018-01-08T20:56:10" hostname="ricebook" time="1.071">
  <properties/>
  <testcase name="whenSaveCalledThenExpectRepositoryToSaveItAndReturnSavedExchangeConfig" classname="com.gazbert.bxbot.repository.TestExchangeConfigRepository" time="1.067"/>
  <testcase name="whenGetCalledThenReturnExchangeConfig" classname="com.gazbert.bxbot.repository.TestExchangeConfigRepository" time="0.003"/>
  <system-out><![CDATA[5765 [Test worker] 2018-01-08 14:56:11,889 INFO  ExchangeConfigRepositoryXmlDatastore save() - About to save ExchangeConfig: ExchangeConfig{exchangeName=Bitstamp, exchangeAdapter=com.gazbert.bxbot.exchanges.TestExchangeAdapter, networkConfig=NetworkConfig{connectionTimeout=30, nonFatalErrorCodes=[502, 503, 504], nonFatalErrorMessages=[Connection refused, Connection reset, Remote host closed connection during handshake]}, optionalConfig=OptionalConfig{items={sell-fee=0.25, buy-fee=0.20}}}
5891 [Test worker] 2018-01-08 14:56:12,015 INFO  ExchangeConfigRepositoryXmlDatastore get() - Fetching ExchangeConfig...
]]></system-out>
  <system-err><![CDATA[]]></system-err>
</testsuite>
