<?xml version="1.0" encoding="UTF-8"?>
<testsuite name="com.gazbert.bxbot.repository.TestStrategyConfigRepository" tests="8" skipped="0" failures="0" errors="0" timestamp="2018-01-08T20:56:13" hostname="ricebook" time="1.148">
  <properties/>
  <testcase name="whenSaveCalledWithKnownIdThenReturnUpdatedStrategyConfig" classname="com.gazbert.bxbot.repository.TestStrategyConfigRepository" time="1.097"/>
  <testcase name="whenSaveCalledWithUnknownIdThenReturnEmptyStrategyConfig" classname="com.gazbert.bxbot.repository.TestStrategyConfigRepository" time="0.005"/>
  <testcase name="whenSaveCalledWithEmptyIdThenExpectCreatedStrategyConfigToBeReturned" classname="com.gazbert.bxbot.repository.TestStrategyConfigRepository" time="0.027"/>
  <testcase name="whenFindByIdCalledWithKnownIdThenReturnMatchingStrategyConfig" classname="com.gazbert.bxbot.repository.TestStrategyConfigRepository" time="0.003"/>
  <testcase name="whenFindByIdCalledWithUnknownIdThenReturnNullStrategyConfig" classname="com.gazbert.bxbot.repository.TestStrategyConfigRepository" time="0.002"/>
  <testcase name="whenDeleteCalledWithKnownIdThenReturnDeletedStrategyConfig" classname="com.gazbert.bxbot.repository.TestStrategyConfigRepository" time="0.003"/>
  <testcase name="whenFindAllCalledThenExpectServiceToReturnAllStrategyConfigs" classname="com.gazbert.bxbot.repository.TestStrategyConfigRepository" time="0.006"/>
  <testcase name="whenDeleteCalledWithUnknownIdThenReturnEmptyStrategyConfig" classname="com.gazbert.bxbot.repository.TestStrategyConfigRepository" time="0.002"/>
  <system-out><![CDATA[8731 [Test worker] 2018-01-08 14:56:14,855 INFO  StrategyConfigRepositoryXmlDatastore save() - About to update StrategyConfig: StrategyConfig{id=macd-long-position, name=MACD Long Position Algo, description=Uses MACD as indicator and takes long position in base currency., className=com.gazbert.nova.algos.MacdLongBase, beanName=macdLongBase, configItems={buy-price=671.15, buy-amount=0.5}}
8817 [Test worker] 2018-01-08 14:56:14,941 INFO  StrategyConfigRepositoryXmlDatastore save() - About to update StrategyConfig: StrategyConfig{id=unknown-or-new-strat-id, name=MACD Long Position Algo, description=Uses MACD as indicator and takes long position in base currency., className=com.gazbert.nova.algos.MacdLongBase, beanName=macdLongBase, configItems={buy-price=671.15, buy-amount=0.5}}
8818 [Test worker] 2018-01-08 14:56:14,942 WARN  StrategyConfigRepositoryXmlDatastore save() - Trying to update StrategyConfig but id does not exist StrategyConfig: StrategyConfig{id=unknown-or-new-strat-id, name=MACD Long Position Algo, description=Uses MACD as indicator and takes long position in base currency., className=com.gazbert.nova.algos.MacdLongBase, beanName=macdLongBase, configItems={buy-price=671.15, buy-amount=0.5}} Existing StrategyConfig: [StrategyConfig{id=macd-long-position, name=MACD Long Position Algo, description=Uses MACD as indicator and takes long position in base currency., className=com.gazbert.nova.algos.MacdLongBase, beanName=null, configItems={buy-price=671.15, buy-amount=0.5}}, StrategyConfig{id=long-scalper, name=Long Position Scalper Algo, description=Scalps and goes long..., className=com.gazbert.nova.algos.LongScalper, beanName=null, configItems={buy-price=671.15, buy-amount=0.5}}]
8847 [Test worker] 2018-01-08 14:56:14,971 INFO  StrategyConfigRepositoryXmlDatastore save() - About to create StrategyConfig: StrategyConfig{id=null, name=Short Position Scalper Algo, description=Scalps and goes short..., className=com.gazbert.nova.algos.ShortScalper, beanName=longScalper, configItems={buy-price=671.15, buy-amount=0.5}}
8850 [Test worker] 2018-01-08 14:56:14,974 INFO  StrategyConfigRepositoryXmlDatastore findById() - Fetching config for Strategy id: macd-long-position
8852 [Test worker] 2018-01-08 14:56:14,976 INFO  StrategyConfigRepositoryXmlDatastore findById() - Fetching config for Strategy id: unknown-or-new-strat-id
8856 [Test worker] 2018-01-08 14:56:14,980 INFO  StrategyConfigRepositoryXmlDatastore delete() - Deleting Strategy config for id: macd-long-position
8858 [Test worker] 2018-01-08 14:56:14,982 INFO  StrategyConfigRepositoryXmlDatastore findAll() - Fetching all Strategy configs...
8864 [Test worker] 2018-01-08 14:56:14,988 INFO  StrategyConfigRepositoryXmlDatastore delete() - Deleting Strategy config for id: unknown-or-new-strat-id
8864 [Test worker] 2018-01-08 14:56:14,988 WARN  StrategyConfigRepositoryXmlDatastore delete() - Trying to delete StrategyConfig but id does not exist. StrategyConfig id: unknown-or-new-strat-id Existing StrategyConfig: [StrategyConfig{id=macd-long-position, name=MACD Long Position Algo, description=Uses MACD as indicator and takes long position in base currency., className=com.gazbert.nova.algos.MacdLongBase, beanName=null, configItems={buy-price=671.15, buy-amount=0.5}}, StrategyConfig{id=long-scalper, name=Long Position Scalper Algo, description=Scalps and goes long..., className=com.gazbert.nova.algos.LongScalper, beanName=null, configItems={buy-price=671.15, buy-amount=0.5}}]
]]></system-out>
  <system-err><![CDATA[]]></system-err>
</testsuite>
