<?xml version="1.0" encoding="UTF-8"?>
<testsuite name="com.gazbert.bxbot.repository.TestEngineConfigRepository" tests="2" skipped="0" failures="0" errors="0" timestamp="2018-01-08T20:56:09" hostname="ricebook" time="1.1">
  <properties/>
  <testcase name="whenSaveCalledThenExpectRepositoryToSaveItAndReturnSavedEngineConfig" classname="com.gazbert.bxbot.repository.TestEngineConfigRepository" time="1.098"/>
  <testcase name="whenGetCalledThenExpectEngineConfigToBeReturned" classname="com.gazbert.bxbot.repository.TestEngineConfigRepository" time="0.002"/>
  <system-out><![CDATA[4499 [Test worker] 2018-01-08 14:56:10,623 INFO  EngineConfigRepositoryXmlDatastore save() - About to save EngineConfig: EngineConfig{botId=avro-707_1, botName=Avro 707, emergencyStopCurrency=BTC, emergencyStopBalance=0.5, tradeCycleInterval=60}
4590 [Test worker] 2018-01-08 14:56:10,714 INFO  EngineConfigRepositoryXmlDatastore get() - Fetching EngineConfig...
]]></system-out>
  <system-err><![CDATA[]]></system-err>
</testsuite>
