<?xml version="1.0" encoding="UTF-8"?>
<testsuite name="com.gazbert.bxbot.repository.TestEmailAlertsConfigRepository" tests="2" skipped="0" failures="0" errors="0" timestamp="2018-01-08T20:56:07" hostname="ricebook" time="1.926">
  <properties/>
  <testcase name="whenSaveCalledThenExpectRepositoryToSaveItAndReturnSavedEmailAlertsConfig" classname="com.gazbert.bxbot.repository.TestEmailAlertsConfigRepository" time="1.923"/>
  <testcase name="whenGetCalledThenExpectEmailAlertsConfigToBeReturned" classname="com.gazbert.bxbot.repository.TestEmailAlertsConfigRepository" time="0.001"/>
  <system-out><![CDATA[3171 [Test worker] 2018-01-08 14:56:09,295 INFO  EmailAlertsConfigRepositoryXmlDatastore save() - About to save EmailAlertsConfig: EmailAlertsConfig{enabled=true, smtpConfig=SmtpConfig{host=updated.smtp.host.deathstar.com, tlsPort=588, accountUsername=updated-boba@google.com, fromAddress=updated-boba.fett@Mandalore.com, toAddress=updated-darth.vader@deathstar.com}}
3325 [Test worker] 2018-01-08 14:56:09,449 INFO  EmailAlertsConfigRepositoryXmlDatastore get() - Fetching EmailAlertsConfig...
]]></system-out>
  <system-err><![CDATA[]]></system-err>
</testsuite>
