<?xml version="1.0" encoding="UTF-8"?>
<testsuite name="com.gazbert.bxbot.repository.TestMarketConfigRepository" tests="8" skipped="0" failures="0" errors="0" timestamp="2018-01-08T20:56:12" hostname="ricebook" time="1.288">
  <properties/>
  <testcase name="whenSaveCalledWithUnknownIdThenReturnEmptyMarketConfig" classname="com.gazbert.bxbot.repository.TestMarketConfigRepository" time="1.224"/>
  <testcase name="whenDeleteCalledWithUnknownIdThenReturnEmptyMarket" classname="com.gazbert.bxbot.repository.TestMarketConfigRepository" time="0.005"/>
  <testcase name="whenSaveCalledWithKnownIdThenReturnUpdatedMarketConfig" classname="com.gazbert.bxbot.repository.TestMarketConfigRepository" time="0.009"/>
  <testcase name="whenSaveCalledWithEmptyIdThenExpectCreatedMarketConfigToBeReturned" classname="com.gazbert.bxbot.repository.TestMarketConfigRepository" time="0.034"/>
  <testcase name="whenFindAllCalledThenExpectServiceToReturnAllMarketConfigs" classname="com.gazbert.bxbot.repository.TestMarketConfigRepository" time="0.008"/>
  <testcase name="whenFindByIdCalledWithKnownIdThenReturnMatchingMarketConfig" classname="com.gazbert.bxbot.repository.TestMarketConfigRepository" time="0.003"/>
  <testcase name="whenDeleteCalledWithKnownIdThenReturnMatchingMarketConfig" classname="com.gazbert.bxbot.repository.TestMarketConfigRepository" time="0.003"/>
  <testcase name="whenFindByIdCalledWithUnknownIdThenReturnNullMarketConfig" classname="com.gazbert.bxbot.repository.TestMarketConfigRepository" time="0.001"/>
  <system-out><![CDATA[7280 [Test worker] 2018-01-08 14:56:13,404 INFO  MarketConfigRepositoryXmlDatastore save() - About to update MarketConfig: MarketConfig{id=unknown-or-new-market-id, name=BTC/USD, baseCurrency=BTC, counterCurrency=USD, enabled=true, tradingStrategyId=macd_trend_follower}
7291 [Test worker] 2018-01-08 14:56:13,415 WARN  MarketConfigRepositoryXmlDatastore save() - Trying to update MarketConfig but id does not exist MarketConfig: MarketConfig{id=unknown-or-new-market-id, name=BTC/USD, baseCurrency=BTC, counterCurrency=USD, enabled=true, tradingStrategyId=macd_trend_follower} Existing MarketConfig: [MarketConfig{id=gemini_usd/btc, name=BTC/USD, baseCurrency=BTC, counterCurrency=USD, enabled=true, tradingStrategyId=macd_trend_follower}, MarketConfig{id=gdax_gbp/btc, name=BTC/GBP, baseCurrency=BTC, counterCurrency=GBP, enabled=false, tradingStrategyId=scalper}]
7397 [Test worker] 2018-01-08 14:56:13,521 INFO  MarketConfigRepositoryXmlDatastore delete() - Deleting Market config for id: unknown-or-new-market-id
7399 [Test worker] 2018-01-08 14:56:13,523 WARN  MarketConfigRepositoryXmlDatastore delete() - Trying to delete MarketConfig but id does not exist. MarketConfig id: unknown-or-new-market-id Existing MarketConfig: [MarketConfig{id=gemini_usd/btc, name=BTC/USD, baseCurrency=BTC, counterCurrency=USD, enabled=true, tradingStrategyId=macd_trend_follower}, MarketConfig{id=gdax_gbp/btc, name=BTC/GBP, baseCurrency=BTC, counterCurrency=GBP, enabled=false, tradingStrategyId=scalper}]
7403 [Test worker] 2018-01-08 14:56:13,527 INFO  MarketConfigRepositoryXmlDatastore save() - About to update MarketConfig: MarketConfig{id=gemini_usd/btc, name=BTC/USD, baseCurrency=BTC, counterCurrency=USD, enabled=true, tradingStrategyId=macd_trend_follower}
7442 [Test worker] 2018-01-08 14:56:13,566 INFO  MarketConfigRepositoryXmlDatastore save() - About to create MarketConfig: MarketConfig{id=null, name=BTC/ETH, baseCurrency=BTC, counterCurrency=ETH, enabled=false, tradingStrategyId=macd-jobby}
7445 [Test worker] 2018-01-08 14:56:13,569 INFO  MarketConfigRepositoryXmlDatastore findAll() - Fetching all Market configs...
7453 [Test worker] 2018-01-08 14:56:13,577 INFO  MarketConfigRepositoryXmlDatastore findById() - Fetching Market config for id: gemini_usd/btc
7456 [Test worker] 2018-01-08 14:56:13,580 INFO  MarketConfigRepositoryXmlDatastore delete() - Deleting Market config for id: gemini_usd/btc
7458 [Test worker] 2018-01-08 14:56:13,582 INFO  MarketConfigRepositoryXmlDatastore findById() - Fetching Market config for id: unknown-or-new-market-id
]]></system-out>
  <system-err><![CDATA[]]></system-err>
</testsuite>
