<?xml version="1.0" encoding="UTF-8"?>
<testsuite name="com.gazbert.bxbot.rest.api.v1.config.TestStrategyConfigController" tests="19" skipped="0" failures="0" errors="0" timestamp="2018-01-08T20:56:28" hostname="ricebook" time="0.221">
  <properties/>
  <testcase name="testCreateStrategyConfigWhenUnauthorizedWithMissingCredentials" classname="com.gazbert.bxbot.rest.api.v1.config.TestStrategyConfigController" time="0.019"/>
  <testcase name="testDeleteStrategyConfigWhenUnauthorizedWithInvalidCredentials" classname="com.gazbert.bxbot.rest.api.v1.config.TestStrategyConfigController" time="0.007"/>
  <testcase name="testGetStrategyConfigByIdWhenNotRecognized" classname="com.gazbert.bxbot.rest.api.v1.config.TestStrategyConfigController" time="0.011"/>
  <testcase name="testGetAllStrategyConfigWhenUnauthorizedWithMissingCredentials" classname="com.gazbert.bxbot.rest.api.v1.config.TestStrategyConfigController" time="0.013"/>
  <testcase name="testDeleteStrategyConfigWhenUnauthorizedWithMissingCredentials" classname="com.gazbert.bxbot.rest.api.v1.config.TestStrategyConfigController" time="0.008"/>
  <testcase name="testUpdateStrategyConfigWhenUnauthorizedWithInvalidCredentials" classname="com.gazbert.bxbot.rest.api.v1.config.TestStrategyConfigController" time="0.008"/>
  <testcase name="testDeleteStrategyConfigWhenIdNotRecognized" classname="com.gazbert.bxbot.rest.api.v1.config.TestStrategyConfigController" time="0.01"/>
  <testcase name="testUpdateStrategyConfigWhenIdNotRecognized" classname="com.gazbert.bxbot.rest.api.v1.config.TestStrategyConfigController" time="0.013"/>
  <testcase name="testUpdateStrategyConfig" classname="com.gazbert.bxbot.rest.api.v1.config.TestStrategyConfigController" time="0.015"/>
  <testcase name="testGetStrategyConfigByIdWhenUnauthorizedWithInvalidCredentials" classname="com.gazbert.bxbot.rest.api.v1.config.TestStrategyConfigController" time="0.007"/>
  <testcase name="testUpdateStrategyConfigWhenUnauthorizedWithMissingCredentials" classname="com.gazbert.bxbot.rest.api.v1.config.TestStrategyConfigController" time="0.007"/>
  <testcase name="testCreateStrategyConfig" classname="com.gazbert.bxbot.rest.api.v1.config.TestStrategyConfigController" time="0.012"/>
  <testcase name="testGetAllStrategyConfig" classname="com.gazbert.bxbot.rest.api.v1.config.TestStrategyConfigController" time="0.012"/>
  <testcase name="testCreateStrategyConfigWhenUnauthorizedWithInvalidCredentials" classname="com.gazbert.bxbot.rest.api.v1.config.TestStrategyConfigController" time="0.007"/>
  <testcase name="testGetStrategyConfig" classname="com.gazbert.bxbot.rest.api.v1.config.TestStrategyConfigController" time="0.012"/>
  <testcase name="testDeleteStrategyConfig" classname="com.gazbert.bxbot.rest.api.v1.config.TestStrategyConfigController" time="0.007"/>
  <testcase name="testUpdateStrategyConfigWhenIdIsMissing" classname="com.gazbert.bxbot.rest.api.v1.config.TestStrategyConfigController" time="0.01"/>
  <testcase name="testGetStrategyConfigByIdWhenUnauthorizedWithMissingCredentials" classname="com.gazbert.bxbot.rest.api.v1.config.TestStrategyConfigController" time="0.01"/>
  <testcase name="testGetAllStrategyConfigWhenUnauthorizedWithInvalidCredentials" classname="com.gazbert.bxbot.rest.api.v1.config.TestStrategyConfigController" time="0.007"/>
  <system-out><![CDATA[13382 [Test worker] 2018-01-08 14:56:26,984 INFO  SpringBootTestContextBootstrapper buildDefaultMergedContextConfiguration() - Neither @ContextConfiguration nor @ContextHierarchy found for test class [com.gazbert.bxbot.rest.api.v1.config.TestStrategyConfigController], using SpringBootContextLoader
13382 [Test worker] 2018-01-08 14:56:26,984 INFO  AbstractContextLoader generateDefaultLocations() - Could not detect default resource locations for test class [com.gazbert.bxbot.rest.api.v1.config.TestStrategyConfigController]: no resource found for suffixes {-context.xml, Context.groovy}.
13383 [Test worker] 2018-01-08 14:56:26,985 INFO  AnnotationConfigContextLoaderUtils detectDefaultConfigurationClasses() - Could not detect default configuration classes for test class [com.gazbert.bxbot.rest.api.v1.config.TestStrategyConfigController]: TestStrategyConfigController does not declare any static, non-private, non-final, nested classes annotated with @Configuration.
13386 [Test worker] 2018-01-08 14:56:26,988 INFO  SpringBootTestContextBootstrapper getOrFindConfigurationClasses() - Found @SpringBootConfiguration com.gazbert.bxbot.BXBot for test class com.gazbert.bxbot.rest.api.v1.config.TestStrategyConfigController
13388 [Test worker] 2018-01-08 14:56:26,990 INFO  SpringBootTestContextBootstrapper getDefaultTestExecutionListenerClassNames() - Loaded default TestExecutionListener class names from location [META-INF/spring.factories]: [org.springframework.boot.test.autoconfigure.restdocs.RestDocsTestExecutionListener, org.springframework.boot.test.autoconfigure.web.client.MockRestServiceServerResetTestExecutionListener, org.springframework.boot.test.autoconfigure.web.servlet.MockMvcPrintOnlyOnFailureTestExecutionListener, org.springframework.boot.test.autoconfigure.web.servlet.WebDriverTestExecutionListener, org.springframework.boot.test.mock.mockito.MockitoTestExecutionListener, org.springframework.boot.test.mock.mockito.ResetMocksTestExecutionListener, org.springframework.test.context.web.ServletTestExecutionListener, org.springframework.test.context.support.DirtiesContextBeforeModesTestExecutionListener, org.springframework.test.context.support.DependencyInjectionTestExecutionListener, org.springframework.test.context.support.DirtiesContextTestExecutionListener, org.springframework.test.context.transaction.TransactionalTestExecutionListener, org.springframework.test.context.jdbc.SqlScriptsTestExecutionListener]
13390 [Test worker] 2018-01-08 14:56:26,992 INFO  SpringBootTestContextBootstrapper getTestExecutionListeners() - Using TestExecutionListeners: [org.springframework.test.context.web.ServletTestExecutionListener@1a07107, org.springframework.test.context.support.DirtiesContextBeforeModesTestExecutionListener@129f200, org.springframework.boot.test.autoconfigure.SpringBootDependencyInjectionTestExecutionListener@110c8f3, org.springframework.test.context.support.DirtiesContextTestExecutionListener@1b4dfc4, org.springframework.test.context.transaction.TransactionalTestExecutionListener@19ca23c, org.springframework.test.context.jdbc.SqlScriptsTestExecutionListener@14bf57d, org.springframework.boot.test.autoconfigure.web.servlet.WebDriverTestExecutionListener@efe3b7, org.springframework.boot.test.mock.mockito.ResetMocksTestExecutionListener@1e65991, org.springframework.boot.test.autoconfigure.web.client.MockRestServiceServerResetTestExecutionListener@16b9193, org.springframework.boot.test.mock.mockito.MockitoTestExecutionListener@15f6b9e, org.springframework.boot.test.autoconfigure.restdocs.RestDocsTestExecutionListener@aadf99, org.springframework.boot.test.autoconfigure.web.servlet.MockMvcPrintOnlyOnFailureTestExecutionListener@18939cc]

$$$$$$$\  $$\   $$\        $$\                  $$\
$$  __$$\ $$ |  $$ |       $$ |                 $$ |
$$ |  $$ |\$$\ $$  |       $$$$$$$\   $$$$$$\ $$$$$$\
$$$$$$$\ | \$$$$  /$$$$$$\ $$  __$$\ $$  __$$\\_$$  _|
$$  __$$\  $$  $$< \______|$$ |  $$ |$$ /  $$ | $$ |
$$ |  $$ |$$  /\$$\        $$ |  $$ |$$ |  $$ | $$ |$$\
$$$$$$$  |$$ /  $$ |       $$$$$$$  |\$$$$$$  | \$$$$  |
\_______/ \__|  \__|       \_______/  \______/   \____/

     :: Spring Boot ::        (v1.5.9.RELEASE)

13433 [Test worker] 2018-01-08 14:56:27,035 INFO  TestStrategyConfigController logStarting() - Starting TestStrategyConfigController on ricebook with PID 87824 (started by rocke in C:\Users\rocke\Documents\GitHub\RSquared\bxbot\bxbot-rest-api)
13433 [Test worker] 2018-01-08 14:56:27,035 INFO  TestStrategyConfigController logStartupProfileInfo() - No active profile set, falling back to default profiles: default
13436 [Test worker] 2018-01-08 14:56:27,038 INFO  GenericWebApplicationContext prepareRefresh() - Refreshing org.springframework.web.context.support.GenericWebApplicationContext@d7e3fc: startup date [Mon Jan 08 14:56:27 CST 2018]; root of context hierarchy
14436 [Test worker] 2018-01-08 14:56:28,038 INFO  RequestMappingHandlerAdapter initControllerAdviceCache() - Looking for @ControllerAdvice: org.springframework.web.context.support.GenericWebApplicationContext@d7e3fc: startup date [Mon Jan 08 14:56:27 CST 2018]; root of context hierarchy
14465 [Test worker] 2018-01-08 14:56:28,067 INFO  RequestMappingHandlerMapping register() - Mapped "{[/api/v1/config/email-alerts],methods=[PUT]}" onto public org.springframework.http.ResponseEntity<?> com.gazbert.bxbot.rest.api.v1.config.EmailAlertsConfigController.updateEmailAlerts(org.springframework.security.core.userdetails.User,com.gazbert.bxbot.domain.emailalerts.EmailAlertsConfig)
14466 [Test worker] 2018-01-08 14:56:28,068 INFO  RequestMappingHandlerMapping register() - Mapped "{[/api/v1/config/email-alerts],methods=[GET]}" onto public com.gazbert.bxbot.domain.emailalerts.EmailAlertsConfig com.gazbert.bxbot.rest.api.v1.config.EmailAlertsConfigController.getEmailAlerts(org.springframework.security.core.userdetails.User)
14467 [Test worker] 2018-01-08 14:56:28,069 INFO  RequestMappingHandlerMapping register() - Mapped "{[/api/v1/config/engine],methods=[GET]}" onto public com.gazbert.bxbot.domain.engine.EngineConfig com.gazbert.bxbot.rest.api.v1.config.EngineConfigController.getEngine(org.springframework.security.core.userdetails.User)
14467 [Test worker] 2018-01-08 14:56:28,069 INFO  RequestMappingHandlerMapping register() - Mapped "{[/api/v1/config/engine],methods=[PUT]}" onto public org.springframework.http.ResponseEntity<?> com.gazbert.bxbot.rest.api.v1.config.EngineConfigController.updateEngine(org.springframework.security.core.userdetails.User,com.gazbert.bxbot.domain.engine.EngineConfig)
14468 [Test worker] 2018-01-08 14:56:28,070 INFO  RequestMappingHandlerMapping register() - Mapped "{[/api/v1/config/exchange],methods=[GET]}" onto public com.gazbert.bxbot.domain.exchange.ExchangeConfig com.gazbert.bxbot.rest.api.v1.config.ExchangeConfigController.getExchange(org.springframework.security.core.userdetails.User)
14469 [Test worker] 2018-01-08 14:56:28,071 INFO  RequestMappingHandlerMapping register() - Mapped "{[/api/v1/config/exchange],methods=[PUT]}" onto public org.springframework.http.ResponseEntity<?> com.gazbert.bxbot.rest.api.v1.config.ExchangeConfigController.updateExchange(org.springframework.security.core.userdetails.User,com.gazbert.bxbot.domain.exchange.ExchangeConfig)
14470 [Test worker] 2018-01-08 14:56:28,072 INFO  RequestMappingHandlerMapping register() - Mapped "{[/api/v1/config/markets/{marketId}],methods=[PUT]}" onto public org.springframework.http.ResponseEntity<?> com.gazbert.bxbot.rest.api.v1.config.MarketConfigController.updateMarket(org.springframework.security.core.userdetails.User,java.lang.String,com.gazbert.bxbot.domain.market.MarketConfig)
14470 [Test worker] 2018-01-08 14:56:28,072 INFO  RequestMappingHandlerMapping register() - Mapped "{[/api/v1/config/markets],methods=[POST]}" onto public org.springframework.http.ResponseEntity<?> com.gazbert.bxbot.rest.api.v1.config.MarketConfigController.createMarket(org.springframework.security.core.userdetails.User,com.gazbert.bxbot.domain.market.MarketConfig)
14471 [Test worker] 2018-01-08 14:56:28,073 INFO  RequestMappingHandlerMapping register() - Mapped "{[/api/v1/config/markets/{marketId}],methods=[DELETE]}" onto public org.springframework.http.ResponseEntity<?> com.gazbert.bxbot.rest.api.v1.config.MarketConfigController.deleteMarket(org.springframework.security.core.userdetails.User,java.lang.String)
14472 [Test worker] 2018-01-08 14:56:28,074 INFO  RequestMappingHandlerMapping register() - Mapped "{[/api/v1/config/markets],methods=[GET]}" onto public java.util.List<com.gazbert.bxbot.domain.market.MarketConfig> com.gazbert.bxbot.rest.api.v1.config.MarketConfigController.getAllMarkets(org.springframework.security.core.userdetails.User)
14472 [Test worker] 2018-01-08 14:56:28,074 INFO  RequestMappingHandlerMapping register() - Mapped "{[/api/v1/config/markets/{marketId}],methods=[GET]}" onto public org.springframework.http.ResponseEntity<?> com.gazbert.bxbot.rest.api.v1.config.MarketConfigController.getMarket(org.springframework.security.core.userdetails.User,java.lang.String)
14473 [Test worker] 2018-01-08 14:56:28,075 INFO  RequestMappingHandlerMapping register() - Mapped "{[/api/v1/config/strategies],methods=[POST]}" onto public org.springframework.http.ResponseEntity<?> com.gazbert.bxbot.rest.api.v1.config.StrategyConfigController.createStrategy(org.springframework.security.core.userdetails.User,com.gazbert.bxbot.domain.strategy.StrategyConfig)
14474 [Test worker] 2018-01-08 14:56:28,076 INFO  RequestMappingHandlerMapping register() - Mapped "{[/api/v1/config/strategies/{strategyId}],methods=[GET]}" onto public org.springframework.http.ResponseEntity<?> com.gazbert.bxbot.rest.api.v1.config.StrategyConfigController.getStrategy(org.springframework.security.core.userdetails.User,java.lang.String)
14474 [Test worker] 2018-01-08 14:56:28,076 INFO  RequestMappingHandlerMapping register() - Mapped "{[/api/v1/config/strategies/{strategyId}],methods=[PUT]}" onto public org.springframework.http.ResponseEntity<?> com.gazbert.bxbot.rest.api.v1.config.StrategyConfigController.updateStrategy(org.springframework.security.core.userdetails.User,java.lang.String,com.gazbert.bxbot.domain.strategy.StrategyConfig)
14475 [Test worker] 2018-01-08 14:56:28,077 INFO  RequestMappingHandlerMapping register() - Mapped "{[/api/v1/config/strategies],methods=[GET]}" onto public java.util.List<com.gazbert.bxbot.domain.strategy.StrategyConfig> com.gazbert.bxbot.rest.api.v1.config.StrategyConfigController.getAllStrategies(org.springframework.security.core.userdetails.User)
14475 [Test worker] 2018-01-08 14:56:28,077 INFO  RequestMappingHandlerMapping register() - Mapped "{[/api/v1/config/strategies/{strategyId}],methods=[DELETE]}" onto public org.springframework.http.ResponseEntity<?> com.gazbert.bxbot.rest.api.v1.config.StrategyConfigController.deleteStrategy(org.springframework.security.core.userdetails.User,java.lang.String)
14476 [Test worker] 2018-01-08 14:56:28,078 INFO  RequestMappingHandlerMapping register() - Mapped "{[/api/v1/runtime/status],methods=[GET]}" onto public com.gazbert.bxbot.domain.bot.BotStatus com.gazbert.bxbot.rest.api.v1.runtime.BotStatusController.getStatus(org.springframework.security.core.userdetails.User)
14478 [Test worker] 2018-01-08 14:56:28,080 INFO  RequestMappingHandlerMapping register() - Mapped "{[/error]}" onto public org.springframework.http.ResponseEntity<java.util.Map<java.lang.String, java.lang.Object>> org.springframework.boot.autoconfigure.web.BasicErrorController.error(javax.servlet.http.HttpServletRequest)
14479 [Test worker] 2018-01-08 14:56:28,081 INFO  RequestMappingHandlerMapping register() - Mapped "{[/error],produces=[text/html]}" onto public org.springframework.web.servlet.ModelAndView org.springframework.boot.autoconfigure.web.BasicErrorController.errorHtml(javax.servlet.http.HttpServletRequest,javax.servlet.http.HttpServletResponse)
14513 [Test worker] 2018-01-08 14:56:28,115 INFO  SimpleUrlHandlerMapping registerHandler() - Mapped URL path [/webjars/**] onto handler of type [class org.springframework.web.servlet.resource.ResourceHttpRequestHandler]
14513 [Test worker] 2018-01-08 14:56:28,115 INFO  SimpleUrlHandlerMapping registerHandler() - Mapped URL path [/**] onto handler of type [class org.springframework.web.servlet.resource.ResourceHttpRequestHandler]
14552 [Test worker] 2018-01-08 14:56:28,154 INFO  SimpleUrlHandlerMapping registerHandler() - Mapped URL path [/**/favicon.ico] onto handler of type [class org.springframework.web.servlet.resource.ResourceHttpRequestHandler]
14782 [Test worker] 2018-01-08 14:56:28,384 INFO  DefaultSecurityFilterChain <init>() - Creating filter chain: OrRequestMatcher [requestMatchers=[Ant [pattern='/css/**'], Ant [pattern='/js/**'], Ant [pattern='/images/**'], Ant [pattern='/webjars/**'], Ant [pattern='/**/favicon.ico'], Ant [pattern='/error']]], []
14960 [Test worker] 2018-01-08 14:56:28,562 INFO  DefaultSecurityFilterChain <init>() - Creating filter chain: org.springframework.boot.actuate.autoconfigure.ManagementWebSecurityAutoConfiguration$LazyEndpointPathRequestMatcher@1dd718a, [org.springframework.security.web.context.request.async.WebAsyncManagerIntegrationFilter@1597f11, org.springframework.security.web.context.SecurityContextPersistenceFilter@d82f59, org.springframework.security.web.header.HeaderWriterFilter@1966db1, org.springframework.web.filter.CorsFilter@253839, org.springframework.security.web.authentication.logout.LogoutFilter@7cd1e6, org.springframework.security.web.authentication.www.BasicAuthenticationFilter@5e87e0, org.springframework.security.web.savedrequest.RequestCacheAwareFilter@bf809b, org.springframework.security.web.servletapi.SecurityContextHolderAwareRequestFilter@e89f58, org.springframework.security.web.authentication.AnonymousAuthenticationFilter@aec4da, org.springframework.security.web.session.SessionManagementFilter@84df, org.springframework.security.web.access.ExceptionTranslationFilter@b9539a, org.springframework.security.web.access.intercept.FilterSecurityInterceptor@be6172]
14962 [Test worker] 2018-01-08 14:56:28,564 INFO  DefaultSecurityFilterChain <init>() - Creating filter chain: OrRequestMatcher [requestMatchers=[Ant [pattern='/**']]], [org.springframework.security.web.context.request.async.WebAsyncManagerIntegrationFilter@634177, org.springframework.security.web.context.SecurityContextPersistenceFilter@16a753, org.springframework.security.web.header.HeaderWriterFilter@1fa5c6d, org.springframework.security.web.authentication.logout.LogoutFilter@5674df, org.springframework.security.web.authentication.www.BasicAuthenticationFilter@1036f39, org.springframework.security.web.savedrequest.RequestCacheAwareFilter@12da666, org.springframework.security.web.servletapi.SecurityContextHolderAwareRequestFilter@dd839a, org.springframework.security.web.authentication.AnonymousAuthenticationFilter@a132fd, org.springframework.security.web.session.SessionManagementFilter@1a9795f, org.springframework.security.web.access.ExceptionTranslationFilter@1a2421d, org.springframework.security.web.access.intercept.FilterSecurityInterceptor@efcf2b]
15290 [Test worker] 2018-01-08 14:56:28,892 INFO  TestStrategyConfigController logStarted() - Started TestStrategyConfigController in 1.892 seconds (JVM running for 15.338)
15301 [Test worker] 2018-01-08 14:56:28,903 INFO  SpringBootMockServletContext log() - Initializing Spring FrameworkServlet ''
15301 [Test worker] 2018-01-08 14:56:28,903 INFO  TestDispatcherServlet initServletBean() - FrameworkServlet '': initialization started
15312 [Test worker] 2018-01-08 14:56:28,914 INFO  TestDispatcherServlet initServletBean() - FrameworkServlet '': initialization completed in 10 ms
15321 [Test worker] 2018-01-08 14:56:28,923 INFO  SpringBootMockServletContext log() - Initializing Spring FrameworkServlet ''
15322 [Test worker] 2018-01-08 14:56:28,924 INFO  TestDispatcherServlet initServletBean() - FrameworkServlet '': initialization started
15323 [Test worker] 2018-01-08 14:56:28,925 INFO  TestDispatcherServlet initServletBean() - FrameworkServlet '': initialization completed in 1 ms
15328 [Test worker] 2018-01-08 14:56:28,930 INFO  SpringBootMockServletContext log() - Initializing Spring FrameworkServlet ''
15328 [Test worker] 2018-01-08 14:56:28,930 INFO  TestDispatcherServlet initServletBean() - FrameworkServlet '': initialization started
15332 [Test worker] 2018-01-08 14:56:28,934 INFO  TestDispatcherServlet initServletBean() - FrameworkServlet '': initialization completed in 3 ms
15335 [Test worker] 2018-01-08 14:56:28,937 INFO  StrategyConfigController getStrategy() - GET /strategies/unknown-id - getStrategy() - caller: unit-test-user
15343 [Test worker] 2018-01-08 14:56:28,945 INFO  SpringBootMockServletContext log() - Initializing Spring FrameworkServlet ''
15343 [Test worker] 2018-01-08 14:56:28,945 INFO  TestDispatcherServlet initServletBean() - FrameworkServlet '': initialization started
15345 [Test worker] 2018-01-08 14:56:28,947 INFO  TestDispatcherServlet initServletBean() - FrameworkServlet '': initialization completed in 2 ms
15356 [Test worker] 2018-01-08 14:56:28,958 INFO  SpringBootMockServletContext log() - Initializing Spring FrameworkServlet ''
15356 [Test worker] 2018-01-08 14:56:28,958 INFO  TestDispatcherServlet initServletBean() - FrameworkServlet '': initialization started
15360 [Test worker] 2018-01-08 14:56:28,962 INFO  TestDispatcherServlet initServletBean() - FrameworkServlet '': initialization completed in 3 ms
15365 [Test worker] 2018-01-08 14:56:28,967 INFO  SpringBootMockServletContext log() - Initializing Spring FrameworkServlet ''
15367 [Test worker] 2018-01-08 14:56:28,969 INFO  TestDispatcherServlet initServletBean() - FrameworkServlet '': initialization started
15368 [Test worker] 2018-01-08 14:56:28,970 INFO  TestDispatcherServlet initServletBean() - FrameworkServlet '': initialization completed in 1 ms
15374 [Test worker] 2018-01-08 14:56:28,976 INFO  SpringBootMockServletContext log() - Initializing Spring FrameworkServlet ''
15375 [Test worker] 2018-01-08 14:56:28,977 INFO  TestDispatcherServlet initServletBean() - FrameworkServlet '': initialization started
15378 [Test worker] 2018-01-08 14:56:28,980 INFO  TestDispatcherServlet initServletBean() - FrameworkServlet '': initialization completed in 3 ms
15381 [Test worker] 2018-01-08 14:56:28,983 INFO  StrategyConfigController deleteStrategy() - DELETE /strategies/unknown-id - deleteStrategy() - caller: unit-test-user
15387 [Test worker] 2018-01-08 14:56:28,989 INFO  SpringBootMockServletContext log() - Initializing Spring FrameworkServlet ''
15388 [Test worker] 2018-01-08 14:56:28,990 INFO  TestDispatcherServlet initServletBean() - FrameworkServlet '': initialization started
15391 [Test worker] 2018-01-08 14:56:28,993 INFO  TestDispatcherServlet initServletBean() - FrameworkServlet '': initialization completed in 3 ms
15395 [Test worker] 2018-01-08 14:56:28,997 INFO  StrategyConfigController updateStrategy() - PUT /strategies/unknown-id - updateStrategy() - caller: unit-test-user
15396 [Test worker] 2018-01-08 14:56:28,998 INFO  StrategyConfigController updateStrategy() - Request: StrategyConfig{id=unknown-id, name=MACD Strat Algo, description=Uses MACD as indicator and takes long position in base currency., className=com.gazbert.nova.algos.MacdLongBase, beanName=macdLongBase, configItems={buy-price=671.15, buy-amount=0.5}}
15403 [Test worker] 2018-01-08 14:56:29,005 INFO  SpringBootMockServletContext log() - Initializing Spring FrameworkServlet ''
15403 [Test worker] 2018-01-08 14:56:29,005 INFO  TestDispatcherServlet initServletBean() - FrameworkServlet '': initialization started
15406 [Test worker] 2018-01-08 14:56:29,008 INFO  TestDispatcherServlet initServletBean() - FrameworkServlet '': initialization completed in 2 ms
15410 [Test worker] 2018-01-08 14:56:29,012 INFO  StrategyConfigController updateStrategy() - PUT /strategies/macd-long-position - updateStrategy() - caller: unit-test-user
15411 [Test worker] 2018-01-08 14:56:29,013 INFO  StrategyConfigController updateStrategy() - Request: StrategyConfig{id=macd-long-position, name=MACD Strat Algo, description=Uses MACD as indicator and takes long position in base currency., className=com.gazbert.nova.algos.MacdLongBase, beanName=macdLongBase, configItems={buy-price=671.15, buy-amount=0.5}}
15411 [Test worker] 2018-01-08 14:56:29,013 INFO  AbstractController buildResponseEntity() - Response: StrategyConfig{id=macd-long-position, name=MACD Strat Algo, description=Uses MACD as indicator and takes long position in base currency., className=com.gazbert.nova.algos.MacdLongBase, beanName=macdLongBase, configItems={buy-price=671.15, buy-amount=0.5}}

MockHttpServletRequest:
      HTTP Method = PUT
      Request URI = /api/v1/config/strategies/macd-long-position
       Parameters = {}
          Headers = {Content-Type=[application/json;charset=UTF-8], Authorization=[Basic dW5pdC10ZXN0LXVzZXI6dW5pdC10ZXN0LXBhc3N3b3Jk]}

Handler:
             Type = com.gazbert.bxbot.rest.api.v1.config.StrategyConfigController
           Method = public org.springframework.http.ResponseEntity<?> com.gazbert.bxbot.rest.api.v1.config.StrategyConfigController.updateStrategy(org.springframework.security.core.userdetails.User,java.lang.String,com.gazbert.bxbot.domain.strategy.StrategyConfig)

Async:
    Async started = false
     Async result = null

Resolved Exception:
             Type = null

ModelAndView:
        View name = null
             View = null
            Model = null

FlashMap:
       Attributes = null

MockHttpServletResponse:
           Status = 200
    Error message = null
          Headers = {X-Content-Type-Options=[nosniff], X-XSS-Protection=[1; mode=block], Cache-Control=[no-cache, no-store, max-age=0, must-revalidate], Pragma=[no-cache], Expires=[0], X-Frame-Options=[DENY], Strict-Transport-Security=[max-age=31536000 ; includeSubDomains], Content-Type=[application/json;charset=UTF-8]}
     Content type = application/json;charset=UTF-8
             Body = {"id":"macd-long-position","name":"MACD Strat Algo","description":"Uses MACD as indicator and takes long position in base currency.","className":"com.gazbert.nova.algos.MacdLongBase","beanName":"macdLongBase","configItems":{"buy-price":"671.15","buy-amount":"0.5"}}
    Forwarded URL = null
   Redirected URL = null
          Cookies = []
15419 [Test worker] 2018-01-08 14:56:29,021 INFO  SpringBootMockServletContext log() - Initializing Spring FrameworkServlet ''
15420 [Test worker] 2018-01-08 14:56:29,022 INFO  TestDispatcherServlet initServletBean() - FrameworkServlet '': initialization started
15422 [Test worker] 2018-01-08 14:56:29,024 INFO  TestDispatcherServlet initServletBean() - FrameworkServlet '': initialization completed in 2 ms
15427 [Test worker] 2018-01-08 14:56:29,029 INFO  SpringBootMockServletContext log() - Initializing Spring FrameworkServlet ''
15427 [Test worker] 2018-01-08 14:56:29,029 INFO  TestDispatcherServlet initServletBean() - FrameworkServlet '': initialization started
15430 [Test worker] 2018-01-08 14:56:29,032 INFO  TestDispatcherServlet initServletBean() - FrameworkServlet '': initialization completed in 3 ms
15434 [Test worker] 2018-01-08 14:56:29,036 INFO  SpringBootMockServletContext log() - Initializing Spring FrameworkServlet ''
15435 [Test worker] 2018-01-08 14:56:29,037 INFO  TestDispatcherServlet initServletBean() - FrameworkServlet '': initialization started
15437 [Test worker] 2018-01-08 14:56:29,039 INFO  TestDispatcherServlet initServletBean() - FrameworkServlet '': initialization completed in 2 ms
15439 [Test worker] 2018-01-08 14:56:29,041 INFO  StrategyConfigController createStrategy() - POST /strategies - createStrategy() - caller: unit-test-user
15439 [Test worker] 2018-01-08 14:56:29,041 INFO  StrategyConfigController createStrategy() - Request: StrategyConfig{id=macd-long-position, name=MACD Strat Algo, description=Uses MACD as indicator and takes long position in base currency., className=com.gazbert.nova.algos.MacdLongBase, beanName=macdLongBase, configItems={buy-price=671.15, buy-amount=0.5}}
15440 [Test worker] 2018-01-08 14:56:29,042 INFO  AbstractController buildResponseEntity() - Response: StrategyConfig{id=macd-long-position, name=MACD Strat Algo, description=Uses MACD as indicator and takes long position in base currency., className=com.gazbert.nova.algos.MacdLongBase, beanName=macdLongBase, configItems={buy-price=671.15, buy-amount=0.5}}

MockHttpServletRequest:
      HTTP Method = POST
      Request URI = /api/v1/config/strategies/
       Parameters = {}
          Headers = {Content-Type=[application/json;charset=UTF-8], Authorization=[Basic dW5pdC10ZXN0LXVzZXI6dW5pdC10ZXN0LXBhc3N3b3Jk]}

Handler:
             Type = com.gazbert.bxbot.rest.api.v1.config.StrategyConfigController
           Method = public org.springframework.http.ResponseEntity<?> com.gazbert.bxbot.rest.api.v1.config.StrategyConfigController.createStrategy(org.springframework.security.core.userdetails.User,com.gazbert.bxbot.domain.strategy.StrategyConfig)

Async:
    Async started = false
     Async result = null

Resolved Exception:
             Type = null

ModelAndView:
        View name = null
             View = null
            Model = null

FlashMap:
       Attributes = null

MockHttpServletResponse:
           Status = 201
    Error message = null
          Headers = {X-Content-Type-Options=[nosniff], X-XSS-Protection=[1; mode=block], Cache-Control=[no-cache, no-store, max-age=0, must-revalidate], Pragma=[no-cache], Expires=[0], X-Frame-Options=[DENY], Strict-Transport-Security=[max-age=31536000 ; includeSubDomains], Content-Type=[application/json;charset=UTF-8]}
     Content type = application/json;charset=UTF-8
             Body = {"id":"macd-long-position","name":"MACD Strat Algo","description":"Uses MACD as indicator and takes long position in base currency.","className":"com.gazbert.nova.algos.MacdLongBase","beanName":"macdLongBase","configItems":{"buy-price":"671.15","buy-amount":"0.5"}}
    Forwarded URL = null
   Redirected URL = null
          Cookies = []
15449 [Test worker] 2018-01-08 14:56:29,051 INFO  SpringBootMockServletContext log() - Initializing Spring FrameworkServlet ''
15450 [Test worker] 2018-01-08 14:56:29,052 INFO  TestDispatcherServlet initServletBean() - FrameworkServlet '': initialization started
15453 [Test worker] 2018-01-08 14:56:29,055 INFO  TestDispatcherServlet initServletBean() - FrameworkServlet '': initialization completed in 3 ms
15454 [Test worker] 2018-01-08 14:56:29,056 INFO  StrategyConfigController getAllStrategies() - GET /strategies - getAllStrategies() - caller: unit-test-user
15454 [Test worker] 2018-01-08 14:56:29,056 INFO  StrategyConfigController getAllStrategies() - Response: [StrategyConfig{id=macd-long-position, name=MACD Strat Algo, description=Uses MACD as indicator and takes long position in base currency., className=com.gazbert.nova.algos.MacdLongBase, beanName=macdLongBase, configItems={buy-price=671.15, buy-amount=0.5}}, StrategyConfig{id=long-scalper, name=Long Position Scalper Algo, description=Scalps and goes long..., className=com.gazbert.nova.algos.LongScalper, beanName=longScalper, configItems={buy-price=671.15, buy-amount=0.5}}]

MockHttpServletRequest:
      HTTP Method = GET
      Request URI = /api/v1/config/strategies/
       Parameters = {}
          Headers = {Authorization=[Basic dW5pdC10ZXN0LXVzZXI6dW5pdC10ZXN0LXBhc3N3b3Jk]}

Handler:
             Type = com.gazbert.bxbot.rest.api.v1.config.StrategyConfigController
           Method = public java.util.List<com.gazbert.bxbot.domain.strategy.StrategyConfig> com.gazbert.bxbot.rest.api.v1.config.StrategyConfigController.getAllStrategies(org.springframework.security.core.userdetails.User)

Async:
    Async started = false
     Async result = null

Resolved Exception:
             Type = null

ModelAndView:
        View name = null
             View = null
            Model = null

FlashMap:
       Attributes = null

MockHttpServletResponse:
           Status = 200
    Error message = null
          Headers = {X-Content-Type-Options=[nosniff], X-XSS-Protection=[1; mode=block], Cache-Control=[no-cache, no-store, max-age=0, must-revalidate], Pragma=[no-cache], Expires=[0], X-Frame-Options=[DENY], Strict-Transport-Security=[max-age=31536000 ; includeSubDomains], Content-Type=[application/json;charset=UTF-8]}
     Content type = application/json;charset=UTF-8
             Body = [{"id":"macd-long-position","name":"MACD Strat Algo","description":"Uses MACD as indicator and takes long position in base currency.","className":"com.gazbert.nova.algos.MacdLongBase","beanName":"macdLongBase","configItems":{"buy-price":"671.15","buy-amount":"0.5"}},{"id":"long-scalper","name":"Long Position Scalper Algo","description":"Scalps and goes long...","className":"com.gazbert.nova.algos.LongScalper","beanName":"longScalper","configItems":{"buy-price":"671.15","buy-amount":"0.5"}}]
    Forwarded URL = null
   Redirected URL = null
          Cookies = []
15462 [Test worker] 2018-01-08 14:56:29,064 INFO  SpringBootMockServletContext log() - Initializing Spring FrameworkServlet ''
15462 [Test worker] 2018-01-08 14:56:29,064 INFO  TestDispatcherServlet initServletBean() - FrameworkServlet '': initialization started
15465 [Test worker] 2018-01-08 14:56:29,067 INFO  TestDispatcherServlet initServletBean() - FrameworkServlet '': initialization completed in 2 ms
15471 [Test worker] 2018-01-08 14:56:29,073 INFO  SpringBootMockServletContext log() - Initializing Spring FrameworkServlet ''
15471 [Test worker] 2018-01-08 14:56:29,073 INFO  TestDispatcherServlet initServletBean() - FrameworkServlet '': initialization started
15474 [Test worker] 2018-01-08 14:56:29,076 INFO  TestDispatcherServlet initServletBean() - FrameworkServlet '': initialization completed in 3 ms
15475 [Test worker] 2018-01-08 14:56:29,077 INFO  StrategyConfigController getStrategy() - GET /strategies/macd-long-position - getStrategy() - caller: unit-test-user
15476 [Test worker] 2018-01-08 14:56:29,078 INFO  AbstractController buildResponseEntity() - Response: StrategyConfig{id=macd-long-position, name=MACD Strat Algo, description=Uses MACD as indicator and takes long position in base currency., className=com.gazbert.nova.algos.MacdLongBase, beanName=macdLongBase, configItems={buy-price=671.15, buy-amount=0.5}}

MockHttpServletRequest:
      HTTP Method = GET
      Request URI = /api/v1/config/strategies/macd-long-position
       Parameters = {}
          Headers = {Authorization=[Basic dW5pdC10ZXN0LXVzZXI6dW5pdC10ZXN0LXBhc3N3b3Jk]}

Handler:
             Type = com.gazbert.bxbot.rest.api.v1.config.StrategyConfigController
           Method = public org.springframework.http.ResponseEntity<?> com.gazbert.bxbot.rest.api.v1.config.StrategyConfigController.getStrategy(org.springframework.security.core.userdetails.User,java.lang.String)

Async:
    Async started = false
     Async result = null

Resolved Exception:
             Type = null

ModelAndView:
        View name = null
             View = null
            Model = null

FlashMap:
       Attributes = null

MockHttpServletResponse:
           Status = 200
    Error message = null
          Headers = {X-Content-Type-Options=[nosniff], X-XSS-Protection=[1; mode=block], Cache-Control=[no-cache, no-store, max-age=0, must-revalidate], Pragma=[no-cache], Expires=[0], X-Frame-Options=[DENY], Strict-Transport-Security=[max-age=31536000 ; includeSubDomains], Content-Type=[application/json;charset=UTF-8]}
     Content type = application/json;charset=UTF-8
             Body = {"id":"macd-long-position","name":"MACD Strat Algo","description":"Uses MACD as indicator and takes long position in base currency.","className":"com.gazbert.nova.algos.MacdLongBase","beanName":"macdLongBase","configItems":{"buy-price":"671.15","buy-amount":"0.5"}}
    Forwarded URL = null
   Redirected URL = null
          Cookies = []
15484 [Test worker] 2018-01-08 14:56:29,086 INFO  SpringBootMockServletContext log() - Initializing Spring FrameworkServlet ''
15485 [Test worker] 2018-01-08 14:56:29,087 INFO  TestDispatcherServlet initServletBean() - FrameworkServlet '': initialization started
15487 [Test worker] 2018-01-08 14:56:29,089 INFO  TestDispatcherServlet initServletBean() - FrameworkServlet '': initialization completed in 2 ms
15488 [Test worker] 2018-01-08 14:56:29,090 INFO  StrategyConfigController deleteStrategy() - DELETE /strategies/macd-long-position - deleteStrategy() - caller: unit-test-user
15493 [Test worker] 2018-01-08 14:56:29,095 INFO  SpringBootMockServletContext log() - Initializing Spring FrameworkServlet ''
15493 [Test worker] 2018-01-08 14:56:29,095 INFO  TestDispatcherServlet initServletBean() - FrameworkServlet '': initialization started
15496 [Test worker] 2018-01-08 14:56:29,098 INFO  TestDispatcherServlet initServletBean() - FrameworkServlet '': initialization completed in 3 ms
15497 [Test worker] 2018-01-08 14:56:29,099 INFO  StrategyConfigController updateStrategy() - PUT /strategies/macd-long-position - updateStrategy() - caller: unit-test-user
15498 [Test worker] 2018-01-08 14:56:29,100 INFO  StrategyConfigController updateStrategy() - Request: StrategyConfig{id=null, name=MACD Strat Algo, description=Uses MACD as indicator and takes long position in base currency., className=com.gazbert.nova.algos.MacdLongBase, beanName=macdLongBase, configItems={buy-price=671.15, buy-amount=0.5}}
15505 [Test worker] 2018-01-08 14:56:29,107 INFO  SpringBootMockServletContext log() - Initializing Spring FrameworkServlet ''
15506 [Test worker] 2018-01-08 14:56:29,108 INFO  TestDispatcherServlet initServletBean() - FrameworkServlet '': initialization started
15509 [Test worker] 2018-01-08 14:56:29,111 INFO  TestDispatcherServlet initServletBean() - FrameworkServlet '': initialization completed in 3 ms
15515 [Test worker] 2018-01-08 14:56:29,117 INFO  SpringBootMockServletContext log() - Initializing Spring FrameworkServlet ''
15516 [Test worker] 2018-01-08 14:56:29,118 INFO  TestDispatcherServlet initServletBean() - FrameworkServlet '': initialization started
15518 [Test worker] 2018-01-08 14:56:29,120 INFO  TestDispatcherServlet initServletBean() - FrameworkServlet '': initialization completed in 2 ms
]]></system-out>
  <system-err><![CDATA[]]></system-err>
</testsuite>
