<?xml version="1.0" encoding="UTF-8"?>
<testsuite name="com.gazbert.bxbot.strategies.TestExampleScalpingStrategy" tests="11" skipped="0" failures="0" errors="0" timestamp="2018-01-08T20:56:06" hostname="ricebook" time="0.89">
  <properties/>
  <testcase name="testStrategyHoldsWhenCurrentSellOrderIsNotFilled" classname="com.gazbert.bxbot.strategies.TestExampleScalpingStrategy" time="0.774"/>
  <testcase name="testStrategySendsNewBuyOrderToExchangeWhenCurrentSellOrderFilled" classname="com.gazbert.bxbot.strategies.TestExampleScalpingStrategy" time="0.011"/>
  <testcase name="testStrategySendsInitialBuyOrderWhenItIsFirstCalled" classname="com.gazbert.bxbot.strategies.TestExampleScalpingStrategy" time="0.016"/>
  <testcase name="testStrategyHandlesTradingApiExceptionWhenPlacingSellOrder" classname="com.gazbert.bxbot.strategies.TestExampleScalpingStrategy" time="0.014"/>
  <testcase name="testStrategyHandlesTimeoutExceptionWhenPlacingBuyOrder" classname="com.gazbert.bxbot.strategies.TestExampleScalpingStrategy" time="0.007"/>
  <testcase name="testStrategyHandlesTradingApiExceptionWhenPlacingInitialBuyOrder" classname="com.gazbert.bxbot.strategies.TestExampleScalpingStrategy" time="0.009"/>
  <testcase name="testStrategySendsNewSellOrderToExchangeWhenCurrentBuyOrderFilled" classname="com.gazbert.bxbot.strategies.TestExampleScalpingStrategy" time="0.008"/>
  <testcase name="testStrategyHandlesTimeoutExceptionWhenPlacingSellOrder" classname="com.gazbert.bxbot.strategies.TestExampleScalpingStrategy" time="0.012"/>
  <testcase name="testStrategyHandlesTradingApiExceptionWhenPlacingBuyOrder" classname="com.gazbert.bxbot.strategies.TestExampleScalpingStrategy" time="0.022"/>
  <testcase name="testStrategyHandlesTimeoutExceptionWhenPlacingInitialBuyOrder" classname="com.gazbert.bxbot.strategies.TestExampleScalpingStrategy" time="0.009"/>
  <testcase name="testStrategyHoldsWhenCurrentBuyOrderIsNotFilled" classname="com.gazbert.bxbot.strategies.TestExampleScalpingStrategy" time="0.005"/>
  <system-out><![CDATA[1600 [Test worker] 2018-01-08 14:56:07,064 INFO  ExampleScalpingStrategy init() - Initialising Trading Strategy...
1603 [Test worker] 2018-01-08 14:56:07,067 INFO  ExampleScalpingStrategy getConfigForStrategy() - <counter-currency-buy-order-amount> from config is: 20
1605 [Test worker] 2018-01-08 14:56:07,069 INFO  ExampleScalpingStrategy getConfigForStrategy() - counterCurrencyBuyOrderAmount: 20
1606 [Test worker] 2018-01-08 14:56:07,070 INFO  ExampleScalpingStrategy getConfigForStrategy() - <minimum-percentage-gain> from config is: 2
1607 [Test worker] 2018-01-08 14:56:07,071 INFO  ExampleScalpingStrategy getConfigForStrategy() - minimumPercentageGain in decimal is: 0.02000000
1607 [Test worker] 2018-01-08 14:56:07,071 INFO  ExampleScalpingStrategy init() - Trading Strategy initialised successfully!
1608 [Test worker] 2018-01-08 14:56:07,072 INFO  ExampleScalpingStrategy execute() - BTC_USD Checking order status...
1611 [Test worker] 2018-01-08 14:56:07,075 INFO  ExampleScalpingStrategy execute() - BTC_USD Current BID price=1453.014
1612 [Test worker] 2018-01-08 14:56:07,076 INFO  ExampleScalpingStrategy execute() - BTC_USD Current ASK price=1455.016
1614 [Test worker] 2018-01-08 14:56:07,078 INFO  ExampleScalpingStrategy execute() - BTC_USD Last Order was: EasyMock for class com.gazbert.bxbot.strategies.ExampleScalpingStrategy$OrderState
1616 [Test worker] 2018-01-08 14:56:07,080 ERROR ExampleScalpingStrategy executeAlgoForWhenLastOrderWasSell() - BTC_USD >>> Current ask price [1455.016] is HIGHER than last order price [1454.018] - IMPOSSIBLE! BX-bot must have sold?????
1619 [Test worker] 2018-01-08 14:56:07,083 INFO  ExampleScalpingStrategy init() - Initialising Trading Strategy...
1619 [Test worker] 2018-01-08 14:56:07,083 INFO  ExampleScalpingStrategy getConfigForStrategy() - <counter-currency-buy-order-amount> from config is: 20
1619 [Test worker] 2018-01-08 14:56:07,083 INFO  ExampleScalpingStrategy getConfigForStrategy() - counterCurrencyBuyOrderAmount: 20
1619 [Test worker] 2018-01-08 14:56:07,083 INFO  ExampleScalpingStrategy getConfigForStrategy() - <minimum-percentage-gain> from config is: 2
1620 [Test worker] 2018-01-08 14:56:07,084 INFO  ExampleScalpingStrategy getConfigForStrategy() - minimumPercentageGain in decimal is: 0.02000000
1620 [Test worker] 2018-01-08 14:56:07,084 INFO  ExampleScalpingStrategy init() - Trading Strategy initialised successfully!
1622 [Test worker] 2018-01-08 14:56:07,086 INFO  ExampleScalpingStrategy execute() - BTC_USD Checking order status...
1622 [Test worker] 2018-01-08 14:56:07,086 INFO  ExampleScalpingStrategy execute() - BTC_USD Current BID price=1453.014
1622 [Test worker] 2018-01-08 14:56:07,086 INFO  ExampleScalpingStrategy execute() - BTC_USD Current ASK price=1455.016
1623 [Test worker] 2018-01-08 14:56:07,087 INFO  ExampleScalpingStrategy execute() - BTC_USD Last Order was: EasyMock for class com.gazbert.bxbot.strategies.ExampleScalpingStrategy$OrderState
1623 [Test worker] 2018-01-08 14:56:07,087 INFO  ExampleScalpingStrategy executeAlgoForWhenLastOrderWasSell() - BTC_USD ^^^ Yay!!! Last SELL Order Id [45345346] filled at [1454.018]
1623 [Test worker] 2018-01-08 14:56:07,087 INFO  ExampleScalpingStrategy getAmountOfBaseCurrencyToBuyForGivenCounterCurrencyAmount() - BTC_USD Calculating amount of base currency (BTC) to buy for amount of counter currency 20 USD
1625 [Test worker] 2018-01-08 14:56:07,089 INFO  ExampleScalpingStrategy getAmountOfBaseCurrencyToBuyForGivenCounterCurrencyAmount() - BTC_USD Last trade price for 1 BTC was: 0.015 USD
1626 [Test worker] 2018-01-08 14:56:07,090 INFO  ExampleScalpingStrategy getAmountOfBaseCurrencyToBuyForGivenCounterCurrencyAmount() - BTC_USD Amount of base currency (BTC) to BUY for 20 USD based on last market trade price: 1333.33333333
1627 [Test worker] 2018-01-08 14:56:07,091 INFO  ExampleScalpingStrategy executeAlgoForWhenLastOrderWasSell() - BTC_USD Placing new BUY order at bid price [1453.014]
1628 [Test worker] 2018-01-08 14:56:07,092 INFO  ExampleScalpingStrategy executeAlgoForWhenLastOrderWasSell() - BTC_USD Sending new BUY order to exchange --->
1629 [Test worker] 2018-01-08 14:56:07,093 INFO  ExampleScalpingStrategy executeAlgoForWhenLastOrderWasSell() - BTC_USD New BUY Order sent successfully. ID: 4239407233
1631 [Test worker] 2018-01-08 14:56:07,095 INFO  ExampleScalpingStrategy init() - Initialising Trading Strategy...
1631 [Test worker] 2018-01-08 14:56:07,095 INFO  ExampleScalpingStrategy getConfigForStrategy() - <counter-currency-buy-order-amount> from config is: 20
1632 [Test worker] 2018-01-08 14:56:07,096 INFO  ExampleScalpingStrategy getConfigForStrategy() - counterCurrencyBuyOrderAmount: 20
1632 [Test worker] 2018-01-08 14:56:07,096 INFO  ExampleScalpingStrategy getConfigForStrategy() - <minimum-percentage-gain> from config is: 2
1633 [Test worker] 2018-01-08 14:56:07,097 INFO  ExampleScalpingStrategy getConfigForStrategy() - minimumPercentageGain in decimal is: 0.02000000
1633 [Test worker] 2018-01-08 14:56:07,097 INFO  ExampleScalpingStrategy init() - Trading Strategy initialised successfully!
1633 [Test worker] 2018-01-08 14:56:07,097 INFO  ExampleScalpingStrategy execute() - BTC_USD Checking order status...
1634 [Test worker] 2018-01-08 14:56:07,098 INFO  ExampleScalpingStrategy execute() - BTC_USD Current BID price=1453.014
1635 [Test worker] 2018-01-08 14:56:07,099 INFO  ExampleScalpingStrategy execute() - BTC_USD Current ASK price=1455.016
1637 [Test worker] 2018-01-08 14:56:07,101 INFO  ExampleScalpingStrategy execute() - BTC_USD First time Strategy has been called - creating new OrderState object.
1642 [Test worker] 2018-01-08 14:56:07,106 INFO  ExampleScalpingStrategy execute() - BTC_USD Last Order was: OrderState{id=null, type=null, price=0, amount=0}
1643 [Test worker] 2018-01-08 14:56:07,107 INFO  ExampleScalpingStrategy executeAlgoForWhenLastOrderWasNone() - BTC_USD OrderType is NONE - placing new BUY order at [1453.014]
1643 [Test worker] 2018-01-08 14:56:07,107 INFO  ExampleScalpingStrategy getAmountOfBaseCurrencyToBuyForGivenCounterCurrencyAmount() - BTC_USD Calculating amount of base currency (BTC) to buy for amount of counter currency 20 USD
1643 [Test worker] 2018-01-08 14:56:07,107 INFO  ExampleScalpingStrategy getAmountOfBaseCurrencyToBuyForGivenCounterCurrencyAmount() - BTC_USD Last trade price for 1 BTC was: 1454.018 USD
1644 [Test worker] 2018-01-08 14:56:07,108 INFO  ExampleScalpingStrategy getAmountOfBaseCurrencyToBuyForGivenCounterCurrencyAmount() - BTC_USD Amount of base currency (BTC) to BUY for 20 USD based on last market trade price: 0.01375499
1644 [Test worker] 2018-01-08 14:56:07,108 INFO  ExampleScalpingStrategy executeAlgoForWhenLastOrderWasNone() - BTC_USD Sending initial BUY order to exchange --->
1645 [Test worker] 2018-01-08 14:56:07,109 INFO  ExampleScalpingStrategy executeAlgoForWhenLastOrderWasNone() - BTC_USD Initial BUY Order sent successfully. ID: 4239407233
1647 [Test worker] 2018-01-08 14:56:07,111 INFO  ExampleScalpingStrategy init() - Initialising Trading Strategy...
1647 [Test worker] 2018-01-08 14:56:07,111 INFO  ExampleScalpingStrategy getConfigForStrategy() - <counter-currency-buy-order-amount> from config is: 20
1647 [Test worker] 2018-01-08 14:56:07,111 INFO  ExampleScalpingStrategy getConfigForStrategy() - counterCurrencyBuyOrderAmount: 20
1648 [Test worker] 2018-01-08 14:56:07,112 INFO  ExampleScalpingStrategy getConfigForStrategy() - <minimum-percentage-gain> from config is: 2
1648 [Test worker] 2018-01-08 14:56:07,112 INFO  ExampleScalpingStrategy getConfigForStrategy() - minimumPercentageGain in decimal is: 0.02000000
1648 [Test worker] 2018-01-08 14:56:07,112 INFO  ExampleScalpingStrategy init() - Trading Strategy initialised successfully!
1649 [Test worker] 2018-01-08 14:56:07,113 INFO  ExampleScalpingStrategy execute() - BTC_USD Checking order status...
1649 [Test worker] 2018-01-08 14:56:07,113 INFO  ExampleScalpingStrategy execute() - BTC_USD Current BID price=1453.014
1650 [Test worker] 2018-01-08 14:56:07,114 INFO  ExampleScalpingStrategy execute() - BTC_USD Current ASK price=1455.016
1650 [Test worker] 2018-01-08 14:56:07,114 INFO  ExampleScalpingStrategy execute() - BTC_USD Last Order was: EasyMock for class com.gazbert.bxbot.strategies.ExampleScalpingStrategy$OrderState
1651 [Test worker] 2018-01-08 14:56:07,115 INFO  ExampleScalpingStrategy executeAlgoForWhenLastOrderWasBuy() - BTC_USD ^^^ Yay!!! Last BUY Order Id [45345346] filled at [1454.018]
1651 [Test worker] 2018-01-08 14:56:07,115 INFO  ExampleScalpingStrategy executeAlgoForWhenLastOrderWasBuy() - BTC_USD Percentage profit (in decimal) to make for the sell order is: 0.02000000
1652 [Test worker] 2018-01-08 14:56:07,116 INFO  ExampleScalpingStrategy executeAlgoForWhenLastOrderWasBuy() - BTC_USD Amount to add to last buy order fill price: 29.08036000000
1653 [Test worker] 2018-01-08 14:56:07,117 INFO  ExampleScalpingStrategy executeAlgoForWhenLastOrderWasBuy() - BTC_USD Placing new SELL order at ask price [1483.09836]
1654 [Test worker] 2018-01-08 14:56:07,118 INFO  ExampleScalpingStrategy executeAlgoForWhenLastOrderWasBuy() - BTC_USD Sending new SELL order to exchange --->
1654 [Test worker] 2018-01-08 14:56:07,118 ERROR ExampleScalpingStrategy executeAlgoForWhenLastOrderWasBuy() - BTC_USD New order to SELL base currency failed because Exchange threw TradingApi exception.  Telling Trading Engine to shutdown bot! Last Order: EasyMock for class com.gazbert.bxbot.strategies.ExampleScalpingStrategy$OrderState
com.gazbert.bxbot.trading.api.TradingApiException: Exchange returned a 500 status code!
	at org.easymock.internal.MockInvocationHandler.invoke(MockInvocationHandler.java:46) ~[easymock-3.5.1.jar:3.5.1]
	at org.easymock.internal.ObjectMethodsFilter.invoke(ObjectMethodsFilter.java:94) ~[easymock-3.5.1.jar:3.5.1]
	at com.sun.proxy.$Proxy8.createOrder(Unknown Source) ~[?:?]
	at com.gazbert.bxbot.strategies.ExampleScalpingStrategy.executeAlgoForWhenLastOrderWasBuy(ExampleScalpingStrategy.java:371) [main/:?]
	at com.gazbert.bxbot.strategies.ExampleScalpingStrategy.execute(ExampleScalpingStrategy.java:234) [main/:?]
	at com.gazbert.bxbot.strategies.TestExampleScalpingStrategy.testStrategyHandlesTradingApiExceptionWhenPlacingSellOrder(TestExampleScalpingStrategy.java:656) [test/:?]
	at sun.reflect.NativeMethodAccessorImpl.invoke0(Native Method) ~[?:1.8.0_144]
	at sun.reflect.NativeMethodAccessorImpl.invoke(NativeMethodAccessorImpl.java:62) ~[?:1.8.0_144]
	at sun.reflect.DelegatingMethodAccessorImpl.invoke(DelegatingMethodAccessorImpl.java:43) ~[?:1.8.0_144]
	at java.lang.reflect.Method.invoke(Method.java:498) ~[?:1.8.0_144]
	at org.junit.runners.model.FrameworkMethod$1.runReflectiveCall(FrameworkMethod.java:50) [junit-4.12.jar:4.12]
	at org.junit.internal.runners.model.ReflectiveCallable.run(ReflectiveCallable.java:12) [junit-4.12.jar:4.12]
	at org.junit.runners.model.FrameworkMethod.invokeExplosively(FrameworkMethod.java:47) [junit-4.12.jar:4.12]
	at org.junit.internal.runners.statements.InvokeMethod.evaluate(InvokeMethod.java:17) [junit-4.12.jar:4.12]
	at org.junit.internal.runners.statements.ExpectException.evaluate(ExpectException.java:19) [junit-4.12.jar:4.12]
	at org.junit.internal.runners.statements.RunBefores.evaluate(RunBefores.java:26) [junit-4.12.jar:4.12]
	at org.junit.runners.ParentRunner.runLeaf(ParentRunner.java:325) [junit-4.12.jar:4.12]
	at org.junit.runners.BlockJUnit4ClassRunner.runChild(BlockJUnit4ClassRunner.java:78) [junit-4.12.jar:4.12]
	at org.junit.runners.BlockJUnit4ClassRunner.runChild(BlockJUnit4ClassRunner.java:57) [junit-4.12.jar:4.12]
	at org.junit.runners.ParentRunner$3.run(ParentRunner.java:290) [junit-4.12.jar:4.12]
	at org.junit.runners.ParentRunner$1.schedule(ParentRunner.java:71) [junit-4.12.jar:4.12]
	at org.junit.runners.ParentRunner.runChildren(ParentRunner.java:288) [junit-4.12.jar:4.12]
	at org.junit.runners.ParentRunner.access$000(ParentRunner.java:58) [junit-4.12.jar:4.12]
	at org.junit.runners.ParentRunner$2.evaluate(ParentRunner.java:268) [junit-4.12.jar:4.12]
	at org.junit.runners.ParentRunner.run(ParentRunner.java:363) [junit-4.12.jar:4.12]
	at org.gradle.api.internal.tasks.testing.junit.JUnitTestClassExecuter.runTestClass(JUnitTestClassExecuter.java:114) [gradle-testing-jvm-4.4.1.jar:4.4.1]
	at org.gradle.api.internal.tasks.testing.junit.JUnitTestClassExecuter.execute(JUnitTestClassExecuter.java:57) [gradle-testing-jvm-4.4.1.jar:4.4.1]
	at org.gradle.api.internal.tasks.testing.junit.JUnitTestClassProcessor.processTestClass(JUnitTestClassProcessor.java:66) [gradle-testing-jvm-4.4.1.jar:4.4.1]
	at org.gradle.api.internal.tasks.testing.SuiteTestClassProcessor.processTestClass(SuiteTestClassProcessor.java:51) [gradle-testing-base-4.4.1.jar:4.4.1]
	at sun.reflect.NativeMethodAccessorImpl.invoke0(Native Method) ~[?:1.8.0_144]
	at sun.reflect.NativeMethodAccessorImpl.invoke(NativeMethodAccessorImpl.java:62) ~[?:1.8.0_144]
	at sun.reflect.DelegatingMethodAccessorImpl.invoke(DelegatingMethodAccessorImpl.java:43) ~[?:1.8.0_144]
	at java.lang.reflect.Method.invoke(Method.java:498) ~[?:1.8.0_144]
	at org.gradle.internal.dispatch.ReflectionDispatch.dispatch(ReflectionDispatch.java:35) [gradle-messaging-4.4.1.jar:4.4.1]
	at org.gradle.internal.dispatch.ReflectionDispatch.dispatch(ReflectionDispatch.java:24) [gradle-messaging-4.4.1.jar:4.4.1]
	at org.gradle.internal.dispatch.ContextClassLoaderDispatch.dispatch(ContextClassLoaderDispatch.java:32) [gradle-messaging-4.4.1.jar:4.4.1]
	at org.gradle.internal.dispatch.ProxyDispatchAdapter$DispatchingInvocationHandler.invoke(ProxyDispatchAdapter.java:93) [gradle-messaging-4.4.1.jar:4.4.1]
	at com.sun.proxy.$Proxy1.processTestClass(Unknown Source) [?:?]
	at org.gradle.api.internal.tasks.testing.worker.TestWorker.processTestClass(TestWorker.java:108) [gradle-testing-base-4.4.1.jar:4.4.1]
	at sun.reflect.NativeMethodAccessorImpl.invoke0(Native Method) ~[?:1.8.0_144]
	at sun.reflect.NativeMethodAccessorImpl.invoke(NativeMethodAccessorImpl.java:62) ~[?:1.8.0_144]
	at sun.reflect.DelegatingMethodAccessorImpl.invoke(DelegatingMethodAccessorImpl.java:43) ~[?:1.8.0_144]
	at java.lang.reflect.Method.invoke(Method.java:498) ~[?:1.8.0_144]
	at org.gradle.internal.dispatch.ReflectionDispatch.dispatch(ReflectionDispatch.java:35) [gradle-messaging-4.4.1.jar:4.4.1]
	at org.gradle.internal.dispatch.ReflectionDispatch.dispatch(ReflectionDispatch.java:24) [gradle-messaging-4.4.1.jar:4.4.1]
	at org.gradle.internal.remote.internal.hub.MessageHubBackedObjectConnection$DispatchWrapper.dispatch(MessageHubBackedObjectConnection.java:146) [gradle-messaging-4.4.1.jar:4.4.1]
	at org.gradle.internal.remote.internal.hub.MessageHubBackedObjectConnection$DispatchWrapper.dispatch(MessageHubBackedObjectConnection.java:128) [gradle-messaging-4.4.1.jar:4.4.1]
	at org.gradle.internal.remote.internal.hub.MessageHub$Handler.run(MessageHub.java:404) [gradle-messaging-4.4.1.jar:4.4.1]
	at org.gradle.internal.concurrent.ExecutorPolicy$CatchAndRecordFailures.onExecute(ExecutorPolicy.java:63) [gradle-base-services-4.4.1.jar:4.4.1]
	at org.gradle.internal.concurrent.ManagedExecutorImpl$1.run(ManagedExecutorImpl.java:46) [gradle-base-services-4.4.1.jar:4.4.1]
	at java.util.concurrent.ThreadPoolExecutor.runWorker(ThreadPoolExecutor.java:1149) [?:1.8.0_144]
	at java.util.concurrent.ThreadPoolExecutor$Worker.run(ThreadPoolExecutor.java:624) [?:1.8.0_144]
	at org.gradle.internal.concurrent.ThreadFactoryImpl$ManagedThreadRunnable.run(ThreadFactoryImpl.java:55) [gradle-base-services-4.4.1.jar:4.4.1]
	at java.lang.Thread.run(Thread.java:748) [?:1.8.0_144]
1661 [Test worker] 2018-01-08 14:56:07,125 INFO  ExampleScalpingStrategy init() - Initialising Trading Strategy...
1661 [Test worker] 2018-01-08 14:56:07,125 INFO  ExampleScalpingStrategy getConfigForStrategy() - <counter-currency-buy-order-amount> from config is: 20
1661 [Test worker] 2018-01-08 14:56:07,125 INFO  ExampleScalpingStrategy getConfigForStrategy() - counterCurrencyBuyOrderAmount: 20
1662 [Test worker] 2018-01-08 14:56:07,126 INFO  ExampleScalpingStrategy getConfigForStrategy() - <minimum-percentage-gain> from config is: 2
1662 [Test worker] 2018-01-08 14:56:07,126 INFO  ExampleScalpingStrategy getConfigForStrategy() - minimumPercentageGain in decimal is: 0.02000000
1662 [Test worker] 2018-01-08 14:56:07,126 INFO  ExampleScalpingStrategy init() - Trading Strategy initialised successfully!
1662 [Test worker] 2018-01-08 14:56:07,126 INFO  ExampleScalpingStrategy execute() - BTC_USD Checking order status...
1662 [Test worker] 2018-01-08 14:56:07,126 INFO  ExampleScalpingStrategy execute() - BTC_USD Current BID price=1453.014
1663 [Test worker] 2018-01-08 14:56:07,127 INFO  ExampleScalpingStrategy execute() - BTC_USD Current ASK price=1455.016
1663 [Test worker] 2018-01-08 14:56:07,127 INFO  ExampleScalpingStrategy execute() - BTC_USD Last Order was: EasyMock for class com.gazbert.bxbot.strategies.ExampleScalpingStrategy$OrderState
1663 [Test worker] 2018-01-08 14:56:07,127 INFO  ExampleScalpingStrategy executeAlgoForWhenLastOrderWasSell() - BTC_USD ^^^ Yay!!! Last SELL Order Id [45345346] filled at [1454.018]
1663 [Test worker] 2018-01-08 14:56:07,127 INFO  ExampleScalpingStrategy getAmountOfBaseCurrencyToBuyForGivenCounterCurrencyAmount() - BTC_USD Calculating amount of base currency (BTC) to buy for amount of counter currency 20 USD
1664 [Test worker] 2018-01-08 14:56:07,128 INFO  ExampleScalpingStrategy getAmountOfBaseCurrencyToBuyForGivenCounterCurrencyAmount() - BTC_USD Last trade price for 1 BTC was: 0.015 USD
1664 [Test worker] 2018-01-08 14:56:07,128 INFO  ExampleScalpingStrategy getAmountOfBaseCurrencyToBuyForGivenCounterCurrencyAmount() - BTC_USD Amount of base currency (BTC) to BUY for 20 USD based on last market trade price: 1333.33333333
1664 [Test worker] 2018-01-08 14:56:07,128 INFO  ExampleScalpingStrategy executeAlgoForWhenLastOrderWasSell() - BTC_USD Placing new BUY order at bid price [1453.014]
1664 [Test worker] 2018-01-08 14:56:07,128 INFO  ExampleScalpingStrategy executeAlgoForWhenLastOrderWasSell() - BTC_USD Sending new BUY order to exchange --->
1665 [Test worker] 2018-01-08 14:56:07,129 ERROR ExampleScalpingStrategy executeAlgoForWhenLastOrderWasSell() - BTC_USD New Order to BUY base currency failed because Exchange threw network exception. Waiting until next trade cycle. Last Order: EasyMock for class com.gazbert.bxbot.strategies.ExampleScalpingStrategy$OrderState
com.gazbert.bxbot.trading.api.ExchangeNetworkException: Timeout waiting for exchange!
	at org.easymock.internal.MockInvocationHandler.invoke(MockInvocationHandler.java:46) ~[easymock-3.5.1.jar:3.5.1]
	at org.easymock.internal.ObjectMethodsFilter.invoke(ObjectMethodsFilter.java:94) ~[easymock-3.5.1.jar:3.5.1]
	at com.sun.proxy.$Proxy8.createOrder(Unknown Source) ~[?:?]
	at com.gazbert.bxbot.strategies.ExampleScalpingStrategy.executeAlgoForWhenLastOrderWasSell(ExampleScalpingStrategy.java:450) [main/:?]
	at com.gazbert.bxbot.strategies.ExampleScalpingStrategy.execute(ExampleScalpingStrategy.java:237) [main/:?]
	at com.gazbert.bxbot.strategies.TestExampleScalpingStrategy.testStrategyHandlesTimeoutExceptionWhenPlacingBuyOrder(TestExampleScalpingStrategy.java:451) [test/:?]
	at sun.reflect.NativeMethodAccessorImpl.invoke0(Native Method) ~[?:1.8.0_144]
	at sun.reflect.NativeMethodAccessorImpl.invoke(NativeMethodAccessorImpl.java:62) ~[?:1.8.0_144]
	at sun.reflect.DelegatingMethodAccessorImpl.invoke(DelegatingMethodAccessorImpl.java:43) ~[?:1.8.0_144]
	at java.lang.reflect.Method.invoke(Method.java:498) ~[?:1.8.0_144]
	at org.junit.runners.model.FrameworkMethod$1.runReflectiveCall(FrameworkMethod.java:50) [junit-4.12.jar:4.12]
	at org.junit.internal.runners.model.ReflectiveCallable.run(ReflectiveCallable.java:12) [junit-4.12.jar:4.12]
	at org.junit.runners.model.FrameworkMethod.invokeExplosively(FrameworkMethod.java:47) [junit-4.12.jar:4.12]
	at org.junit.internal.runners.statements.InvokeMethod.evaluate(InvokeMethod.java:17) [junit-4.12.jar:4.12]
	at org.junit.internal.runners.statements.RunBefores.evaluate(RunBefores.java:26) [junit-4.12.jar:4.12]
	at org.junit.runners.ParentRunner.runLeaf(ParentRunner.java:325) [junit-4.12.jar:4.12]
	at org.junit.runners.BlockJUnit4ClassRunner.runChild(BlockJUnit4ClassRunner.java:78) [junit-4.12.jar:4.12]
	at org.junit.runners.BlockJUnit4ClassRunner.runChild(BlockJUnit4ClassRunner.java:57) [junit-4.12.jar:4.12]
	at org.junit.runners.ParentRunner$3.run(ParentRunner.java:290) [junit-4.12.jar:4.12]
	at org.junit.runners.ParentRunner$1.schedule(ParentRunner.java:71) [junit-4.12.jar:4.12]
	at org.junit.runners.ParentRunner.runChildren(ParentRunner.java:288) [junit-4.12.jar:4.12]
	at org.junit.runners.ParentRunner.access$000(ParentRunner.java:58) [junit-4.12.jar:4.12]
	at org.junit.runners.ParentRunner$2.evaluate(ParentRunner.java:268) [junit-4.12.jar:4.12]
	at org.junit.runners.ParentRunner.run(ParentRunner.java:363) [junit-4.12.jar:4.12]
	at org.gradle.api.internal.tasks.testing.junit.JUnitTestClassExecuter.runTestClass(JUnitTestClassExecuter.java:114) [gradle-testing-jvm-4.4.1.jar:4.4.1]
	at org.gradle.api.internal.tasks.testing.junit.JUnitTestClassExecuter.execute(JUnitTestClassExecuter.java:57) [gradle-testing-jvm-4.4.1.jar:4.4.1]
	at org.gradle.api.internal.tasks.testing.junit.JUnitTestClassProcessor.processTestClass(JUnitTestClassProcessor.java:66) [gradle-testing-jvm-4.4.1.jar:4.4.1]
	at org.gradle.api.internal.tasks.testing.SuiteTestClassProcessor.processTestClass(SuiteTestClassProcessor.java:51) [gradle-testing-base-4.4.1.jar:4.4.1]
	at sun.reflect.NativeMethodAccessorImpl.invoke0(Native Method) ~[?:1.8.0_144]
	at sun.reflect.NativeMethodAccessorImpl.invoke(NativeMethodAccessorImpl.java:62) ~[?:1.8.0_144]
	at sun.reflect.DelegatingMethodAccessorImpl.invoke(DelegatingMethodAccessorImpl.java:43) ~[?:1.8.0_144]
	at java.lang.reflect.Method.invoke(Method.java:498) ~[?:1.8.0_144]
	at org.gradle.internal.dispatch.ReflectionDispatch.dispatch(ReflectionDispatch.java:35) [gradle-messaging-4.4.1.jar:4.4.1]
	at org.gradle.internal.dispatch.ReflectionDispatch.dispatch(ReflectionDispatch.java:24) [gradle-messaging-4.4.1.jar:4.4.1]
	at org.gradle.internal.dispatch.ContextClassLoaderDispatch.dispatch(ContextClassLoaderDispatch.java:32) [gradle-messaging-4.4.1.jar:4.4.1]
	at org.gradle.internal.dispatch.ProxyDispatchAdapter$DispatchingInvocationHandler.invoke(ProxyDispatchAdapter.java:93) [gradle-messaging-4.4.1.jar:4.4.1]
	at com.sun.proxy.$Proxy1.processTestClass(Unknown Source) [?:?]
	at org.gradle.api.internal.tasks.testing.worker.TestWorker.processTestClass(TestWorker.java:108) [gradle-testing-base-4.4.1.jar:4.4.1]
	at sun.reflect.NativeMethodAccessorImpl.invoke0(Native Method) ~[?:1.8.0_144]
	at sun.reflect.NativeMethodAccessorImpl.invoke(NativeMethodAccessorImpl.java:62) ~[?:1.8.0_144]
	at sun.reflect.DelegatingMethodAccessorImpl.invoke(DelegatingMethodAccessorImpl.java:43) ~[?:1.8.0_144]
	at java.lang.reflect.Method.invoke(Method.java:498) ~[?:1.8.0_144]
	at org.gradle.internal.dispatch.ReflectionDispatch.dispatch(ReflectionDispatch.java:35) [gradle-messaging-4.4.1.jar:4.4.1]
	at org.gradle.internal.dispatch.ReflectionDispatch.dispatch(ReflectionDispatch.java:24) [gradle-messaging-4.4.1.jar:4.4.1]
	at org.gradle.internal.remote.internal.hub.MessageHubBackedObjectConnection$DispatchWrapper.dispatch(MessageHubBackedObjectConnection.java:146) [gradle-messaging-4.4.1.jar:4.4.1]
	at org.gradle.internal.remote.internal.hub.MessageHubBackedObjectConnection$DispatchWrapper.dispatch(MessageHubBackedObjectConnection.java:128) [gradle-messaging-4.4.1.jar:4.4.1]
	at org.gradle.internal.remote.internal.hub.MessageHub$Handler.run(MessageHub.java:404) [gradle-messaging-4.4.1.jar:4.4.1]
	at org.gradle.internal.concurrent.ExecutorPolicy$CatchAndRecordFailures.onExecute(ExecutorPolicy.java:63) [gradle-base-services-4.4.1.jar:4.4.1]
	at org.gradle.internal.concurrent.ManagedExecutorImpl$1.run(ManagedExecutorImpl.java:46) [gradle-base-services-4.4.1.jar:4.4.1]
	at java.util.concurrent.ThreadPoolExecutor.runWorker(ThreadPoolExecutor.java:1149) [?:1.8.0_144]
	at java.util.concurrent.ThreadPoolExecutor$Worker.run(ThreadPoolExecutor.java:624) [?:1.8.0_144]
	at org.gradle.internal.concurrent.ThreadFactoryImpl$ManagedThreadRunnable.run(ThreadFactoryImpl.java:55) [gradle-base-services-4.4.1.jar:4.4.1]
	at java.lang.Thread.run(Thread.java:748) [?:1.8.0_144]
1668 [Test worker] 2018-01-08 14:56:07,132 INFO  ExampleScalpingStrategy init() - Initialising Trading Strategy...
1668 [Test worker] 2018-01-08 14:56:07,132 INFO  ExampleScalpingStrategy getConfigForStrategy() - <counter-currency-buy-order-amount> from config is: 20
1669 [Test worker] 2018-01-08 14:56:07,133 INFO  ExampleScalpingStrategy getConfigForStrategy() - counterCurrencyBuyOrderAmount: 20
1669 [Test worker] 2018-01-08 14:56:07,133 INFO  ExampleScalpingStrategy getConfigForStrategy() - <minimum-percentage-gain> from config is: 2
1669 [Test worker] 2018-01-08 14:56:07,133 INFO  ExampleScalpingStrategy getConfigForStrategy() - minimumPercentageGain in decimal is: 0.02000000
1669 [Test worker] 2018-01-08 14:56:07,133 INFO  ExampleScalpingStrategy init() - Trading Strategy initialised successfully!
1670 [Test worker] 2018-01-08 14:56:07,134 INFO  ExampleScalpingStrategy execute() - BTC_USD Checking order status...
1670 [Test worker] 2018-01-08 14:56:07,134 INFO  ExampleScalpingStrategy execute() - BTC_USD Current BID price=1453.014
1670 [Test worker] 2018-01-08 14:56:07,134 INFO  ExampleScalpingStrategy execute() - BTC_USD Current ASK price=1455.016
1671 [Test worker] 2018-01-08 14:56:07,135 INFO  ExampleScalpingStrategy execute() - BTC_USD First time Strategy has been called - creating new OrderState object.
1671 [Test worker] 2018-01-08 14:56:07,135 INFO  ExampleScalpingStrategy execute() - BTC_USD Last Order was: OrderState{id=null, type=null, price=0, amount=0}
1672 [Test worker] 2018-01-08 14:56:07,136 INFO  ExampleScalpingStrategy executeAlgoForWhenLastOrderWasNone() - BTC_USD OrderType is NONE - placing new BUY order at [1453.014]
1672 [Test worker] 2018-01-08 14:56:07,136 INFO  ExampleScalpingStrategy getAmountOfBaseCurrencyToBuyForGivenCounterCurrencyAmount() - BTC_USD Calculating amount of base currency (BTC) to buy for amount of counter currency 20 USD
1672 [Test worker] 2018-01-08 14:56:07,136 INFO  ExampleScalpingStrategy getAmountOfBaseCurrencyToBuyForGivenCounterCurrencyAmount() - BTC_USD Last trade price for 1 BTC was: 1454.018 USD
1673 [Test worker] 2018-01-08 14:56:07,137 INFO  ExampleScalpingStrategy getAmountOfBaseCurrencyToBuyForGivenCounterCurrencyAmount() - BTC_USD Amount of base currency (BTC) to BUY for 20 USD based on last market trade price: 0.01375499
1673 [Test worker] 2018-01-08 14:56:07,137 INFO  ExampleScalpingStrategy executeAlgoForWhenLastOrderWasNone() - BTC_USD Sending initial BUY order to exchange --->
1673 [Test worker] 2018-01-08 14:56:07,137 ERROR ExampleScalpingStrategy executeAlgoForWhenLastOrderWasNone() - BTC_USD Initial order to BUY base currency failed because Exchange threw TradingApi exception.  Telling Trading Engine to shutdown bot!
com.gazbert.bxbot.trading.api.TradingApiException: Exchange returned a 500 status code!
	at org.easymock.internal.MockInvocationHandler.invoke(MockInvocationHandler.java:46) ~[easymock-3.5.1.jar:3.5.1]
	at org.easymock.internal.ObjectMethodsFilter.invoke(ObjectMethodsFilter.java:94) ~[easymock-3.5.1.jar:3.5.1]
	at com.sun.proxy.$Proxy8.createOrder(Unknown Source) ~[?:?]
	at com.gazbert.bxbot.strategies.ExampleScalpingStrategy.executeAlgoForWhenLastOrderWasNone(ExampleScalpingStrategy.java:280) [main/:?]
	at com.gazbert.bxbot.strategies.ExampleScalpingStrategy.execute(ExampleScalpingStrategy.java:240) [main/:?]
	at com.gazbert.bxbot.strategies.TestExampleScalpingStrategy.testStrategyHandlesTradingApiExceptionWhenPlacingInitialBuyOrder(TestExampleScalpingStrategy.java:546) [test/:?]
	at sun.reflect.NativeMethodAccessorImpl.invoke0(Native Method) ~[?:1.8.0_144]
	at sun.reflect.NativeMethodAccessorImpl.invoke(NativeMethodAccessorImpl.java:62) ~[?:1.8.0_144]
	at sun.reflect.DelegatingMethodAccessorImpl.invoke(DelegatingMethodAccessorImpl.java:43) ~[?:1.8.0_144]
	at java.lang.reflect.Method.invoke(Method.java:498) ~[?:1.8.0_144]
	at org.junit.runners.model.FrameworkMethod$1.runReflectiveCall(FrameworkMethod.java:50) [junit-4.12.jar:4.12]
	at org.junit.internal.runners.model.ReflectiveCallable.run(ReflectiveCallable.java:12) [junit-4.12.jar:4.12]
	at org.junit.runners.model.FrameworkMethod.invokeExplosively(FrameworkMethod.java:47) [junit-4.12.jar:4.12]
	at org.junit.internal.runners.statements.InvokeMethod.evaluate(InvokeMethod.java:17) [junit-4.12.jar:4.12]
	at org.junit.internal.runners.statements.ExpectException.evaluate(ExpectException.java:19) [junit-4.12.jar:4.12]
	at org.junit.internal.runners.statements.RunBefores.evaluate(RunBefores.java:26) [junit-4.12.jar:4.12]
	at org.junit.runners.ParentRunner.runLeaf(ParentRunner.java:325) [junit-4.12.jar:4.12]
	at org.junit.runners.BlockJUnit4ClassRunner.runChild(BlockJUnit4ClassRunner.java:78) [junit-4.12.jar:4.12]
	at org.junit.runners.BlockJUnit4ClassRunner.runChild(BlockJUnit4ClassRunner.java:57) [junit-4.12.jar:4.12]
	at org.junit.runners.ParentRunner$3.run(ParentRunner.java:290) [junit-4.12.jar:4.12]
	at org.junit.runners.ParentRunner$1.schedule(ParentRunner.java:71) [junit-4.12.jar:4.12]
	at org.junit.runners.ParentRunner.runChildren(ParentRunner.java:288) [junit-4.12.jar:4.12]
	at org.junit.runners.ParentRunner.access$000(ParentRunner.java:58) [junit-4.12.jar:4.12]
	at org.junit.runners.ParentRunner$2.evaluate(ParentRunner.java:268) [junit-4.12.jar:4.12]
	at org.junit.runners.ParentRunner.run(ParentRunner.java:363) [junit-4.12.jar:4.12]
	at org.gradle.api.internal.tasks.testing.junit.JUnitTestClassExecuter.runTestClass(JUnitTestClassExecuter.java:114) [gradle-testing-jvm-4.4.1.jar:4.4.1]
	at org.gradle.api.internal.tasks.testing.junit.JUnitTestClassExecuter.execute(JUnitTestClassExecuter.java:57) [gradle-testing-jvm-4.4.1.jar:4.4.1]
	at org.gradle.api.internal.tasks.testing.junit.JUnitTestClassProcessor.processTestClass(JUnitTestClassProcessor.java:66) [gradle-testing-jvm-4.4.1.jar:4.4.1]
	at org.gradle.api.internal.tasks.testing.SuiteTestClassProcessor.processTestClass(SuiteTestClassProcessor.java:51) [gradle-testing-base-4.4.1.jar:4.4.1]
	at sun.reflect.NativeMethodAccessorImpl.invoke0(Native Method) ~[?:1.8.0_144]
	at sun.reflect.NativeMethodAccessorImpl.invoke(NativeMethodAccessorImpl.java:62) ~[?:1.8.0_144]
	at sun.reflect.DelegatingMethodAccessorImpl.invoke(DelegatingMethodAccessorImpl.java:43) ~[?:1.8.0_144]
	at java.lang.reflect.Method.invoke(Method.java:498) ~[?:1.8.0_144]
	at org.gradle.internal.dispatch.ReflectionDispatch.dispatch(ReflectionDispatch.java:35) [gradle-messaging-4.4.1.jar:4.4.1]
	at org.gradle.internal.dispatch.ReflectionDispatch.dispatch(ReflectionDispatch.java:24) [gradle-messaging-4.4.1.jar:4.4.1]
	at org.gradle.internal.dispatch.ContextClassLoaderDispatch.dispatch(ContextClassLoaderDispatch.java:32) [gradle-messaging-4.4.1.jar:4.4.1]
	at org.gradle.internal.dispatch.ProxyDispatchAdapter$DispatchingInvocationHandler.invoke(ProxyDispatchAdapter.java:93) [gradle-messaging-4.4.1.jar:4.4.1]
	at com.sun.proxy.$Proxy1.processTestClass(Unknown Source) [?:?]
	at org.gradle.api.internal.tasks.testing.worker.TestWorker.processTestClass(TestWorker.java:108) [gradle-testing-base-4.4.1.jar:4.4.1]
	at sun.reflect.NativeMethodAccessorImpl.invoke0(Native Method) ~[?:1.8.0_144]
	at sun.reflect.NativeMethodAccessorImpl.invoke(NativeMethodAccessorImpl.java:62) ~[?:1.8.0_144]
	at sun.reflect.DelegatingMethodAccessorImpl.invoke(DelegatingMethodAccessorImpl.java:43) ~[?:1.8.0_144]
	at java.lang.reflect.Method.invoke(Method.java:498) ~[?:1.8.0_144]
	at org.gradle.internal.dispatch.ReflectionDispatch.dispatch(ReflectionDispatch.java:35) [gradle-messaging-4.4.1.jar:4.4.1]
	at org.gradle.internal.dispatch.ReflectionDispatch.dispatch(ReflectionDispatch.java:24) [gradle-messaging-4.4.1.jar:4.4.1]
	at org.gradle.internal.remote.internal.hub.MessageHubBackedObjectConnection$DispatchWrapper.dispatch(MessageHubBackedObjectConnection.java:146) [gradle-messaging-4.4.1.jar:4.4.1]
	at org.gradle.internal.remote.internal.hub.MessageHubBackedObjectConnection$DispatchWrapper.dispatch(MessageHubBackedObjectConnection.java:128) [gradle-messaging-4.4.1.jar:4.4.1]
	at org.gradle.internal.remote.internal.hub.MessageHub$Handler.run(MessageHub.java:404) [gradle-messaging-4.4.1.jar:4.4.1]
	at org.gradle.internal.concurrent.ExecutorPolicy$CatchAndRecordFailures.onExecute(ExecutorPolicy.java:63) [gradle-base-services-4.4.1.jar:4.4.1]
	at org.gradle.internal.concurrent.ManagedExecutorImpl$1.run(ManagedExecutorImpl.java:46) [gradle-base-services-4.4.1.jar:4.4.1]
	at java.util.concurrent.ThreadPoolExecutor.runWorker(ThreadPoolExecutor.java:1149) [?:1.8.0_144]
	at java.util.concurrent.ThreadPoolExecutor$Worker.run(ThreadPoolExecutor.java:624) [?:1.8.0_144]
	at org.gradle.internal.concurrent.ThreadFactoryImpl$ManagedThreadRunnable.run(ThreadFactoryImpl.java:55) [gradle-base-services-4.4.1.jar:4.4.1]
	at java.lang.Thread.run(Thread.java:748) [?:1.8.0_144]
1677 [Test worker] 2018-01-08 14:56:07,141 INFO  ExampleScalpingStrategy init() - Initialising Trading Strategy...
1678 [Test worker] 2018-01-08 14:56:07,142 INFO  ExampleScalpingStrategy getConfigForStrategy() - <counter-currency-buy-order-amount> from config is: 20
1678 [Test worker] 2018-01-08 14:56:07,142 INFO  ExampleScalpingStrategy getConfigForStrategy() - counterCurrencyBuyOrderAmount: 20
1679 [Test worker] 2018-01-08 14:56:07,143 INFO  ExampleScalpingStrategy getConfigForStrategy() - <minimum-percentage-gain> from config is: 2
1679 [Test worker] 2018-01-08 14:56:07,143 INFO  ExampleScalpingStrategy getConfigForStrategy() - minimumPercentageGain in decimal is: 0.02000000
1679 [Test worker] 2018-01-08 14:56:07,143 INFO  ExampleScalpingStrategy init() - Trading Strategy initialised successfully!
1680 [Test worker] 2018-01-08 14:56:07,144 INFO  ExampleScalpingStrategy execute() - BTC_USD Checking order status...
1680 [Test worker] 2018-01-08 14:56:07,144 INFO  ExampleScalpingStrategy execute() - BTC_USD Current BID price=1453.014
1681 [Test worker] 2018-01-08 14:56:07,145 INFO  ExampleScalpingStrategy execute() - BTC_USD Current ASK price=1455.016
1681 [Test worker] 2018-01-08 14:56:07,145 INFO  ExampleScalpingStrategy execute() - BTC_USD Last Order was: EasyMock for class com.gazbert.bxbot.strategies.ExampleScalpingStrategy$OrderState
1682 [Test worker] 2018-01-08 14:56:07,146 INFO  ExampleScalpingStrategy executeAlgoForWhenLastOrderWasBuy() - BTC_USD ^^^ Yay!!! Last BUY Order Id [45345346] filled at [1454.018]
1682 [Test worker] 2018-01-08 14:56:07,146 INFO  ExampleScalpingStrategy executeAlgoForWhenLastOrderWasBuy() - BTC_USD Percentage profit (in decimal) to make for the sell order is: 0.02000000
1683 [Test worker] 2018-01-08 14:56:07,147 INFO  ExampleScalpingStrategy executeAlgoForWhenLastOrderWasBuy() - BTC_USD Amount to add to last buy order fill price: 29.08036000000
1683 [Test worker] 2018-01-08 14:56:07,147 INFO  ExampleScalpingStrategy executeAlgoForWhenLastOrderWasBuy() - BTC_USD Placing new SELL order at ask price [1483.09836]
1683 [Test worker] 2018-01-08 14:56:07,147 INFO  ExampleScalpingStrategy executeAlgoForWhenLastOrderWasBuy() - BTC_USD Sending new SELL order to exchange --->
1684 [Test worker] 2018-01-08 14:56:07,148 INFO  ExampleScalpingStrategy executeAlgoForWhenLastOrderWasBuy() - BTC_USD New SELL Order sent successfully. ID: 4239407234
1687 [Test worker] 2018-01-08 14:56:07,151 INFO  ExampleScalpingStrategy init() - Initialising Trading Strategy...
1687 [Test worker] 2018-01-08 14:56:07,151 INFO  ExampleScalpingStrategy getConfigForStrategy() - <counter-currency-buy-order-amount> from config is: 20
1687 [Test worker] 2018-01-08 14:56:07,151 INFO  ExampleScalpingStrategy getConfigForStrategy() - counterCurrencyBuyOrderAmount: 20
1688 [Test worker] 2018-01-08 14:56:07,152 INFO  ExampleScalpingStrategy getConfigForStrategy() - <minimum-percentage-gain> from config is: 2
1689 [Test worker] 2018-01-08 14:56:07,153 INFO  ExampleScalpingStrategy getConfigForStrategy() - minimumPercentageGain in decimal is: 0.02000000
1689 [Test worker] 2018-01-08 14:56:07,153 INFO  ExampleScalpingStrategy init() - Trading Strategy initialised successfully!
1690 [Test worker] 2018-01-08 14:56:07,154 INFO  ExampleScalpingStrategy execute() - BTC_USD Checking order status...
1690 [Test worker] 2018-01-08 14:56:07,154 INFO  ExampleScalpingStrategy execute() - BTC_USD Current BID price=1453.014
1690 [Test worker] 2018-01-08 14:56:07,154 INFO  ExampleScalpingStrategy execute() - BTC_USD Current ASK price=1455.016
1690 [Test worker] 2018-01-08 14:56:07,154 INFO  ExampleScalpingStrategy execute() - BTC_USD Last Order was: EasyMock for class com.gazbert.bxbot.strategies.ExampleScalpingStrategy$OrderState
1691 [Test worker] 2018-01-08 14:56:07,155 INFO  ExampleScalpingStrategy executeAlgoForWhenLastOrderWasBuy() - BTC_USD ^^^ Yay!!! Last BUY Order Id [45345346] filled at [1454.018]
1692 [Test worker] 2018-01-08 14:56:07,156 INFO  ExampleScalpingStrategy executeAlgoForWhenLastOrderWasBuy() - BTC_USD Percentage profit (in decimal) to make for the sell order is: 0.02000000
1692 [Test worker] 2018-01-08 14:56:07,156 INFO  ExampleScalpingStrategy executeAlgoForWhenLastOrderWasBuy() - BTC_USD Amount to add to last buy order fill price: 29.08036000000
1692 [Test worker] 2018-01-08 14:56:07,156 INFO  ExampleScalpingStrategy executeAlgoForWhenLastOrderWasBuy() - BTC_USD Placing new SELL order at ask price [1483.09836]
1693 [Test worker] 2018-01-08 14:56:07,157 INFO  ExampleScalpingStrategy executeAlgoForWhenLastOrderWasBuy() - BTC_USD Sending new SELL order to exchange --->
1693 [Test worker] 2018-01-08 14:56:07,157 ERROR ExampleScalpingStrategy executeAlgoForWhenLastOrderWasBuy() - BTC_USD New Order to SELL base currency failed because Exchange threw network exception. Waiting until next trade cycle. Last Order: EasyMock for class com.gazbert.bxbot.strategies.ExampleScalpingStrategy$OrderState
com.gazbert.bxbot.trading.api.ExchangeNetworkException: Timeout waiting for exchange!
	at org.easymock.internal.MockInvocationHandler.invoke(MockInvocationHandler.java:46) ~[easymock-3.5.1.jar:3.5.1]
	at org.easymock.internal.ObjectMethodsFilter.invoke(ObjectMethodsFilter.java:94) ~[easymock-3.5.1.jar:3.5.1]
	at com.sun.proxy.$Proxy8.createOrder(Unknown Source) ~[?:?]
	at com.gazbert.bxbot.strategies.ExampleScalpingStrategy.executeAlgoForWhenLastOrderWasBuy(ExampleScalpingStrategy.java:371) [main/:?]
	at com.gazbert.bxbot.strategies.ExampleScalpingStrategy.execute(ExampleScalpingStrategy.java:234) [main/:?]
	at com.gazbert.bxbot.strategies.TestExampleScalpingStrategy.testStrategyHandlesTimeoutExceptionWhenPlacingSellOrder(TestExampleScalpingStrategy.java:503) [test/:?]
	at sun.reflect.NativeMethodAccessorImpl.invoke0(Native Method) ~[?:1.8.0_144]
	at sun.reflect.NativeMethodAccessorImpl.invoke(NativeMethodAccessorImpl.java:62) ~[?:1.8.0_144]
	at sun.reflect.DelegatingMethodAccessorImpl.invoke(DelegatingMethodAccessorImpl.java:43) ~[?:1.8.0_144]
	at java.lang.reflect.Method.invoke(Method.java:498) ~[?:1.8.0_144]
	at org.junit.runners.model.FrameworkMethod$1.runReflectiveCall(FrameworkMethod.java:50) [junit-4.12.jar:4.12]
	at org.junit.internal.runners.model.ReflectiveCallable.run(ReflectiveCallable.java:12) [junit-4.12.jar:4.12]
	at org.junit.runners.model.FrameworkMethod.invokeExplosively(FrameworkMethod.java:47) [junit-4.12.jar:4.12]
	at org.junit.internal.runners.statements.InvokeMethod.evaluate(InvokeMethod.java:17) [junit-4.12.jar:4.12]
	at org.junit.internal.runners.statements.RunBefores.evaluate(RunBefores.java:26) [junit-4.12.jar:4.12]
	at org.junit.runners.ParentRunner.runLeaf(ParentRunner.java:325) [junit-4.12.jar:4.12]
	at org.junit.runners.BlockJUnit4ClassRunner.runChild(BlockJUnit4ClassRunner.java:78) [junit-4.12.jar:4.12]
	at org.junit.runners.BlockJUnit4ClassRunner.runChild(BlockJUnit4ClassRunner.java:57) [junit-4.12.jar:4.12]
	at org.junit.runners.ParentRunner$3.run(ParentRunner.java:290) [junit-4.12.jar:4.12]
	at org.junit.runners.ParentRunner$1.schedule(ParentRunner.java:71) [junit-4.12.jar:4.12]
	at org.junit.runners.ParentRunner.runChildren(ParentRunner.java:288) [junit-4.12.jar:4.12]
	at org.junit.runners.ParentRunner.access$000(ParentRunner.java:58) [junit-4.12.jar:4.12]
	at org.junit.runners.ParentRunner$2.evaluate(ParentRunner.java:268) [junit-4.12.jar:4.12]
	at org.junit.runners.ParentRunner.run(ParentRunner.java:363) [junit-4.12.jar:4.12]
	at org.gradle.api.internal.tasks.testing.junit.JUnitTestClassExecuter.runTestClass(JUnitTestClassExecuter.java:114) [gradle-testing-jvm-4.4.1.jar:4.4.1]
	at org.gradle.api.internal.tasks.testing.junit.JUnitTestClassExecuter.execute(JUnitTestClassExecuter.java:57) [gradle-testing-jvm-4.4.1.jar:4.4.1]
	at org.gradle.api.internal.tasks.testing.junit.JUnitTestClassProcessor.processTestClass(JUnitTestClassProcessor.java:66) [gradle-testing-jvm-4.4.1.jar:4.4.1]
	at org.gradle.api.internal.tasks.testing.SuiteTestClassProcessor.processTestClass(SuiteTestClassProcessor.java:51) [gradle-testing-base-4.4.1.jar:4.4.1]
	at sun.reflect.NativeMethodAccessorImpl.invoke0(Native Method) ~[?:1.8.0_144]
	at sun.reflect.NativeMethodAccessorImpl.invoke(NativeMethodAccessorImpl.java:62) ~[?:1.8.0_144]
	at sun.reflect.DelegatingMethodAccessorImpl.invoke(DelegatingMethodAccessorImpl.java:43) ~[?:1.8.0_144]
	at java.lang.reflect.Method.invoke(Method.java:498) ~[?:1.8.0_144]
	at org.gradle.internal.dispatch.ReflectionDispatch.dispatch(ReflectionDispatch.java:35) [gradle-messaging-4.4.1.jar:4.4.1]
	at org.gradle.internal.dispatch.ReflectionDispatch.dispatch(ReflectionDispatch.java:24) [gradle-messaging-4.4.1.jar:4.4.1]
	at org.gradle.internal.dispatch.ContextClassLoaderDispatch.dispatch(ContextClassLoaderDispatch.java:32) [gradle-messaging-4.4.1.jar:4.4.1]
	at org.gradle.internal.dispatch.ProxyDispatchAdapter$DispatchingInvocationHandler.invoke(ProxyDispatchAdapter.java:93) [gradle-messaging-4.4.1.jar:4.4.1]
	at com.sun.proxy.$Proxy1.processTestClass(Unknown Source) [?:?]
	at org.gradle.api.internal.tasks.testing.worker.TestWorker.processTestClass(TestWorker.java:108) [gradle-testing-base-4.4.1.jar:4.4.1]
	at sun.reflect.NativeMethodAccessorImpl.invoke0(Native Method) ~[?:1.8.0_144]
	at sun.reflect.NativeMethodAccessorImpl.invoke(NativeMethodAccessorImpl.java:62) ~[?:1.8.0_144]
	at sun.reflect.DelegatingMethodAccessorImpl.invoke(DelegatingMethodAccessorImpl.java:43) ~[?:1.8.0_144]
	at java.lang.reflect.Method.invoke(Method.java:498) ~[?:1.8.0_144]
	at org.gradle.internal.dispatch.ReflectionDispatch.dispatch(ReflectionDispatch.java:35) [gradle-messaging-4.4.1.jar:4.4.1]
	at org.gradle.internal.dispatch.ReflectionDispatch.dispatch(ReflectionDispatch.java:24) [gradle-messaging-4.4.1.jar:4.4.1]
	at org.gradle.internal.remote.internal.hub.MessageHubBackedObjectConnection$DispatchWrapper.dispatch(MessageHubBackedObjectConnection.java:146) [gradle-messaging-4.4.1.jar:4.4.1]
	at org.gradle.internal.remote.internal.hub.MessageHubBackedObjectConnection$DispatchWrapper.dispatch(MessageHubBackedObjectConnection.java:128) [gradle-messaging-4.4.1.jar:4.4.1]
	at org.gradle.internal.remote.internal.hub.MessageHub$Handler.run(MessageHub.java:404) [gradle-messaging-4.4.1.jar:4.4.1]
	at org.gradle.internal.concurrent.ExecutorPolicy$CatchAndRecordFailures.onExecute(ExecutorPolicy.java:63) [gradle-base-services-4.4.1.jar:4.4.1]
	at org.gradle.internal.concurrent.ManagedExecutorImpl$1.run(ManagedExecutorImpl.java:46) [gradle-base-services-4.4.1.jar:4.4.1]
	at java.util.concurrent.ThreadPoolExecutor.runWorker(ThreadPoolExecutor.java:1149) [?:1.8.0_144]
	at java.util.concurrent.ThreadPoolExecutor$Worker.run(ThreadPoolExecutor.java:624) [?:1.8.0_144]
	at org.gradle.internal.concurrent.ThreadFactoryImpl$ManagedThreadRunnable.run(ThreadFactoryImpl.java:55) [gradle-base-services-4.4.1.jar:4.4.1]
	at java.lang.Thread.run(Thread.java:748) [?:1.8.0_144]
1699 [Test worker] 2018-01-08 14:56:07,163 INFO  ExampleScalpingStrategy init() - Initialising Trading Strategy...
1700 [Test worker] 2018-01-08 14:56:07,164 INFO  ExampleScalpingStrategy getConfigForStrategy() - <counter-currency-buy-order-amount> from config is: 20
1700 [Test worker] 2018-01-08 14:56:07,164 INFO  ExampleScalpingStrategy getConfigForStrategy() - counterCurrencyBuyOrderAmount: 20
1701 [Test worker] 2018-01-08 14:56:07,165 INFO  ExampleScalpingStrategy getConfigForStrategy() - <minimum-percentage-gain> from config is: 2
1701 [Test worker] 2018-01-08 14:56:07,165 INFO  ExampleScalpingStrategy getConfigForStrategy() - minimumPercentageGain in decimal is: 0.02000000
1702 [Test worker] 2018-01-08 14:56:07,166 INFO  ExampleScalpingStrategy init() - Trading Strategy initialised successfully!
1702 [Test worker] 2018-01-08 14:56:07,166 INFO  ExampleScalpingStrategy execute() - BTC_USD Checking order status...
1702 [Test worker] 2018-01-08 14:56:07,166 INFO  ExampleScalpingStrategy execute() - BTC_USD Current BID price=1453.014
1703 [Test worker] 2018-01-08 14:56:07,167 INFO  ExampleScalpingStrategy execute() - BTC_USD Current ASK price=1455.016
1703 [Test worker] 2018-01-08 14:56:07,167 INFO  ExampleScalpingStrategy execute() - BTC_USD Last Order was: EasyMock for class com.gazbert.bxbot.strategies.ExampleScalpingStrategy$OrderState
1704 [Test worker] 2018-01-08 14:56:07,168 INFO  ExampleScalpingStrategy executeAlgoForWhenLastOrderWasSell() - BTC_USD ^^^ Yay!!! Last SELL Order Id [45345346] filled at [1454.018]
1705 [Test worker] 2018-01-08 14:56:07,169 INFO  ExampleScalpingStrategy getAmountOfBaseCurrencyToBuyForGivenCounterCurrencyAmount() - BTC_USD Calculating amount of base currency (BTC) to buy for amount of counter currency 20 USD
1706 [Test worker] 2018-01-08 14:56:07,170 INFO  ExampleScalpingStrategy getAmountOfBaseCurrencyToBuyForGivenCounterCurrencyAmount() - BTC_USD Last trade price for 1 BTC was: 0.015 USD
1707 [Test worker] 2018-01-08 14:56:07,171 INFO  ExampleScalpingStrategy getAmountOfBaseCurrencyToBuyForGivenCounterCurrencyAmount() - BTC_USD Amount of base currency (BTC) to BUY for 20 USD based on last market trade price: 1333.33333333
1708 [Test worker] 2018-01-08 14:56:07,172 INFO  ExampleScalpingStrategy executeAlgoForWhenLastOrderWasSell() - BTC_USD Placing new BUY order at bid price [1453.014]
1708 [Test worker] 2018-01-08 14:56:07,172 INFO  ExampleScalpingStrategy executeAlgoForWhenLastOrderWasSell() - BTC_USD Sending new BUY order to exchange --->
1710 [Test worker] 2018-01-08 14:56:07,174 ERROR ExampleScalpingStrategy executeAlgoForWhenLastOrderWasSell() - BTC_USD New order to BUY base currency failed because Exchange threw TradingApi exception.  Telling Trading Engine to shutdown bot! Last Order: EasyMock for class com.gazbert.bxbot.strategies.ExampleScalpingStrategy$OrderState
com.gazbert.bxbot.trading.api.TradingApiException: Exchange returned a 500 status code!
	at org.easymock.internal.MockInvocationHandler.invoke(MockInvocationHandler.java:46) ~[easymock-3.5.1.jar:3.5.1]
	at org.easymock.internal.ObjectMethodsFilter.invoke(ObjectMethodsFilter.java:94) ~[easymock-3.5.1.jar:3.5.1]
	at com.sun.proxy.$Proxy8.createOrder(Unknown Source) ~[?:?]
	at com.gazbert.bxbot.strategies.ExampleScalpingStrategy.executeAlgoForWhenLastOrderWasSell(ExampleScalpingStrategy.java:450) [main/:?]
	at com.gazbert.bxbot.strategies.ExampleScalpingStrategy.execute(ExampleScalpingStrategy.java:237) [main/:?]
	at com.gazbert.bxbot.strategies.TestExampleScalpingStrategy.testStrategyHandlesTradingApiExceptionWhenPlacingBuyOrder(TestExampleScalpingStrategy.java:604) [test/:?]
	at sun.reflect.NativeMethodAccessorImpl.invoke0(Native Method) ~[?:1.8.0_144]
	at sun.reflect.NativeMethodAccessorImpl.invoke(NativeMethodAccessorImpl.java:62) ~[?:1.8.0_144]
	at sun.reflect.DelegatingMethodAccessorImpl.invoke(DelegatingMethodAccessorImpl.java:43) ~[?:1.8.0_144]
	at java.lang.reflect.Method.invoke(Method.java:498) ~[?:1.8.0_144]
	at org.junit.runners.model.FrameworkMethod$1.runReflectiveCall(FrameworkMethod.java:50) [junit-4.12.jar:4.12]
	at org.junit.internal.runners.model.ReflectiveCallable.run(ReflectiveCallable.java:12) [junit-4.12.jar:4.12]
	at org.junit.runners.model.FrameworkMethod.invokeExplosively(FrameworkMethod.java:47) [junit-4.12.jar:4.12]
	at org.junit.internal.runners.statements.InvokeMethod.evaluate(InvokeMethod.java:17) [junit-4.12.jar:4.12]
	at org.junit.internal.runners.statements.ExpectException.evaluate(ExpectException.java:19) [junit-4.12.jar:4.12]
	at org.junit.internal.runners.statements.RunBefores.evaluate(RunBefores.java:26) [junit-4.12.jar:4.12]
	at org.junit.runners.ParentRunner.runLeaf(ParentRunner.java:325) [junit-4.12.jar:4.12]
	at org.junit.runners.BlockJUnit4ClassRunner.runChild(BlockJUnit4ClassRunner.java:78) [junit-4.12.jar:4.12]
	at org.junit.runners.BlockJUnit4ClassRunner.runChild(BlockJUnit4ClassRunner.java:57) [junit-4.12.jar:4.12]
	at org.junit.runners.ParentRunner$3.run(ParentRunner.java:290) [junit-4.12.jar:4.12]
	at org.junit.runners.ParentRunner$1.schedule(ParentRunner.java:71) [junit-4.12.jar:4.12]
	at org.junit.runners.ParentRunner.runChildren(ParentRunner.java:288) [junit-4.12.jar:4.12]
	at org.junit.runners.ParentRunner.access$000(ParentRunner.java:58) [junit-4.12.jar:4.12]
	at org.junit.runners.ParentRunner$2.evaluate(ParentRunner.java:268) [junit-4.12.jar:4.12]
	at org.junit.runners.ParentRunner.run(ParentRunner.java:363) [junit-4.12.jar:4.12]
	at org.gradle.api.internal.tasks.testing.junit.JUnitTestClassExecuter.runTestClass(JUnitTestClassExecuter.java:114) [gradle-testing-jvm-4.4.1.jar:4.4.1]
	at org.gradle.api.internal.tasks.testing.junit.JUnitTestClassExecuter.execute(JUnitTestClassExecuter.java:57) [gradle-testing-jvm-4.4.1.jar:4.4.1]
	at org.gradle.api.internal.tasks.testing.junit.JUnitTestClassProcessor.processTestClass(JUnitTestClassProcessor.java:66) [gradle-testing-jvm-4.4.1.jar:4.4.1]
	at org.gradle.api.internal.tasks.testing.SuiteTestClassProcessor.processTestClass(SuiteTestClassProcessor.java:51) [gradle-testing-base-4.4.1.jar:4.4.1]
	at sun.reflect.NativeMethodAccessorImpl.invoke0(Native Method) ~[?:1.8.0_144]
	at sun.reflect.NativeMethodAccessorImpl.invoke(NativeMethodAccessorImpl.java:62) ~[?:1.8.0_144]
	at sun.reflect.DelegatingMethodAccessorImpl.invoke(DelegatingMethodAccessorImpl.java:43) ~[?:1.8.0_144]
	at java.lang.reflect.Method.invoke(Method.java:498) ~[?:1.8.0_144]
	at org.gradle.internal.dispatch.ReflectionDispatch.dispatch(ReflectionDispatch.java:35) [gradle-messaging-4.4.1.jar:4.4.1]
	at org.gradle.internal.dispatch.ReflectionDispatch.dispatch(ReflectionDispatch.java:24) [gradle-messaging-4.4.1.jar:4.4.1]
	at org.gradle.internal.dispatch.ContextClassLoaderDispatch.dispatch(ContextClassLoaderDispatch.java:32) [gradle-messaging-4.4.1.jar:4.4.1]
	at org.gradle.internal.dispatch.ProxyDispatchAdapter$DispatchingInvocationHandler.invoke(ProxyDispatchAdapter.java:93) [gradle-messaging-4.4.1.jar:4.4.1]
	at com.sun.proxy.$Proxy1.processTestClass(Unknown Source) [?:?]
	at org.gradle.api.internal.tasks.testing.worker.TestWorker.processTestClass(TestWorker.java:108) [gradle-testing-base-4.4.1.jar:4.4.1]
	at sun.reflect.NativeMethodAccessorImpl.invoke0(Native Method) ~[?:1.8.0_144]
	at sun.reflect.NativeMethodAccessorImpl.invoke(NativeMethodAccessorImpl.java:62) ~[?:1.8.0_144]
	at sun.reflect.DelegatingMethodAccessorImpl.invoke(DelegatingMethodAccessorImpl.java:43) ~[?:1.8.0_144]
	at java.lang.reflect.Method.invoke(Method.java:498) ~[?:1.8.0_144]
	at org.gradle.internal.dispatch.ReflectionDispatch.dispatch(ReflectionDispatch.java:35) [gradle-messaging-4.4.1.jar:4.4.1]
	at org.gradle.internal.dispatch.ReflectionDispatch.dispatch(ReflectionDispatch.java:24) [gradle-messaging-4.4.1.jar:4.4.1]
	at org.gradle.internal.remote.internal.hub.MessageHubBackedObjectConnection$DispatchWrapper.dispatch(MessageHubBackedObjectConnection.java:146) [gradle-messaging-4.4.1.jar:4.4.1]
	at org.gradle.internal.remote.internal.hub.MessageHubBackedObjectConnection$DispatchWrapper.dispatch(MessageHubBackedObjectConnection.java:128) [gradle-messaging-4.4.1.jar:4.4.1]
	at org.gradle.internal.remote.internal.hub.MessageHub$Handler.run(MessageHub.java:404) [gradle-messaging-4.4.1.jar:4.4.1]
	at org.gradle.internal.concurrent.ExecutorPolicy$CatchAndRecordFailures.onExecute(ExecutorPolicy.java:63) [gradle-base-services-4.4.1.jar:4.4.1]
	at org.gradle.internal.concurrent.ManagedExecutorImpl$1.run(ManagedExecutorImpl.java:46) [gradle-base-services-4.4.1.jar:4.4.1]
	at java.util.concurrent.ThreadPoolExecutor.runWorker(ThreadPoolExecutor.java:1149) [?:1.8.0_144]
	at java.util.concurrent.ThreadPoolExecutor$Worker.run(ThreadPoolExecutor.java:624) [?:1.8.0_144]
	at org.gradle.internal.concurrent.ThreadFactoryImpl$ManagedThreadRunnable.run(ThreadFactoryImpl.java:55) [gradle-base-services-4.4.1.jar:4.4.1]
	at java.lang.Thread.run(Thread.java:748) [?:1.8.0_144]
1720 [Test worker] 2018-01-08 14:56:07,184 INFO  ExampleScalpingStrategy init() - Initialising Trading Strategy...
1720 [Test worker] 2018-01-08 14:56:07,184 INFO  ExampleScalpingStrategy getConfigForStrategy() - <counter-currency-buy-order-amount> from config is: 20
1721 [Test worker] 2018-01-08 14:56:07,185 INFO  ExampleScalpingStrategy getConfigForStrategy() - counterCurrencyBuyOrderAmount: 20
1721 [Test worker] 2018-01-08 14:56:07,185 INFO  ExampleScalpingStrategy getConfigForStrategy() - <minimum-percentage-gain> from config is: 2
1721 [Test worker] 2018-01-08 14:56:07,185 INFO  ExampleScalpingStrategy getConfigForStrategy() - minimumPercentageGain in decimal is: 0.02000000
1721 [Test worker] 2018-01-08 14:56:07,185 INFO  ExampleScalpingStrategy init() - Trading Strategy initialised successfully!
1722 [Test worker] 2018-01-08 14:56:07,186 INFO  ExampleScalpingStrategy execute() - BTC_USD Checking order status...
1722 [Test worker] 2018-01-08 14:56:07,186 INFO  ExampleScalpingStrategy execute() - BTC_USD Current BID price=1453.014
1722 [Test worker] 2018-01-08 14:56:07,186 INFO  ExampleScalpingStrategy execute() - BTC_USD Current ASK price=1455.016
1723 [Test worker] 2018-01-08 14:56:07,187 INFO  ExampleScalpingStrategy execute() - BTC_USD First time Strategy has been called - creating new OrderState object.
1723 [Test worker] 2018-01-08 14:56:07,187 INFO  ExampleScalpingStrategy execute() - BTC_USD Last Order was: OrderState{id=null, type=null, price=0, amount=0}
1723 [Test worker] 2018-01-08 14:56:07,187 INFO  ExampleScalpingStrategy executeAlgoForWhenLastOrderWasNone() - BTC_USD OrderType is NONE - placing new BUY order at [1453.014]
1723 [Test worker] 2018-01-08 14:56:07,187 INFO  ExampleScalpingStrategy getAmountOfBaseCurrencyToBuyForGivenCounterCurrencyAmount() - BTC_USD Calculating amount of base currency (BTC) to buy for amount of counter currency 20 USD
1724 [Test worker] 2018-01-08 14:56:07,188 INFO  ExampleScalpingStrategy getAmountOfBaseCurrencyToBuyForGivenCounterCurrencyAmount() - BTC_USD Last trade price for 1 BTC was: 1454.018 USD
1724 [Test worker] 2018-01-08 14:56:07,188 INFO  ExampleScalpingStrategy getAmountOfBaseCurrencyToBuyForGivenCounterCurrencyAmount() - BTC_USD Amount of base currency (BTC) to BUY for 20 USD based on last market trade price: 0.01375499
1724 [Test worker] 2018-01-08 14:56:07,188 INFO  ExampleScalpingStrategy executeAlgoForWhenLastOrderWasNone() - BTC_USD Sending initial BUY order to exchange --->
1725 [Test worker] 2018-01-08 14:56:07,189 ERROR ExampleScalpingStrategy executeAlgoForWhenLastOrderWasNone() - BTC_USD Initial order to BUY base currency failed because Exchange threw network exception. Waiting until next trade cycle.
com.gazbert.bxbot.trading.api.ExchangeNetworkException: Timeout waiting for exchange!
	at org.easymock.internal.MockInvocationHandler.invoke(MockInvocationHandler.java:46) ~[easymock-3.5.1.jar:3.5.1]
	at org.easymock.internal.ObjectMethodsFilter.invoke(ObjectMethodsFilter.java:94) ~[easymock-3.5.1.jar:3.5.1]
	at com.sun.proxy.$Proxy8.createOrder(Unknown Source) ~[?:?]
	at com.gazbert.bxbot.strategies.ExampleScalpingStrategy.executeAlgoForWhenLastOrderWasNone(ExampleScalpingStrategy.java:280) [main/:?]
	at com.gazbert.bxbot.strategies.ExampleScalpingStrategy.execute(ExampleScalpingStrategy.java:240) [main/:?]
	at com.gazbert.bxbot.strategies.TestExampleScalpingStrategy.testStrategyHandlesTimeoutExceptionWhenPlacingInitialBuyOrder(TestExampleScalpingStrategy.java:393) [test/:?]
	at sun.reflect.NativeMethodAccessorImpl.invoke0(Native Method) ~[?:1.8.0_144]
	at sun.reflect.NativeMethodAccessorImpl.invoke(NativeMethodAccessorImpl.java:62) ~[?:1.8.0_144]
	at sun.reflect.DelegatingMethodAccessorImpl.invoke(DelegatingMethodAccessorImpl.java:43) ~[?:1.8.0_144]
	at java.lang.reflect.Method.invoke(Method.java:498) ~[?:1.8.0_144]
	at org.junit.runners.model.FrameworkMethod$1.runReflectiveCall(FrameworkMethod.java:50) [junit-4.12.jar:4.12]
	at org.junit.internal.runners.model.ReflectiveCallable.run(ReflectiveCallable.java:12) [junit-4.12.jar:4.12]
	at org.junit.runners.model.FrameworkMethod.invokeExplosively(FrameworkMethod.java:47) [junit-4.12.jar:4.12]
	at org.junit.internal.runners.statements.InvokeMethod.evaluate(InvokeMethod.java:17) [junit-4.12.jar:4.12]
	at org.junit.internal.runners.statements.RunBefores.evaluate(RunBefores.java:26) [junit-4.12.jar:4.12]
	at org.junit.runners.ParentRunner.runLeaf(ParentRunner.java:325) [junit-4.12.jar:4.12]
	at org.junit.runners.BlockJUnit4ClassRunner.runChild(BlockJUnit4ClassRunner.java:78) [junit-4.12.jar:4.12]
	at org.junit.runners.BlockJUnit4ClassRunner.runChild(BlockJUnit4ClassRunner.java:57) [junit-4.12.jar:4.12]
	at org.junit.runners.ParentRunner$3.run(ParentRunner.java:290) [junit-4.12.jar:4.12]
	at org.junit.runners.ParentRunner$1.schedule(ParentRunner.java:71) [junit-4.12.jar:4.12]
	at org.junit.runners.ParentRunner.runChildren(ParentRunner.java:288) [junit-4.12.jar:4.12]
	at org.junit.runners.ParentRunner.access$000(ParentRunner.java:58) [junit-4.12.jar:4.12]
	at org.junit.runners.ParentRunner$2.evaluate(ParentRunner.java:268) [junit-4.12.jar:4.12]
	at org.junit.runners.ParentRunner.run(ParentRunner.java:363) [junit-4.12.jar:4.12]
	at org.gradle.api.internal.tasks.testing.junit.JUnitTestClassExecuter.runTestClass(JUnitTestClassExecuter.java:114) [gradle-testing-jvm-4.4.1.jar:4.4.1]
	at org.gradle.api.internal.tasks.testing.junit.JUnitTestClassExecuter.execute(JUnitTestClassExecuter.java:57) [gradle-testing-jvm-4.4.1.jar:4.4.1]
	at org.gradle.api.internal.tasks.testing.junit.JUnitTestClassProcessor.processTestClass(JUnitTestClassProcessor.java:66) [gradle-testing-jvm-4.4.1.jar:4.4.1]
	at org.gradle.api.internal.tasks.testing.SuiteTestClassProcessor.processTestClass(SuiteTestClassProcessor.java:51) [gradle-testing-base-4.4.1.jar:4.4.1]
	at sun.reflect.NativeMethodAccessorImpl.invoke0(Native Method) ~[?:1.8.0_144]
	at sun.reflect.NativeMethodAccessorImpl.invoke(NativeMethodAccessorImpl.java:62) ~[?:1.8.0_144]
	at sun.reflect.DelegatingMethodAccessorImpl.invoke(DelegatingMethodAccessorImpl.java:43) ~[?:1.8.0_144]
	at java.lang.reflect.Method.invoke(Method.java:498) ~[?:1.8.0_144]
	at org.gradle.internal.dispatch.ReflectionDispatch.dispatch(ReflectionDispatch.java:35) [gradle-messaging-4.4.1.jar:4.4.1]
	at org.gradle.internal.dispatch.ReflectionDispatch.dispatch(ReflectionDispatch.java:24) [gradle-messaging-4.4.1.jar:4.4.1]
	at org.gradle.internal.dispatch.ContextClassLoaderDispatch.dispatch(ContextClassLoaderDispatch.java:32) [gradle-messaging-4.4.1.jar:4.4.1]
	at org.gradle.internal.dispatch.ProxyDispatchAdapter$DispatchingInvocationHandler.invoke(ProxyDispatchAdapter.java:93) [gradle-messaging-4.4.1.jar:4.4.1]
	at com.sun.proxy.$Proxy1.processTestClass(Unknown Source) [?:?]
	at org.gradle.api.internal.tasks.testing.worker.TestWorker.processTestClass(TestWorker.java:108) [gradle-testing-base-4.4.1.jar:4.4.1]
	at sun.reflect.NativeMethodAccessorImpl.invoke0(Native Method) ~[?:1.8.0_144]
	at sun.reflect.NativeMethodAccessorImpl.invoke(NativeMethodAccessorImpl.java:62) ~[?:1.8.0_144]
	at sun.reflect.DelegatingMethodAccessorImpl.invoke(DelegatingMethodAccessorImpl.java:43) ~[?:1.8.0_144]
	at java.lang.reflect.Method.invoke(Method.java:498) ~[?:1.8.0_144]
	at org.gradle.internal.dispatch.ReflectionDispatch.dispatch(ReflectionDispatch.java:35) [gradle-messaging-4.4.1.jar:4.4.1]
	at org.gradle.internal.dispatch.ReflectionDispatch.dispatch(ReflectionDispatch.java:24) [gradle-messaging-4.4.1.jar:4.4.1]
	at org.gradle.internal.remote.internal.hub.MessageHubBackedObjectConnection$DispatchWrapper.dispatch(MessageHubBackedObjectConnection.java:146) [gradle-messaging-4.4.1.jar:4.4.1]
	at org.gradle.internal.remote.internal.hub.MessageHubBackedObjectConnection$DispatchWrapper.dispatch(MessageHubBackedObjectConnection.java:128) [gradle-messaging-4.4.1.jar:4.4.1]
	at org.gradle.internal.remote.internal.hub.MessageHub$Handler.run(MessageHub.java:404) [gradle-messaging-4.4.1.jar:4.4.1]
	at org.gradle.internal.concurrent.ExecutorPolicy$CatchAndRecordFailures.onExecute(ExecutorPolicy.java:63) [gradle-base-services-4.4.1.jar:4.4.1]
	at org.gradle.internal.concurrent.ManagedExecutorImpl$1.run(ManagedExecutorImpl.java:46) [gradle-base-services-4.4.1.jar:4.4.1]
	at java.util.concurrent.ThreadPoolExecutor.runWorker(ThreadPoolExecutor.java:1149) [?:1.8.0_144]
	at java.util.concurrent.ThreadPoolExecutor$Worker.run(ThreadPoolExecutor.java:624) [?:1.8.0_144]
	at org.gradle.internal.concurrent.ThreadFactoryImpl$ManagedThreadRunnable.run(ThreadFactoryImpl.java:55) [gradle-base-services-4.4.1.jar:4.4.1]
	at java.lang.Thread.run(Thread.java:748) [?:1.8.0_144]
1729 [Test worker] 2018-01-08 14:56:07,193 INFO  ExampleScalpingStrategy init() - Initialising Trading Strategy...
1730 [Test worker] 2018-01-08 14:56:07,194 INFO  ExampleScalpingStrategy getConfigForStrategy() - <counter-currency-buy-order-amount> from config is: 20
1730 [Test worker] 2018-01-08 14:56:07,194 INFO  ExampleScalpingStrategy getConfigForStrategy() - counterCurrencyBuyOrderAmount: 20
1730 [Test worker] 2018-01-08 14:56:07,194 INFO  ExampleScalpingStrategy getConfigForStrategy() - <minimum-percentage-gain> from config is: 2
1730 [Test worker] 2018-01-08 14:56:07,194 INFO  ExampleScalpingStrategy getConfigForStrategy() - minimumPercentageGain in decimal is: 0.02000000
1731 [Test worker] 2018-01-08 14:56:07,195 INFO  ExampleScalpingStrategy init() - Trading Strategy initialised successfully!
1731 [Test worker] 2018-01-08 14:56:07,195 INFO  ExampleScalpingStrategy execute() - BTC_USD Checking order status...
1731 [Test worker] 2018-01-08 14:56:07,195 INFO  ExampleScalpingStrategy execute() - BTC_USD Current BID price=1453.014
1732 [Test worker] 2018-01-08 14:56:07,196 INFO  ExampleScalpingStrategy execute() - BTC_USD Current ASK price=1455.016
1732 [Test worker] 2018-01-08 14:56:07,196 INFO  ExampleScalpingStrategy execute() - BTC_USD Last Order was: EasyMock for class com.gazbert.bxbot.strategies.ExampleScalpingStrategy$OrderState
1733 [Test worker] 2018-01-08 14:56:07,197 INFO  ExampleScalpingStrategy executeAlgoForWhenLastOrderWasBuy() - BTC_USD !!! Still have BUY Order 45345346 waiting to fill at [1454.018] - holding last BUY order...
]]></system-out>
  <system-err><![CDATA[]]></system-err>
</testsuite>
