<?xml version="1.0" encoding="UTF-8"?>
<testsuite name="com.gazbert.bxbot.core.config.strategy.TestStrategyConfigItems" tests="1" skipped="0" failures="0" errors="0" timestamp="2018-01-08T20:56:09" hostname="ricebook" time="0.002">
  <properties/>
  <testcase name="testAddingAndFetchingConfigItems" classname="com.gazbert.bxbot.core.config.strategy.TestStrategyConfigItems" time="0.002"/>
  <system-out><![CDATA[]]></system-out>
  <system-err><![CDATA[]]></system-err>
</testsuite>
