<?xml version="1.0" encoding="UTF-8"?>
<testsuite name="com.gazbert.bxbot.core.mail.TestEmailAlerter" tests="4" skipped="0" failures="0" errors="0" timestamp="2018-01-08T20:56:31" hostname="ricebook" time="1.145">
  <properties/>
  <testcase name="testEmailAlerterSendsMailSuccessfullyUsingMockTransport" classname="com.gazbert.bxbot.core.mail.TestEmailAlerter" time="1.139"/>
  <testcase name="testEmailAlerterInitialisationFailsWhenAlertsEnabledButNoSmtpConfigSupplied" classname="com.gazbert.bxbot.core.mail.TestEmailAlerter" time="0.001"/>
  <testcase name="testEmailAlerterInitialisedSuccessfullyWhenAlertsDisabledAndNoSmtpConfigSupplied" classname="com.gazbert.bxbot.core.mail.TestEmailAlerter" time="0.002"/>
  <testcase name="testEmailAlerterInitialisedSuccessfully" classname="com.gazbert.bxbot.core.mail.TestEmailAlerter" time="0.001"/>
  <system-out><![CDATA[22433 [pool-5-thread-1] 2018-01-08 14:56:31,308 INFO  TradingEngine runMainControlLoop() - *** Starting next trade cycle... ***
22433 [pool-5-thread-1] 2018-01-08 14:56:31,308 INFO  TradingEngine isEmergencyStopLimitBreached() - Performing Emergency Stop check...
23742 [Test worker] 2018-01-08 14:56:32,617 INFO  EmailAlerter initialise() - Email Alert for emergency bot shutdown is enabled. Loading SMTP config...
23745 [Test worker] 2018-01-08 14:56:32,620 INFO  EmailAlerter initialise() - SMTP host: smtp.gmail.com
23746 [Test worker] 2018-01-08 14:56:32,621 INFO  EmailAlerter initialise() - SMTP TLS Port: 587
23747 [Test worker] 2018-01-08 14:56:32,622 INFO  EmailAlerter initialise() - Account username: your.account.username@gmail.com
23747 [Test worker] 2018-01-08 14:56:32,622 INFO  EmailAlerter initialise() - From address: bxbot.alerts@gmail.com
23748 [Test worker] 2018-01-08 14:56:32,623 INFO  EmailAlerter initialise() - To address: some-destination@gmail.com
23838 [Test worker] 2018-01-08 14:56:32,713 INFO  EmailAlerter sendMessage() - About to send following Email Alert with message content: The exchange has blown up!
23840 [Test worker] 2018-01-08 14:56:32,715 INFO  EmailAlerter initialise() - Email Alert for emergency bot shutdown is enabled. Loading SMTP config...
23843 [Test worker] 2018-01-08 14:56:32,718 WARN  EmailAlerter initialise() - Email Alerts are disabled. Are you sure you want to configure this?
23844 [Test worker] 2018-01-08 14:56:32,719 INFO  EmailAlerter initialise() - Email Alert for emergency bot shutdown is enabled. Loading SMTP config...
23845 [Test worker] 2018-01-08 14:56:32,720 INFO  EmailAlerter initialise() - SMTP host: smtp.gmail.com
23845 [Test worker] 2018-01-08 14:56:32,720 INFO  EmailAlerter initialise() - SMTP TLS Port: 587
23845 [Test worker] 2018-01-08 14:56:32,720 INFO  EmailAlerter initialise() - Account username: your.account.username@gmail.com
23845 [Test worker] 2018-01-08 14:56:32,720 INFO  EmailAlerter initialise() - From address: bxbot.alerts@gmail.com
23845 [Test worker] 2018-01-08 14:56:32,720 INFO  EmailAlerter initialise() - To address: some-destination@gmail.com
]]></system-out>
  <system-err><![CDATA[Exception in thread "pool-5-thread-1" java.lang.AssertionError: 
  Unexpected method call ExchangeAdapter.getBalanceInfo():
    ExchangeAdapter.getBalanceInfo(): expected: 1, actual: 2
	at org.easymock.internal.MockInvocationHandler.invoke(MockInvocationHandler.java:44)
	at org.easymock.internal.ObjectMethodsFilter.invoke(ObjectMethodsFilter.java:94)
	at com.sun.proxy.$Proxy12.getBalanceInfo(Unknown Source)
	at com.gazbert.bxbot.core.engine.TradingEngine.isEmergencyStopLimitBreached(TradingEngine.java:348)
	at com.gazbert.bxbot.core.engine.TradingEngine.runMainControlLoop(TradingEngine.java:221)
	at com.gazbert.bxbot.core.engine.TradingEngine.start(TradingEngine.java:191)
	at java.util.concurrent.ThreadPoolExecutor.runWorker(ThreadPoolExecutor.java:1149)
	at java.util.concurrent.ThreadPoolExecutor$Worker.run(ThreadPoolExecutor.java:624)
	at java.lang.Thread.run(Thread.java:748)
]]></system-err>
</testsuite>
