<?xml version="1.0" encoding="UTF-8"?>
<testsuite name="com.gazbert.bxbot.domain.exchange.TestOptionalConfig" tests="1" skipped="0" failures="0" errors="0" timestamp="2018-01-08T20:56:03" hostname="ricebook" time="0.0">
  <properties/>
  <testcase name="testAddingAndFetchingOptionalConfigItems" classname="com.gazbert.bxbot.domain.exchange.TestOptionalConfig" time="0.0"/>
  <system-out><![CDATA[]]></system-out>
  <system-err><![CDATA[]]></system-err>
</testsuite>
