<?xml version="1.0" encoding="UTF-8"?>
<testsuite name="com.gazbert.bxbot.domain.strategy.TestStrategyConfigItems" tests="1" skipped="0" failures="0" errors="0" timestamp="2018-01-08T20:56:03" hostname="ricebook" time="0.001">
  <properties/>
  <testcase name="testAddingAndFetchingConfigItems" classname="com.gazbert.bxbot.domain.strategy.TestStrategyConfigItems" time="0.001"/>
  <system-out><![CDATA[]]></system-out>
  <system-err><![CDATA[]]></system-err>
</testsuite>
