<?xml version="1.0" encoding="UTF-8"?>
<testsuite name="com.gazbert.bxbot.domain.market.TestMarketConfig" tests="3" skipped="0" failures="0" errors="0" timestamp="2018-01-08T20:56:03" hostname="ricebook" time="0.004">
  <properties/>
  <testcase name="testSettersWorkAsExpected" classname="com.gazbert.bxbot.domain.market.TestMarketConfig" time="0.001"/>
  <testcase name="testCloningWorksAsExpected" classname="com.gazbert.bxbot.domain.market.TestMarketConfig" time="0.003"/>
  <testcase name="testInitialisationWorksAsExpected" classname="com.gazbert.bxbot.domain.market.TestMarketConfig" time="0.0"/>
  <system-out><![CDATA[]]></system-out>
  <system-err><![CDATA[]]></system-err>
</testsuite>
