<?xml version="1.0" encoding="UTF-8"?>
<testsuite name="com.gazbert.bxbot.strategy.api.TestStrategyExceptionCreation" tests="2" skipped="0" failures="0" errors="0" timestamp="2018-01-08T20:56:03" hostname="ricebook" time="0.003">
  <properties/>
  <testcase name="testCreationOfExceptionWithCauseIsAsExpected" classname="com.gazbert.bxbot.strategy.api.TestStrategyExceptionCreation" time="0.002"/>
  <testcase name="testCreationOfExceptionIsAsExpected" classname="com.gazbert.bxbot.strategy.api.TestStrategyExceptionCreation" time="0.0"/>
  <system-out><![CDATA[]]></system-out>
  <system-err><![CDATA[]]></system-err>
</testsuite>
