<?xml version="1.0" encoding="UTF-8"?>
<testsuite name="com.gazbert.bxbot.trading.api.TestTradingApiExceptionCreation" tests="2" skipped="0" failures="0" errors="0" timestamp="2018-01-08T20:56:03" hostname="ricebook" time="0.002">
  <properties/>
  <testcase name="testCreationOfExceptionWithCauseIsAsExpected" classname="com.gazbert.bxbot.trading.api.TestTradingApiExceptionCreation" time="0.001"/>
  <testcase name="testCreationOfExceptionIsAsExpected" classname="com.gazbert.bxbot.trading.api.TestTradingApiExceptionCreation" time="0.001"/>
  <system-out><![CDATA[]]></system-out>
  <system-err><![CDATA[]]></system-err>
</testsuite>
