<?xml version="1.0" encoding="UTF-8"?>
<testsuite name="com.gazbert.bxbot.exchanges.trading.api.impl.TestMarketOrderBookImpl" tests="2" skipped="0" failures="0" errors="0" timestamp="2018-01-08T20:56:31" hostname="ricebook" time="0.001">
  <properties/>
  <testcase name="testMarketOrderBookIsInitialisedAsExpected" classname="com.gazbert.bxbot.exchanges.trading.api.impl.TestMarketOrderBookImpl" time="0.001"/>
  <testcase name="testSettersWorkAsExpected" classname="com.gazbert.bxbot.exchanges.trading.api.impl.TestMarketOrderBookImpl" time="0.0"/>
  <system-out><![CDATA[]]></system-out>
  <system-err><![CDATA[]]></system-err>
</testsuite>
