<?xml version="1.0" encoding="UTF-8"?>
<testsuite name="com.gazbert.bxbot.exchanges.TestHuobiExchangeAdapter" tests="41" skipped="0" failures="0" errors="0" timestamp="2018-01-08T20:56:21" hostname="ricebook" time="2.319">
  <properties/>
  <testcase name="testSendingPublicRequestToExchangeSuccessfully" classname="com.gazbert.bxbot.exchanges.TestHuobiExchangeAdapter" time="1.878"/>
  <testcase name="testGettingBalanceInfoHandlesExchangeNetworkException" classname="com.gazbert.bxbot.exchanges.TestHuobiExchangeAdapter" time="0.019"/>
  <testcase name="testGettingLatestMarketPriceHandlesUnexpectedException" classname="com.gazbert.bxbot.exchanges.TestHuobiExchangeAdapter" time="0.03"/>
  <testcase name="testGettingMarketOrdersHandlesUnexpectedException" classname="com.gazbert.bxbot.exchanges.TestHuobiExchangeAdapter" time="0.012"/>
  <testcase name="testGettingYourOpenOrdersHandlesUnexpectedException" classname="com.gazbert.bxbot.exchanges.TestHuobiExchangeAdapter" time="0.018"/>
  <testcase name="testGettingYourOpenOrdersHandlesExchangeNetworkException" classname="com.gazbert.bxbot.exchanges.TestHuobiExchangeAdapter" time="0.006"/>
  <testcase name="testGettingMarketOrdersHandlesExchangeNetworkException" classname="com.gazbert.bxbot.exchanges.TestHuobiExchangeAdapter" time="0.005"/>
  <testcase name="testExchangeAdapterThrowsExceptionIfPublicKeyConfigIsMissing" classname="com.gazbert.bxbot.exchanges.TestHuobiExchangeAdapter" time="0.002"/>
  <testcase name="testGettingLatestMarketPriceHandlesExchangeNetworkException" classname="com.gazbert.bxbot.exchanges.TestHuobiExchangeAdapter" time="0.006"/>
  <testcase name="testCreateOrderHandlesUnexpectedException" classname="com.gazbert.bxbot.exchanges.TestHuobiExchangeAdapter" time="0.006"/>
  <testcase name="testCancelOrderHandlesExchangeNetworkException" classname="com.gazbert.bxbot.exchanges.TestHuobiExchangeAdapter" time="0.007"/>
  <testcase name="testCreateOrderHandlesExchangeNetworkException" classname="com.gazbert.bxbot.exchanges.TestHuobiExchangeAdapter" time="0.006"/>
  <testcase name="testCancelOrderHandlesUnexpectedException" classname="com.gazbert.bxbot.exchanges.TestHuobiExchangeAdapter" time="0.008"/>
  <testcase name="testExchangeAdapterInitialisesSuccessfully" classname="com.gazbert.bxbot.exchanges.TestHuobiExchangeAdapter" time="0.005"/>
  <testcase name="testGettingBalanceInfoHandlesUnexpectedException" classname="com.gazbert.bxbot.exchanges.TestHuobiExchangeAdapter" time="0.008"/>
  <testcase name="testGettingImplNameIsAsExpected" classname="com.gazbert.bxbot.exchanges.TestHuobiExchangeAdapter" time="0.005"/>
  <testcase name="testCreateOrderToBuyIsSuccessful" classname="com.gazbert.bxbot.exchanges.TestHuobiExchangeAdapter" time="0.04"/>
  <testcase name="testCancelOrderIsSuccessful" classname="com.gazbert.bxbot.exchanges.TestHuobiExchangeAdapter" time="0.01"/>
  <testcase name="testSendingAuthenticatedRequestToExchangeHandlesExchangeNetworkException" classname="com.gazbert.bxbot.exchanges.TestHuobiExchangeAdapter" time="0.052"/>
  <testcase name="testSendingPublicRequestToExchangeHandlesExchangeNetworkException" classname="com.gazbert.bxbot.exchanges.TestHuobiExchangeAdapter" time="0.005"/>
  <testcase name="testSendingAuthenticatedRequestToExchangeHandlesTradingApiException" classname="com.gazbert.bxbot.exchanges.TestHuobiExchangeAdapter" time="0.02"/>
  <testcase name="testGettingYourOpenOrdersSuccessfully" classname="com.gazbert.bxbot.exchanges.TestHuobiExchangeAdapter" time="0.028"/>
  <testcase name="testCreateOrderToSellIsSuccessful" classname="com.gazbert.bxbot.exchanges.TestHuobiExchangeAdapter" time="0.007"/>
  <testcase name="testGettingLatestMarketPriceSuccessfully" classname="com.gazbert.bxbot.exchanges.TestHuobiExchangeAdapter" time="0.005"/>
  <testcase name="testGettingBalanceInfoSuccessfully" classname="com.gazbert.bxbot.exchanges.TestHuobiExchangeAdapter" time="0.009"/>
  <testcase name="testSendingAuthenticatedRequestToExchangeSuccessfully" classname="com.gazbert.bxbot.exchanges.TestHuobiExchangeAdapter" time="0.014"/>
  <testcase name="testSendingPublicRequestToExchangeHandlesTradingApiException" classname="com.gazbert.bxbot.exchanges.TestHuobiExchangeAdapter" time="0.006"/>
  <testcase name="testExchangeAdapterThrowsExceptionIfTimeoutConfigIsMissing" classname="com.gazbert.bxbot.exchanges.TestHuobiExchangeAdapter" time="0.002"/>
  <testcase name="testExchangeAdapterThrowsExceptionIfSecretConfigIsMissing" classname="com.gazbert.bxbot.exchanges.TestHuobiExchangeAdapter" time="0.002"/>
  <testcase name="testGettingExchangeSellingFeeIsAsExpected" classname="com.gazbert.bxbot.exchanges.TestHuobiExchangeAdapter" time="0.004"/>
  <testcase name="testGettingMarketOrders" classname="com.gazbert.bxbot.exchanges.TestHuobiExchangeAdapter" time="0.02"/>
  <testcase name="testCreateOrderExchangeErrorResponse" classname="com.gazbert.bxbot.exchanges.TestHuobiExchangeAdapter" time="0.006"/>
  <testcase name="testGettingMarketOrdersForInvalidMarket" classname="com.gazbert.bxbot.exchanges.TestHuobiExchangeAdapter" time="0.01"/>
  <testcase name="testCancelOrderExchangeErrorResponse" classname="com.gazbert.bxbot.exchanges.TestHuobiExchangeAdapter" time="0.006"/>
  <testcase name="testGettingExchangeBuyingFeeIsAsExpected" classname="com.gazbert.bxbot.exchanges.TestHuobiExchangeAdapter" time="0.005"/>
  <testcase name="testGettingYourOpenOrdersExchangeErrorResponse" classname="com.gazbert.bxbot.exchanges.TestHuobiExchangeAdapter" time="0.009"/>
  <testcase name="testGettingBalanceInfoExchangeErrorResponse" classname="com.gazbert.bxbot.exchanges.TestHuobiExchangeAdapter" time="0.006"/>
  <testcase name="testGettingLatestMarketPriceForInvalidMarket" classname="com.gazbert.bxbot.exchanges.TestHuobiExchangeAdapter" time="0.006"/>
  <testcase name="testExchangeAdapterThrowsExceptionIfAccountInfoMarketConfigIsMissing" classname="com.gazbert.bxbot.exchanges.TestHuobiExchangeAdapter" time="0.004"/>
  <testcase name="testExchangeAdapterThrowsExceptionIfBuyFeeIsMissing" classname="com.gazbert.bxbot.exchanges.TestHuobiExchangeAdapter" time="0.003"/>
  <testcase name="testExchangeAdapterThrowsExceptionIfSellFeeIsMissing" classname="com.gazbert.bxbot.exchanges.TestHuobiExchangeAdapter" time="0.004"/>
  <system-out><![CDATA[14229 [Test worker] 2018-01-08 14:56:22,497 INFO  HuobiExchangeAdapter init() - About to initialise Huobi ExchangeConfig: EasyMock for interface com.gazbert.bxbot.exchange.api.ExchangeConfig
14244 [Test worker] 2018-01-08 14:56:22,512 INFO  AbstractExchangeAdapter setNetworkConfig() - connection-timeout: 30
14244 [Test worker] 2018-01-08 14:56:22,512 INFO  AbstractExchangeAdapter setNetworkConfig() - non-fatal-error-codes: [502, 503, 504]
14245 [Test worker] 2018-01-08 14:56:22,513 INFO  AbstractExchangeAdapter setNetworkConfig() - non-fatal-error-messages: [Connection refused, Connection reset, Remote host closed connection during handshake]
14246 [Test worker] 2018-01-08 14:56:22,514 INFO  AbstractExchangeAdapter getOptionalConfigItem() - buy-fee: 0.2
14247 [Test worker] 2018-01-08 14:56:22,515 INFO  HuobiExchangeAdapter setOptionalConfig() - Buy fee % in BigDecimal format: 0.00200000
14247 [Test worker] 2018-01-08 14:56:22,515 INFO  AbstractExchangeAdapter getOptionalConfigItem() - sell-fee: 0.2
14248 [Test worker] 2018-01-08 14:56:22,516 INFO  HuobiExchangeAdapter setOptionalConfig() - Sell fee % in BigDecimal format: 0.00200000
14249 [Test worker] 2018-01-08 14:56:22,517 INFO  AbstractExchangeAdapter getOptionalConfigItem() - account-info-market: usd
14870 [Test worker] 2018-01-08 14:56:23,138 DEBUG HuobiExchangeAdapter getLatestMarketPrice() - Latest Market Price response: ExchangeHttpResponse{statusCode=200, reasonPhrase=OK, payload={
  "time": "1444079458",
  "ticker": {
    "vol": 7363.542,
    "last": 240.31,
    "buy": 238.83,
    "sell": 240.34,
    "high": 240.84,
    "low": 238.26
  }
}}
14934 [Test worker] 2018-01-08 14:56:23,202 INFO  HuobiExchangeAdapter init() - About to initialise Huobi ExchangeConfig: EasyMock for interface com.gazbert.bxbot.exchange.api.ExchangeConfig
14936 [Test worker] 2018-01-08 14:56:23,204 INFO  AbstractExchangeAdapter setNetworkConfig() - connection-timeout: 30
14937 [Test worker] 2018-01-08 14:56:23,205 INFO  AbstractExchangeAdapter setNetworkConfig() - non-fatal-error-codes: [502, 503, 504]
14938 [Test worker] 2018-01-08 14:56:23,206 INFO  AbstractExchangeAdapter setNetworkConfig() - non-fatal-error-messages: [Connection refused, Connection reset, Remote host closed connection during handshake]
14939 [Test worker] 2018-01-08 14:56:23,207 INFO  AbstractExchangeAdapter getOptionalConfigItem() - buy-fee: 0.2
14940 [Test worker] 2018-01-08 14:56:23,208 INFO  HuobiExchangeAdapter setOptionalConfig() - Buy fee % in BigDecimal format: 0.00200000
14941 [Test worker] 2018-01-08 14:56:23,209 INFO  AbstractExchangeAdapter getOptionalConfigItem() - sell-fee: 0.2
14943 [Test worker] 2018-01-08 14:56:23,211 INFO  HuobiExchangeAdapter setOptionalConfig() - Sell fee % in BigDecimal format: 0.00200000
14944 [Test worker] 2018-01-08 14:56:23,212 INFO  AbstractExchangeAdapter getOptionalConfigItem() - account-info-market: usd
14951 [Test worker] 2018-01-08 14:56:23,219 INFO  HuobiExchangeAdapter init() - About to initialise Huobi ExchangeConfig: EasyMock for interface com.gazbert.bxbot.exchange.api.ExchangeConfig
14952 [Test worker] 2018-01-08 14:56:23,220 INFO  AbstractExchangeAdapter setNetworkConfig() - connection-timeout: 30
14954 [Test worker] 2018-01-08 14:56:23,222 INFO  AbstractExchangeAdapter setNetworkConfig() - non-fatal-error-codes: [502, 503, 504]
14955 [Test worker] 2018-01-08 14:56:23,223 INFO  AbstractExchangeAdapter setNetworkConfig() - non-fatal-error-messages: [Connection refused, Connection reset, Remote host closed connection during handshake]
14957 [Test worker] 2018-01-08 14:56:23,225 INFO  AbstractExchangeAdapter getOptionalConfigItem() - buy-fee: 0.2
14959 [Test worker] 2018-01-08 14:56:23,227 INFO  HuobiExchangeAdapter setOptionalConfig() - Buy fee % in BigDecimal format: 0.00200000
14960 [Test worker] 2018-01-08 14:56:23,228 INFO  AbstractExchangeAdapter getOptionalConfigItem() - sell-fee: 0.2
14961 [Test worker] 2018-01-08 14:56:23,229 INFO  HuobiExchangeAdapter setOptionalConfig() - Sell fee % in BigDecimal format: 0.00200000
14962 [Test worker] 2018-01-08 14:56:23,230 INFO  AbstractExchangeAdapter getOptionalConfigItem() - account-info-market: usd
14965 [Test worker] 2018-01-08 14:56:23,233 ERROR HuobiExchangeAdapter getLatestMarketPrice() - Unexpected error has occurred in Huobi Exchange Adapter. 
java.lang.IllegalArgumentException: You know nothing. In fact, you know less than nothing. If you knew that you knew nothing, then that would be something, but you don't.
	at org.easymock.internal.MockInvocationHandler.invoke(MockInvocationHandler.java:46) ~[easymock-3.5.1.jar:3.5.1]
	at org.powermock.api.easymock.internal.invocationcontrol.EasyMockMethodInvocationControl.invoke(EasyMockMethodInvocationControl.java:90) ~[powermock-api-easymock-1.7.3.jar:1.7.3]
	at org.powermock.core.MockGateway.doMethodCall(MockGateway.java:182) ~[powermock-core-1.7.3.jar:1.7.3]
	at org.powermock.core.MockGateway.doMethodCall(MockGateway.java:164) ~[powermock-core-1.7.3.jar:1.7.3]
	at org.powermock.core.MockGateway.methodCall(MockGateway.java:134) ~[powermock-core-1.7.3.jar:1.7.3]
	at com.gazbert.bxbot.exchanges.HuobiExchangeAdapter.sendPublicRequestToExchange(HuobiExchangeAdapter.java) ~[main/:?]
	at com.gazbert.bxbot.exchanges.HuobiExchangeAdapter.getLatestMarketPrice(HuobiExchangeAdapter.java:542) [main/:?]
	at com.gazbert.bxbot.exchanges.HuobiExchangeAdapter$$EnhancerByCGLIB$$dc7005a8.CGLIB$getLatestMarketPrice$8(<generated>) [main/:?]
	at com.gazbert.bxbot.exchanges.HuobiExchangeAdapter$$EnhancerByCGLIB$$dc7005a8$$FastClassByCGLIB$$29c52a86.invoke(<generated>) [main/:?]
	at org.easymock.cglib.proxy.MethodProxy.invokeSuper(MethodProxy.java:228) [easymock-3.5.1.jar:3.5.1]
	at org.easymock.internal.ClassProxyFactory$MockMethodInterceptor.intercept(ClassProxyFactory.java:92) [easymock-3.5.1.jar:3.5.1]
	at com.gazbert.bxbot.exchanges.HuobiExchangeAdapter$$EnhancerByCGLIB$$dc7005a8.getLatestMarketPrice(<generated>) [main/:?]
	at com.gazbert.bxbot.exchanges.TestHuobiExchangeAdapter.testGettingLatestMarketPriceHandlesUnexpectedException(TestHuobiExchangeAdapter.java:634) [test/:?]
	at sun.reflect.NativeMethodAccessorImpl.invoke0(Native Method) ~[?:1.8.0_144]
	at sun.reflect.NativeMethodAccessorImpl.invoke(NativeMethodAccessorImpl.java:62) ~[?:1.8.0_144]
	at sun.reflect.DelegatingMethodAccessorImpl.invoke(DelegatingMethodAccessorImpl.java:43) ~[?:1.8.0_144]
	at java.lang.reflect.Method.invoke(Method.java:498) ~[?:1.8.0_144]
	at org.junit.internal.runners.TestMethod.invoke(TestMethod.java:68) [junit-4.12.jar:4.12]
	at org.powermock.modules.junit4.internal.impl.PowerMockJUnit44RunnerDelegateImpl$PowerMockJUnit44MethodRunner.runTestMethod(PowerMockJUnit44RunnerDelegateImpl.java:326) [powermock-module-junit4-1.7.3.jar:1.7.3]
	at org.junit.internal.runners.MethodRoadie$2.run(MethodRoadie.java:89) [junit-4.12.jar:4.12]
	at org.junit.internal.runners.MethodRoadie.runBeforesThenTestThenAfters(MethodRoadie.java:97) [junit-4.12.jar:4.12]
	at org.powermock.modules.junit4.internal.impl.PowerMockJUnit44RunnerDelegateImpl$PowerMockJUnit44MethodRunner.executeTest(PowerMockJUnit44RunnerDelegateImpl.java:310) [powermock-module-junit4-1.7.3.jar:1.7.3]
	at org.powermock.modules.junit4.internal.impl.PowerMockJUnit47RunnerDelegateImpl$PowerMockJUnit47MethodRunner.executeTestInSuper(PowerMockJUnit47RunnerDelegateImpl.java:131) [powermock-module-junit4-1.7.3.jar:1.7.3]
	at org.powermock.modules.junit4.internal.impl.PowerMockJUnit47RunnerDelegateImpl$PowerMockJUnit47MethodRunner.access$100(PowerMockJUnit47RunnerDelegateImpl.java:59) [powermock-module-junit4-1.7.3.jar:1.7.3]
	at org.powermock.modules.junit4.internal.impl.PowerMockJUnit47RunnerDelegateImpl$PowerMockJUnit47MethodRunner$TestExecutorStatement.evaluate(PowerMockJUnit47RunnerDelegateImpl.java:147) [powermock-module-junit4-1.7.3.jar:1.7.3]
	at org.powermock.modules.junit4.internal.impl.PowerMockJUnit47RunnerDelegateImpl$PowerMockJUnit47MethodRunner.evaluateStatement(PowerMockJUnit47RunnerDelegateImpl.java:107) [powermock-module-junit4-1.7.3.jar:1.7.3]
	at org.powermock.modules.junit4.internal.impl.PowerMockJUnit47RunnerDelegateImpl$PowerMockJUnit47MethodRunner.executeTest(PowerMockJUnit47RunnerDelegateImpl.java:82) [powermock-module-junit4-1.7.3.jar:1.7.3]
	at org.powermock.modules.junit4.internal.impl.PowerMockJUnit44RunnerDelegateImpl$PowerMockJUnit44MethodRunner.runBeforesThenTestThenAfters(PowerMockJUnit44RunnerDelegateImpl.java:298) [powermock-module-junit4-1.7.3.jar:1.7.3]
	at org.junit.internal.runners.MethodRoadie.runTest(MethodRoadie.java:87) [junit-4.12.jar:4.12]
	at org.junit.internal.runners.MethodRoadie.run(MethodRoadie.java:50) [junit-4.12.jar:4.12]
	at org.powermock.modules.junit4.internal.impl.PowerMockJUnit44RunnerDelegateImpl.invokeTestMethod(PowerMockJUnit44RunnerDelegateImpl.java:218) [powermock-module-junit4-1.7.3.jar:1.7.3]
	at org.powermock.modules.junit4.internal.impl.PowerMockJUnit44RunnerDelegateImpl.runMethods(PowerMockJUnit44RunnerDelegateImpl.java:160) [powermock-module-junit4-1.7.3.jar:1.7.3]
	at org.powermock.modules.junit4.internal.impl.PowerMockJUnit44RunnerDelegateImpl$1.run(PowerMockJUnit44RunnerDelegateImpl.java:134) [powermock-module-junit4-1.7.3.jar:1.7.3]
	at org.junit.internal.runners.ClassRoadie.runUnprotected(ClassRoadie.java:34) [junit-4.12.jar:4.12]
	at org.junit.internal.runners.ClassRoadie.runProtected(ClassRoadie.java:44) [junit-4.12.jar:4.12]
	at org.powermock.modules.junit4.internal.impl.PowerMockJUnit44RunnerDelegateImpl.run(PowerMockJUnit44RunnerDelegateImpl.java:136) [powermock-module-junit4-1.7.3.jar:1.7.3]
	at org.powermock.modules.junit4.common.internal.impl.JUnit4TestSuiteChunkerImpl.run(JUnit4TestSuiteChunkerImpl.java:121) [powermock-module-junit4-common-1.7.3.jar:1.7.3]
	at org.powermock.modules.junit4.common.internal.impl.AbstractCommonPowerMockRunner.run(AbstractCommonPowerMockRunner.java:57) [powermock-module-junit4-common-1.7.3.jar:1.7.3]
	at org.powermock.modules.junit4.PowerMockRunner.run(PowerMockRunner.java:59) [powermock-module-junit4-1.7.3.jar:1.7.3]
	at org.gradle.api.internal.tasks.testing.junit.JUnitTestClassExecuter.runTestClass(JUnitTestClassExecuter.java:114) [gradle-testing-jvm-4.4.1.jar:4.4.1]
	at org.gradle.api.internal.tasks.testing.junit.JUnitTestClassExecuter.execute(JUnitTestClassExecuter.java:57) [gradle-testing-jvm-4.4.1.jar:4.4.1]
	at org.gradle.api.internal.tasks.testing.junit.JUnitTestClassProcessor.processTestClass(JUnitTestClassProcessor.java:66) [gradle-testing-jvm-4.4.1.jar:4.4.1]
	at org.gradle.api.internal.tasks.testing.SuiteTestClassProcessor.processTestClass(SuiteTestClassProcessor.java:51) [gradle-testing-base-4.4.1.jar:4.4.1]
	at sun.reflect.NativeMethodAccessorImpl.invoke0(Native Method) ~[?:1.8.0_144]
	at sun.reflect.NativeMethodAccessorImpl.invoke(NativeMethodAccessorImpl.java:62) ~[?:1.8.0_144]
	at sun.reflect.DelegatingMethodAccessorImpl.invoke(DelegatingMethodAccessorImpl.java:43) ~[?:1.8.0_144]
	at java.lang.reflect.Method.invoke(Method.java:498) ~[?:1.8.0_144]
	at org.gradle.internal.dispatch.ReflectionDispatch.dispatch(ReflectionDispatch.java:35) [gradle-messaging-4.4.1.jar:4.4.1]
	at org.gradle.internal.dispatch.ReflectionDispatch.dispatch(ReflectionDispatch.java:24) [gradle-messaging-4.4.1.jar:4.4.1]
	at org.gradle.internal.dispatch.ContextClassLoaderDispatch.dispatch(ContextClassLoaderDispatch.java:32) [gradle-messaging-4.4.1.jar:4.4.1]
	at org.gradle.internal.dispatch.ProxyDispatchAdapter$DispatchingInvocationHandler.invoke(ProxyDispatchAdapter.java:93) [gradle-messaging-4.4.1.jar:4.4.1]
	at com.sun.proxy.$Proxy1.processTestClass(Unknown Source) [?:?]
	at org.gradle.api.internal.tasks.testing.worker.TestWorker.processTestClass(TestWorker.java:108) [gradle-testing-base-4.4.1.jar:4.4.1]
	at sun.reflect.NativeMethodAccessorImpl.invoke0(Native Method) ~[?:1.8.0_144]
	at sun.reflect.NativeMethodAccessorImpl.invoke(NativeMethodAccessorImpl.java:62) ~[?:1.8.0_144]
	at sun.reflect.DelegatingMethodAccessorImpl.invoke(DelegatingMethodAccessorImpl.java:43) ~[?:1.8.0_144]
	at java.lang.reflect.Method.invoke(Method.java:498) ~[?:1.8.0_144]
	at org.gradle.internal.dispatch.ReflectionDispatch.dispatch(ReflectionDispatch.java:35) [gradle-messaging-4.4.1.jar:4.4.1]
	at org.gradle.internal.dispatch.ReflectionDispatch.dispatch(ReflectionDispatch.java:24) [gradle-messaging-4.4.1.jar:4.4.1]
	at org.gradle.internal.remote.internal.hub.MessageHubBackedObjectConnection$DispatchWrapper.dispatch(MessageHubBackedObjectConnection.java:146) [gradle-messaging-4.4.1.jar:4.4.1]
	at org.gradle.internal.remote.internal.hub.MessageHubBackedObjectConnection$DispatchWrapper.dispatch(MessageHubBackedObjectConnection.java:128) [gradle-messaging-4.4.1.jar:4.4.1]
	at org.gradle.internal.remote.internal.hub.MessageHub$Handler.run(MessageHub.java:404) [gradle-messaging-4.4.1.jar:4.4.1]
	at org.gradle.internal.concurrent.ExecutorPolicy$CatchAndRecordFailures.onExecute(ExecutorPolicy.java:63) [gradle-base-services-4.4.1.jar:4.4.1]
	at org.gradle.internal.concurrent.ManagedExecutorImpl$1.run(ManagedExecutorImpl.java:46) [gradle-base-services-4.4.1.jar:4.4.1]
	at java.util.concurrent.ThreadPoolExecutor.runWorker(ThreadPoolExecutor.java:1149) [?:1.8.0_144]
	at java.util.concurrent.ThreadPoolExecutor$Worker.run(ThreadPoolExecutor.java:624) [?:1.8.0_144]
	at org.gradle.internal.concurrent.ThreadFactoryImpl$ManagedThreadRunnable.run(ThreadFactoryImpl.java:55) [gradle-base-services-4.4.1.jar:4.4.1]
	at java.lang.Thread.run(Thread.java:748) [?:1.8.0_144]
14980 [Test worker] 2018-01-08 14:56:23,248 INFO  HuobiExchangeAdapter init() - About to initialise Huobi ExchangeConfig: EasyMock for interface com.gazbert.bxbot.exchange.api.ExchangeConfig
14981 [Test worker] 2018-01-08 14:56:23,249 INFO  AbstractExchangeAdapter setNetworkConfig() - connection-timeout: 30
14982 [Test worker] 2018-01-08 14:56:23,250 INFO  AbstractExchangeAdapter setNetworkConfig() - non-fatal-error-codes: [502, 503, 504]
14983 [Test worker] 2018-01-08 14:56:23,251 INFO  AbstractExchangeAdapter setNetworkConfig() - non-fatal-error-messages: [Connection refused, Connection reset, Remote host closed connection during handshake]
14984 [Test worker] 2018-01-08 14:56:23,252 INFO  AbstractExchangeAdapter getOptionalConfigItem() - buy-fee: 0.2
14984 [Test worker] 2018-01-08 14:56:23,252 INFO  HuobiExchangeAdapter setOptionalConfig() - Buy fee % in BigDecimal format: 0.00200000
14985 [Test worker] 2018-01-08 14:56:23,253 INFO  AbstractExchangeAdapter getOptionalConfigItem() - sell-fee: 0.2
14985 [Test worker] 2018-01-08 14:56:23,253 INFO  HuobiExchangeAdapter setOptionalConfig() - Sell fee % in BigDecimal format: 0.00200000
14986 [Test worker] 2018-01-08 14:56:23,254 INFO  AbstractExchangeAdapter getOptionalConfigItem() - account-info-market: usd
14987 [Test worker] 2018-01-08 14:56:23,255 ERROR HuobiExchangeAdapter getMarketOrders() - Unexpected error has occurred in Huobi Exchange Adapter. 
java.lang.IllegalArgumentException: Houston, we have a problem.
	at org.easymock.internal.MockInvocationHandler.invoke(MockInvocationHandler.java:46) ~[easymock-3.5.1.jar:3.5.1]
	at org.powermock.api.easymock.internal.invocationcontrol.EasyMockMethodInvocationControl.invoke(EasyMockMethodInvocationControl.java:90) ~[powermock-api-easymock-1.7.3.jar:1.7.3]
	at org.powermock.core.MockGateway.doMethodCall(MockGateway.java:182) ~[powermock-core-1.7.3.jar:1.7.3]
	at org.powermock.core.MockGateway.doMethodCall(MockGateway.java:164) ~[powermock-core-1.7.3.jar:1.7.3]
	at org.powermock.core.MockGateway.methodCall(MockGateway.java:134) ~[powermock-core-1.7.3.jar:1.7.3]
	at com.gazbert.bxbot.exchanges.HuobiExchangeAdapter.sendPublicRequestToExchange(HuobiExchangeAdapter.java) ~[main/:?]
	at com.gazbert.bxbot.exchanges.HuobiExchangeAdapter.getMarketOrders(HuobiExchangeAdapter.java:443) [main/:?]
	at com.gazbert.bxbot.exchanges.HuobiExchangeAdapter$$EnhancerByCGLIB$$dc7005a8.CGLIB$getMarketOrders$2(<generated>) [main/:?]
	at com.gazbert.bxbot.exchanges.HuobiExchangeAdapter$$EnhancerByCGLIB$$dc7005a8$$FastClassByCGLIB$$29c52a86.invoke(<generated>) [main/:?]
	at org.easymock.cglib.proxy.MethodProxy.invokeSuper(MethodProxy.java:228) [easymock-3.5.1.jar:3.5.1]
	at org.easymock.internal.ClassProxyFactory$MockMethodInterceptor.intercept(ClassProxyFactory.java:92) [easymock-3.5.1.jar:3.5.1]
	at com.gazbert.bxbot.exchanges.HuobiExchangeAdapter$$EnhancerByCGLIB$$dc7005a8.getMarketOrders(<generated>) [main/:?]
	at com.gazbert.bxbot.exchanges.TestHuobiExchangeAdapter.testGettingMarketOrdersHandlesUnexpectedException(TestHuobiExchangeAdapter.java:561) [test/:?]
	at sun.reflect.NativeMethodAccessorImpl.invoke0(Native Method) ~[?:1.8.0_144]
	at sun.reflect.NativeMethodAccessorImpl.invoke(NativeMethodAccessorImpl.java:62) ~[?:1.8.0_144]
	at sun.reflect.DelegatingMethodAccessorImpl.invoke(DelegatingMethodAccessorImpl.java:43) ~[?:1.8.0_144]
	at java.lang.reflect.Method.invoke(Method.java:498) ~[?:1.8.0_144]
	at org.junit.internal.runners.TestMethod.invoke(TestMethod.java:68) [junit-4.12.jar:4.12]
	at org.powermock.modules.junit4.internal.impl.PowerMockJUnit44RunnerDelegateImpl$PowerMockJUnit44MethodRunner.runTestMethod(PowerMockJUnit44RunnerDelegateImpl.java:326) [powermock-module-junit4-1.7.3.jar:1.7.3]
	at org.junit.internal.runners.MethodRoadie$2.run(MethodRoadie.java:89) [junit-4.12.jar:4.12]
	at org.junit.internal.runners.MethodRoadie.runBeforesThenTestThenAfters(MethodRoadie.java:97) [junit-4.12.jar:4.12]
	at org.powermock.modules.junit4.internal.impl.PowerMockJUnit44RunnerDelegateImpl$PowerMockJUnit44MethodRunner.executeTest(PowerMockJUnit44RunnerDelegateImpl.java:310) [powermock-module-junit4-1.7.3.jar:1.7.3]
	at org.powermock.modules.junit4.internal.impl.PowerMockJUnit47RunnerDelegateImpl$PowerMockJUnit47MethodRunner.executeTestInSuper(PowerMockJUnit47RunnerDelegateImpl.java:131) [powermock-module-junit4-1.7.3.jar:1.7.3]
	at org.powermock.modules.junit4.internal.impl.PowerMockJUnit47RunnerDelegateImpl$PowerMockJUnit47MethodRunner.access$100(PowerMockJUnit47RunnerDelegateImpl.java:59) [powermock-module-junit4-1.7.3.jar:1.7.3]
	at org.powermock.modules.junit4.internal.impl.PowerMockJUnit47RunnerDelegateImpl$PowerMockJUnit47MethodRunner$TestExecutorStatement.evaluate(PowerMockJUnit47RunnerDelegateImpl.java:147) [powermock-module-junit4-1.7.3.jar:1.7.3]
	at org.powermock.modules.junit4.internal.impl.PowerMockJUnit47RunnerDelegateImpl$PowerMockJUnit47MethodRunner.evaluateStatement(PowerMockJUnit47RunnerDelegateImpl.java:107) [powermock-module-junit4-1.7.3.jar:1.7.3]
	at org.powermock.modules.junit4.internal.impl.PowerMockJUnit47RunnerDelegateImpl$PowerMockJUnit47MethodRunner.executeTest(PowerMockJUnit47RunnerDelegateImpl.java:82) [powermock-module-junit4-1.7.3.jar:1.7.3]
	at org.powermock.modules.junit4.internal.impl.PowerMockJUnit44RunnerDelegateImpl$PowerMockJUnit44MethodRunner.runBeforesThenTestThenAfters(PowerMockJUnit44RunnerDelegateImpl.java:298) [powermock-module-junit4-1.7.3.jar:1.7.3]
	at org.junit.internal.runners.MethodRoadie.runTest(MethodRoadie.java:87) [junit-4.12.jar:4.12]
	at org.junit.internal.runners.MethodRoadie.run(MethodRoadie.java:50) [junit-4.12.jar:4.12]
	at org.powermock.modules.junit4.internal.impl.PowerMockJUnit44RunnerDelegateImpl.invokeTestMethod(PowerMockJUnit44RunnerDelegateImpl.java:218) [powermock-module-junit4-1.7.3.jar:1.7.3]
	at org.powermock.modules.junit4.internal.impl.PowerMockJUnit44RunnerDelegateImpl.runMethods(PowerMockJUnit44RunnerDelegateImpl.java:160) [powermock-module-junit4-1.7.3.jar:1.7.3]
	at org.powermock.modules.junit4.internal.impl.PowerMockJUnit44RunnerDelegateImpl$1.run(PowerMockJUnit44RunnerDelegateImpl.java:134) [powermock-module-junit4-1.7.3.jar:1.7.3]
	at org.junit.internal.runners.ClassRoadie.runUnprotected(ClassRoadie.java:34) [junit-4.12.jar:4.12]
	at org.junit.internal.runners.ClassRoadie.runProtected(ClassRoadie.java:44) [junit-4.12.jar:4.12]
	at org.powermock.modules.junit4.internal.impl.PowerMockJUnit44RunnerDelegateImpl.run(PowerMockJUnit44RunnerDelegateImpl.java:136) [powermock-module-junit4-1.7.3.jar:1.7.3]
	at org.powermock.modules.junit4.common.internal.impl.JUnit4TestSuiteChunkerImpl.run(JUnit4TestSuiteChunkerImpl.java:121) [powermock-module-junit4-common-1.7.3.jar:1.7.3]
	at org.powermock.modules.junit4.common.internal.impl.AbstractCommonPowerMockRunner.run(AbstractCommonPowerMockRunner.java:57) [powermock-module-junit4-common-1.7.3.jar:1.7.3]
	at org.powermock.modules.junit4.PowerMockRunner.run(PowerMockRunner.java:59) [powermock-module-junit4-1.7.3.jar:1.7.3]
	at org.gradle.api.internal.tasks.testing.junit.JUnitTestClassExecuter.runTestClass(JUnitTestClassExecuter.java:114) [gradle-testing-jvm-4.4.1.jar:4.4.1]
	at org.gradle.api.internal.tasks.testing.junit.JUnitTestClassExecuter.execute(JUnitTestClassExecuter.java:57) [gradle-testing-jvm-4.4.1.jar:4.4.1]
	at org.gradle.api.internal.tasks.testing.junit.JUnitTestClassProcessor.processTestClass(JUnitTestClassProcessor.java:66) [gradle-testing-jvm-4.4.1.jar:4.4.1]
	at org.gradle.api.internal.tasks.testing.SuiteTestClassProcessor.processTestClass(SuiteTestClassProcessor.java:51) [gradle-testing-base-4.4.1.jar:4.4.1]
	at sun.reflect.NativeMethodAccessorImpl.invoke0(Native Method) ~[?:1.8.0_144]
	at sun.reflect.NativeMethodAccessorImpl.invoke(NativeMethodAccessorImpl.java:62) ~[?:1.8.0_144]
	at sun.reflect.DelegatingMethodAccessorImpl.invoke(DelegatingMethodAccessorImpl.java:43) ~[?:1.8.0_144]
	at java.lang.reflect.Method.invoke(Method.java:498) ~[?:1.8.0_144]
	at org.gradle.internal.dispatch.ReflectionDispatch.dispatch(ReflectionDispatch.java:35) [gradle-messaging-4.4.1.jar:4.4.1]
	at org.gradle.internal.dispatch.ReflectionDispatch.dispatch(ReflectionDispatch.java:24) [gradle-messaging-4.4.1.jar:4.4.1]
	at org.gradle.internal.dispatch.ContextClassLoaderDispatch.dispatch(ContextClassLoaderDispatch.java:32) [gradle-messaging-4.4.1.jar:4.4.1]
	at org.gradle.internal.dispatch.ProxyDispatchAdapter$DispatchingInvocationHandler.invoke(ProxyDispatchAdapter.java:93) [gradle-messaging-4.4.1.jar:4.4.1]
	at com.sun.proxy.$Proxy1.processTestClass(Unknown Source) [?:?]
	at org.gradle.api.internal.tasks.testing.worker.TestWorker.processTestClass(TestWorker.java:108) [gradle-testing-base-4.4.1.jar:4.4.1]
	at sun.reflect.NativeMethodAccessorImpl.invoke0(Native Method) ~[?:1.8.0_144]
	at sun.reflect.NativeMethodAccessorImpl.invoke(NativeMethodAccessorImpl.java:62) ~[?:1.8.0_144]
	at sun.reflect.DelegatingMethodAccessorImpl.invoke(DelegatingMethodAccessorImpl.java:43) ~[?:1.8.0_144]
	at java.lang.reflect.Method.invoke(Method.java:498) ~[?:1.8.0_144]
	at org.gradle.internal.dispatch.ReflectionDispatch.dispatch(ReflectionDispatch.java:35) [gradle-messaging-4.4.1.jar:4.4.1]
	at org.gradle.internal.dispatch.ReflectionDispatch.dispatch(ReflectionDispatch.java:24) [gradle-messaging-4.4.1.jar:4.4.1]
	at org.gradle.internal.remote.internal.hub.MessageHubBackedObjectConnection$DispatchWrapper.dispatch(MessageHubBackedObjectConnection.java:146) [gradle-messaging-4.4.1.jar:4.4.1]
	at org.gradle.internal.remote.internal.hub.MessageHubBackedObjectConnection$DispatchWrapper.dispatch(MessageHubBackedObjectConnection.java:128) [gradle-messaging-4.4.1.jar:4.4.1]
	at org.gradle.internal.remote.internal.hub.MessageHub$Handler.run(MessageHub.java:404) [gradle-messaging-4.4.1.jar:4.4.1]
	at org.gradle.internal.concurrent.ExecutorPolicy$CatchAndRecordFailures.onExecute(ExecutorPolicy.java:63) [gradle-base-services-4.4.1.jar:4.4.1]
	at org.gradle.internal.concurrent.ManagedExecutorImpl$1.run(ManagedExecutorImpl.java:46) [gradle-base-services-4.4.1.jar:4.4.1]
	at java.util.concurrent.ThreadPoolExecutor.runWorker(ThreadPoolExecutor.java:1149) [?:1.8.0_144]
	at java.util.concurrent.ThreadPoolExecutor$Worker.run(ThreadPoolExecutor.java:624) [?:1.8.0_144]
	at org.gradle.internal.concurrent.ThreadFactoryImpl$ManagedThreadRunnable.run(ThreadFactoryImpl.java:55) [gradle-base-services-4.4.1.jar:4.4.1]
	at java.lang.Thread.run(Thread.java:748) [?:1.8.0_144]
14993 [Test worker] 2018-01-08 14:56:23,261 INFO  HuobiExchangeAdapter init() - About to initialise Huobi ExchangeConfig: EasyMock for interface com.gazbert.bxbot.exchange.api.ExchangeConfig
14994 [Test worker] 2018-01-08 14:56:23,262 INFO  AbstractExchangeAdapter setNetworkConfig() - connection-timeout: 30
14995 [Test worker] 2018-01-08 14:56:23,263 INFO  AbstractExchangeAdapter setNetworkConfig() - non-fatal-error-codes: [502, 503, 504]
14996 [Test worker] 2018-01-08 14:56:23,264 INFO  AbstractExchangeAdapter setNetworkConfig() - non-fatal-error-messages: [Connection refused, Connection reset, Remote host closed connection during handshake]
14996 [Test worker] 2018-01-08 14:56:23,264 INFO  AbstractExchangeAdapter getOptionalConfigItem() - buy-fee: 0.2
14997 [Test worker] 2018-01-08 14:56:23,265 INFO  HuobiExchangeAdapter setOptionalConfig() - Buy fee % in BigDecimal format: 0.00200000
14997 [Test worker] 2018-01-08 14:56:23,265 INFO  AbstractExchangeAdapter getOptionalConfigItem() - sell-fee: 0.2
14998 [Test worker] 2018-01-08 14:56:23,266 INFO  HuobiExchangeAdapter setOptionalConfig() - Sell fee % in BigDecimal format: 0.00200000
14998 [Test worker] 2018-01-08 14:56:23,266 INFO  AbstractExchangeAdapter getOptionalConfigItem() - account-info-market: usd
15007 [Test worker] 2018-01-08 14:56:23,275 ERROR HuobiExchangeAdapter getYourOpenOrders() - Unexpected error has occurred in Huobi Exchange Adapter. 
java.lang.IllegalStateException: TWe've never lost an American in space, we're sure as hell not gonna lose one on my watch! Failure is not an option.
	at org.easymock.internal.MockInvocationHandler.invoke(MockInvocationHandler.java:46) ~[easymock-3.5.1.jar:3.5.1]
	at org.powermock.api.easymock.internal.invocationcontrol.EasyMockMethodInvocationControl.invoke(EasyMockMethodInvocationControl.java:90) ~[powermock-api-easymock-1.7.3.jar:1.7.3]
	at org.powermock.core.MockGateway.doMethodCall(MockGateway.java:182) ~[powermock-core-1.7.3.jar:1.7.3]
	at org.powermock.core.MockGateway.doMethodCall(MockGateway.java:164) ~[powermock-core-1.7.3.jar:1.7.3]
	at org.powermock.core.MockGateway.methodCall(MockGateway.java:134) ~[powermock-core-1.7.3.jar:1.7.3]
	at com.gazbert.bxbot.exchanges.HuobiExchangeAdapter.sendAuthenticatedRequestToExchange(HuobiExchangeAdapter.java) ~[main/:?]
	at com.gazbert.bxbot.exchanges.HuobiExchangeAdapter.getYourOpenOrders(HuobiExchangeAdapter.java:365) [main/:?]
	at com.gazbert.bxbot.exchanges.HuobiExchangeAdapter$$EnhancerByCGLIB$$dc7005a8.CGLIB$getYourOpenOrders$7(<generated>) [main/:?]
	at com.gazbert.bxbot.exchanges.HuobiExchangeAdapter$$EnhancerByCGLIB$$dc7005a8$$FastClassByCGLIB$$29c52a86.invoke(<generated>) [main/:?]
	at org.easymock.cglib.proxy.MethodProxy.invokeSuper(MethodProxy.java:228) [easymock-3.5.1.jar:3.5.1]
	at org.easymock.internal.ClassProxyFactory$MockMethodInterceptor.intercept(ClassProxyFactory.java:92) [easymock-3.5.1.jar:3.5.1]
	at com.gazbert.bxbot.exchanges.HuobiExchangeAdapter$$EnhancerByCGLIB$$dc7005a8.getYourOpenOrders(<generated>) [main/:?]
	at com.gazbert.bxbot.exchanges.TestHuobiExchangeAdapter.testGettingYourOpenOrdersHandlesUnexpectedException(TestHuobiExchangeAdapter.java:467) [test/:?]
	at sun.reflect.NativeMethodAccessorImpl.invoke0(Native Method) ~[?:1.8.0_144]
	at sun.reflect.NativeMethodAccessorImpl.invoke(NativeMethodAccessorImpl.java:62) ~[?:1.8.0_144]
	at sun.reflect.DelegatingMethodAccessorImpl.invoke(DelegatingMethodAccessorImpl.java:43) ~[?:1.8.0_144]
	at java.lang.reflect.Method.invoke(Method.java:498) ~[?:1.8.0_144]
	at org.junit.internal.runners.TestMethod.invoke(TestMethod.java:68) [junit-4.12.jar:4.12]
	at org.powermock.modules.junit4.internal.impl.PowerMockJUnit44RunnerDelegateImpl$PowerMockJUnit44MethodRunner.runTestMethod(PowerMockJUnit44RunnerDelegateImpl.java:326) [powermock-module-junit4-1.7.3.jar:1.7.3]
	at org.junit.internal.runners.MethodRoadie$2.run(MethodRoadie.java:89) [junit-4.12.jar:4.12]
	at org.junit.internal.runners.MethodRoadie.runBeforesThenTestThenAfters(MethodRoadie.java:97) [junit-4.12.jar:4.12]
	at org.powermock.modules.junit4.internal.impl.PowerMockJUnit44RunnerDelegateImpl$PowerMockJUnit44MethodRunner.executeTest(PowerMockJUnit44RunnerDelegateImpl.java:310) [powermock-module-junit4-1.7.3.jar:1.7.3]
	at org.powermock.modules.junit4.internal.impl.PowerMockJUnit47RunnerDelegateImpl$PowerMockJUnit47MethodRunner.executeTestInSuper(PowerMockJUnit47RunnerDelegateImpl.java:131) [powermock-module-junit4-1.7.3.jar:1.7.3]
	at org.powermock.modules.junit4.internal.impl.PowerMockJUnit47RunnerDelegateImpl$PowerMockJUnit47MethodRunner.access$100(PowerMockJUnit47RunnerDelegateImpl.java:59) [powermock-module-junit4-1.7.3.jar:1.7.3]
	at org.powermock.modules.junit4.internal.impl.PowerMockJUnit47RunnerDelegateImpl$PowerMockJUnit47MethodRunner$TestExecutorStatement.evaluate(PowerMockJUnit47RunnerDelegateImpl.java:147) [powermock-module-junit4-1.7.3.jar:1.7.3]
	at org.powermock.modules.junit4.internal.impl.PowerMockJUnit47RunnerDelegateImpl$PowerMockJUnit47MethodRunner.evaluateStatement(PowerMockJUnit47RunnerDelegateImpl.java:107) [powermock-module-junit4-1.7.3.jar:1.7.3]
	at org.powermock.modules.junit4.internal.impl.PowerMockJUnit47RunnerDelegateImpl$PowerMockJUnit47MethodRunner.executeTest(PowerMockJUnit47RunnerDelegateImpl.java:82) [powermock-module-junit4-1.7.3.jar:1.7.3]
	at org.powermock.modules.junit4.internal.impl.PowerMockJUnit44RunnerDelegateImpl$PowerMockJUnit44MethodRunner.runBeforesThenTestThenAfters(PowerMockJUnit44RunnerDelegateImpl.java:298) [powermock-module-junit4-1.7.3.jar:1.7.3]
	at org.junit.internal.runners.MethodRoadie.runTest(MethodRoadie.java:87) [junit-4.12.jar:4.12]
	at org.junit.internal.runners.MethodRoadie.run(MethodRoadie.java:50) [junit-4.12.jar:4.12]
	at org.powermock.modules.junit4.internal.impl.PowerMockJUnit44RunnerDelegateImpl.invokeTestMethod(PowerMockJUnit44RunnerDelegateImpl.java:218) [powermock-module-junit4-1.7.3.jar:1.7.3]
	at org.powermock.modules.junit4.internal.impl.PowerMockJUnit44RunnerDelegateImpl.runMethods(PowerMockJUnit44RunnerDelegateImpl.java:160) [powermock-module-junit4-1.7.3.jar:1.7.3]
	at org.powermock.modules.junit4.internal.impl.PowerMockJUnit44RunnerDelegateImpl$1.run(PowerMockJUnit44RunnerDelegateImpl.java:134) [powermock-module-junit4-1.7.3.jar:1.7.3]
	at org.junit.internal.runners.ClassRoadie.runUnprotected(ClassRoadie.java:34) [junit-4.12.jar:4.12]
	at org.junit.internal.runners.ClassRoadie.runProtected(ClassRoadie.java:44) [junit-4.12.jar:4.12]
	at org.powermock.modules.junit4.internal.impl.PowerMockJUnit44RunnerDelegateImpl.run(PowerMockJUnit44RunnerDelegateImpl.java:136) [powermock-module-junit4-1.7.3.jar:1.7.3]
	at org.powermock.modules.junit4.common.internal.impl.JUnit4TestSuiteChunkerImpl.run(JUnit4TestSuiteChunkerImpl.java:121) [powermock-module-junit4-common-1.7.3.jar:1.7.3]
	at org.powermock.modules.junit4.common.internal.impl.AbstractCommonPowerMockRunner.run(AbstractCommonPowerMockRunner.java:57) [powermock-module-junit4-common-1.7.3.jar:1.7.3]
	at org.powermock.modules.junit4.PowerMockRunner.run(PowerMockRunner.java:59) [powermock-module-junit4-1.7.3.jar:1.7.3]
	at org.gradle.api.internal.tasks.testing.junit.JUnitTestClassExecuter.runTestClass(JUnitTestClassExecuter.java:114) [gradle-testing-jvm-4.4.1.jar:4.4.1]
	at org.gradle.api.internal.tasks.testing.junit.JUnitTestClassExecuter.execute(JUnitTestClassExecuter.java:57) [gradle-testing-jvm-4.4.1.jar:4.4.1]
	at org.gradle.api.internal.tasks.testing.junit.JUnitTestClassProcessor.processTestClass(JUnitTestClassProcessor.java:66) [gradle-testing-jvm-4.4.1.jar:4.4.1]
	at org.gradle.api.internal.tasks.testing.SuiteTestClassProcessor.processTestClass(SuiteTestClassProcessor.java:51) [gradle-testing-base-4.4.1.jar:4.4.1]
	at sun.reflect.NativeMethodAccessorImpl.invoke0(Native Method) ~[?:1.8.0_144]
	at sun.reflect.NativeMethodAccessorImpl.invoke(NativeMethodAccessorImpl.java:62) ~[?:1.8.0_144]
	at sun.reflect.DelegatingMethodAccessorImpl.invoke(DelegatingMethodAccessorImpl.java:43) ~[?:1.8.0_144]
	at java.lang.reflect.Method.invoke(Method.java:498) ~[?:1.8.0_144]
	at org.gradle.internal.dispatch.ReflectionDispatch.dispatch(ReflectionDispatch.java:35) [gradle-messaging-4.4.1.jar:4.4.1]
	at org.gradle.internal.dispatch.ReflectionDispatch.dispatch(ReflectionDispatch.java:24) [gradle-messaging-4.4.1.jar:4.4.1]
	at org.gradle.internal.dispatch.ContextClassLoaderDispatch.dispatch(ContextClassLoaderDispatch.java:32) [gradle-messaging-4.4.1.jar:4.4.1]
	at org.gradle.internal.dispatch.ProxyDispatchAdapter$DispatchingInvocationHandler.invoke(ProxyDispatchAdapter.java:93) [gradle-messaging-4.4.1.jar:4.4.1]
	at com.sun.proxy.$Proxy1.processTestClass(Unknown Source) [?:?]
	at org.gradle.api.internal.tasks.testing.worker.TestWorker.processTestClass(TestWorker.java:108) [gradle-testing-base-4.4.1.jar:4.4.1]
	at sun.reflect.NativeMethodAccessorImpl.invoke0(Native Method) ~[?:1.8.0_144]
	at sun.reflect.NativeMethodAccessorImpl.invoke(NativeMethodAccessorImpl.java:62) ~[?:1.8.0_144]
	at sun.reflect.DelegatingMethodAccessorImpl.invoke(DelegatingMethodAccessorImpl.java:43) ~[?:1.8.0_144]
	at java.lang.reflect.Method.invoke(Method.java:498) ~[?:1.8.0_144]
	at org.gradle.internal.dispatch.ReflectionDispatch.dispatch(ReflectionDispatch.java:35) [gradle-messaging-4.4.1.jar:4.4.1]
	at org.gradle.internal.dispatch.ReflectionDispatch.dispatch(ReflectionDispatch.java:24) [gradle-messaging-4.4.1.jar:4.4.1]
	at org.gradle.internal.remote.internal.hub.MessageHubBackedObjectConnection$DispatchWrapper.dispatch(MessageHubBackedObjectConnection.java:146) [gradle-messaging-4.4.1.jar:4.4.1]
	at org.gradle.internal.remote.internal.hub.MessageHubBackedObjectConnection$DispatchWrapper.dispatch(MessageHubBackedObjectConnection.java:128) [gradle-messaging-4.4.1.jar:4.4.1]
	at org.gradle.internal.remote.internal.hub.MessageHub$Handler.run(MessageHub.java:404) [gradle-messaging-4.4.1.jar:4.4.1]
	at org.gradle.internal.concurrent.ExecutorPolicy$CatchAndRecordFailures.onExecute(ExecutorPolicy.java:63) [gradle-base-services-4.4.1.jar:4.4.1]
	at org.gradle.internal.concurrent.ManagedExecutorImpl$1.run(ManagedExecutorImpl.java:46) [gradle-base-services-4.4.1.jar:4.4.1]
	at java.util.concurrent.ThreadPoolExecutor.runWorker(ThreadPoolExecutor.java:1149) [?:1.8.0_144]
	at java.util.concurrent.ThreadPoolExecutor$Worker.run(ThreadPoolExecutor.java:624) [?:1.8.0_144]
	at org.gradle.internal.concurrent.ThreadFactoryImpl$ManagedThreadRunnable.run(ThreadFactoryImpl.java:55) [gradle-base-services-4.4.1.jar:4.4.1]
	at java.lang.Thread.run(Thread.java:748) [?:1.8.0_144]
15010 [Test worker] 2018-01-08 14:56:23,278 INFO  HuobiExchangeAdapter init() - About to initialise Huobi ExchangeConfig: EasyMock for interface com.gazbert.bxbot.exchange.api.ExchangeConfig
15010 [Test worker] 2018-01-08 14:56:23,278 INFO  AbstractExchangeAdapter setNetworkConfig() - connection-timeout: 30
15011 [Test worker] 2018-01-08 14:56:23,279 INFO  AbstractExchangeAdapter setNetworkConfig() - non-fatal-error-codes: [502, 503, 504]
15011 [Test worker] 2018-01-08 14:56:23,279 INFO  AbstractExchangeAdapter setNetworkConfig() - non-fatal-error-messages: [Connection refused, Connection reset, Remote host closed connection during handshake]
15012 [Test worker] 2018-01-08 14:56:23,280 INFO  AbstractExchangeAdapter getOptionalConfigItem() - buy-fee: 0.2
15013 [Test worker] 2018-01-08 14:56:23,281 INFO  HuobiExchangeAdapter setOptionalConfig() - Buy fee % in BigDecimal format: 0.00200000
15013 [Test worker] 2018-01-08 14:56:23,281 INFO  AbstractExchangeAdapter getOptionalConfigItem() - sell-fee: 0.2
15014 [Test worker] 2018-01-08 14:56:23,282 INFO  HuobiExchangeAdapter setOptionalConfig() - Sell fee % in BigDecimal format: 0.00200000
15014 [Test worker] 2018-01-08 14:56:23,282 INFO  AbstractExchangeAdapter getOptionalConfigItem() - account-info-market: usd
15016 [Test worker] 2018-01-08 14:56:23,284 INFO  HuobiExchangeAdapter init() - About to initialise Huobi ExchangeConfig: EasyMock for interface com.gazbert.bxbot.exchange.api.ExchangeConfig
15017 [Test worker] 2018-01-08 14:56:23,285 INFO  AbstractExchangeAdapter setNetworkConfig() - connection-timeout: 30
15017 [Test worker] 2018-01-08 14:56:23,285 INFO  AbstractExchangeAdapter setNetworkConfig() - non-fatal-error-codes: [502, 503, 504]
15017 [Test worker] 2018-01-08 14:56:23,285 INFO  AbstractExchangeAdapter setNetworkConfig() - non-fatal-error-messages: [Connection refused, Connection reset, Remote host closed connection during handshake]
15018 [Test worker] 2018-01-08 14:56:23,286 INFO  AbstractExchangeAdapter getOptionalConfigItem() - buy-fee: 0.2
15018 [Test worker] 2018-01-08 14:56:23,286 INFO  HuobiExchangeAdapter setOptionalConfig() - Buy fee % in BigDecimal format: 0.00200000
15019 [Test worker] 2018-01-08 14:56:23,287 INFO  AbstractExchangeAdapter getOptionalConfigItem() - sell-fee: 0.2
15019 [Test worker] 2018-01-08 14:56:23,287 INFO  HuobiExchangeAdapter setOptionalConfig() - Sell fee % in BigDecimal format: 0.00200000
15019 [Test worker] 2018-01-08 14:56:23,287 INFO  AbstractExchangeAdapter getOptionalConfigItem() - account-info-market: usd
15021 [Test worker] 2018-01-08 14:56:23,289 INFO  HuobiExchangeAdapter init() - About to initialise Huobi ExchangeConfig: EasyMock for interface com.gazbert.bxbot.exchange.api.ExchangeConfig
15022 [Test worker] 2018-01-08 14:56:23,290 ERROR AbstractExchangeAdapter assertItemExists() - key cannot be null or zero length! HINT: is the value set in the config/exchange.xml ?
15024 [Test worker] 2018-01-08 14:56:23,292 INFO  HuobiExchangeAdapter init() - About to initialise Huobi ExchangeConfig: EasyMock for interface com.gazbert.bxbot.exchange.api.ExchangeConfig
15025 [Test worker] 2018-01-08 14:56:23,293 INFO  AbstractExchangeAdapter setNetworkConfig() - connection-timeout: 30
15025 [Test worker] 2018-01-08 14:56:23,293 INFO  AbstractExchangeAdapter setNetworkConfig() - non-fatal-error-codes: [502, 503, 504]
15026 [Test worker] 2018-01-08 14:56:23,294 INFO  AbstractExchangeAdapter setNetworkConfig() - non-fatal-error-messages: [Connection refused, Connection reset, Remote host closed connection during handshake]
15026 [Test worker] 2018-01-08 14:56:23,294 INFO  AbstractExchangeAdapter getOptionalConfigItem() - buy-fee: 0.2
15027 [Test worker] 2018-01-08 14:56:23,295 INFO  HuobiExchangeAdapter setOptionalConfig() - Buy fee % in BigDecimal format: 0.00200000
15027 [Test worker] 2018-01-08 14:56:23,295 INFO  AbstractExchangeAdapter getOptionalConfigItem() - sell-fee: 0.2
15027 [Test worker] 2018-01-08 14:56:23,295 INFO  HuobiExchangeAdapter setOptionalConfig() - Sell fee % in BigDecimal format: 0.00200000
15028 [Test worker] 2018-01-08 14:56:23,296 INFO  AbstractExchangeAdapter getOptionalConfigItem() - account-info-market: usd
15030 [Test worker] 2018-01-08 14:56:23,298 INFO  HuobiExchangeAdapter init() - About to initialise Huobi ExchangeConfig: EasyMock for interface com.gazbert.bxbot.exchange.api.ExchangeConfig
15030 [Test worker] 2018-01-08 14:56:23,298 INFO  AbstractExchangeAdapter setNetworkConfig() - connection-timeout: 30
15031 [Test worker] 2018-01-08 14:56:23,299 INFO  AbstractExchangeAdapter setNetworkConfig() - non-fatal-error-codes: [502, 503, 504]
15031 [Test worker] 2018-01-08 14:56:23,299 INFO  AbstractExchangeAdapter setNetworkConfig() - non-fatal-error-messages: [Connection refused, Connection reset, Remote host closed connection during handshake]
15031 [Test worker] 2018-01-08 14:56:23,299 INFO  AbstractExchangeAdapter getOptionalConfigItem() - buy-fee: 0.2
15032 [Test worker] 2018-01-08 14:56:23,300 INFO  HuobiExchangeAdapter setOptionalConfig() - Buy fee % in BigDecimal format: 0.00200000
15032 [Test worker] 2018-01-08 14:56:23,300 INFO  AbstractExchangeAdapter getOptionalConfigItem() - sell-fee: 0.2
15032 [Test worker] 2018-01-08 14:56:23,300 INFO  HuobiExchangeAdapter setOptionalConfig() - Sell fee % in BigDecimal format: 0.00200000
15033 [Test worker] 2018-01-08 14:56:23,301 INFO  AbstractExchangeAdapter getOptionalConfigItem() - account-info-market: usd
15034 [Test worker] 2018-01-08 14:56:23,302 ERROR HuobiExchangeAdapter createOrder() - Unexpected error has occurred in Huobi Exchange Adapter. 
java.lang.IllegalArgumentException: Houston. We're getting our first look at the service module now. One whole side of the spacecraft is missing. Right by the high gain antennae a whole panel is blown out, right up. Right up to our heat shield.
	at org.easymock.internal.MockInvocationHandler.invoke(MockInvocationHandler.java:46) ~[easymock-3.5.1.jar:3.5.1]
	at org.powermock.api.easymock.internal.invocationcontrol.EasyMockMethodInvocationControl.invoke(EasyMockMethodInvocationControl.java:90) ~[powermock-api-easymock-1.7.3.jar:1.7.3]
	at org.powermock.core.MockGateway.doMethodCall(MockGateway.java:182) ~[powermock-core-1.7.3.jar:1.7.3]
	at org.powermock.core.MockGateway.doMethodCall(MockGateway.java:164) ~[powermock-core-1.7.3.jar:1.7.3]
	at org.powermock.core.MockGateway.methodCall(MockGateway.java:134) ~[powermock-core-1.7.3.jar:1.7.3]
	at com.gazbert.bxbot.exchanges.HuobiExchangeAdapter.sendAuthenticatedRequestToExchange(HuobiExchangeAdapter.java) ~[main/:?]
	at com.gazbert.bxbot.exchanges.HuobiExchangeAdapter.createOrder(HuobiExchangeAdapter.java:305) [main/:?]
	at com.gazbert.bxbot.exchanges.HuobiExchangeAdapter$$EnhancerByCGLIB$$dc7005a8.CGLIB$createOrder$4(<generated>) [main/:?]
	at com.gazbert.bxbot.exchanges.HuobiExchangeAdapter$$EnhancerByCGLIB$$dc7005a8$$FastClassByCGLIB$$29c52a86.invoke(<generated>) [main/:?]
	at org.easymock.cglib.proxy.MethodProxy.invokeSuper(MethodProxy.java:228) [easymock-3.5.1.jar:3.5.1]
	at org.easymock.internal.ClassProxyFactory$MockMethodInterceptor.intercept(ClassProxyFactory.java:92) [easymock-3.5.1.jar:3.5.1]
	at com.gazbert.bxbot.exchanges.HuobiExchangeAdapter$$EnhancerByCGLIB$$dc7005a8.createOrder(<generated>) [main/:?]
	at com.gazbert.bxbot.exchanges.TestHuobiExchangeAdapter.testCreateOrderHandlesUnexpectedException(TestHuobiExchangeAdapter.java:274) [test/:?]
	at sun.reflect.NativeMethodAccessorImpl.invoke0(Native Method) ~[?:1.8.0_144]
	at sun.reflect.NativeMethodAccessorImpl.invoke(NativeMethodAccessorImpl.java:62) ~[?:1.8.0_144]
	at sun.reflect.DelegatingMethodAccessorImpl.invoke(DelegatingMethodAccessorImpl.java:43) ~[?:1.8.0_144]
	at java.lang.reflect.Method.invoke(Method.java:498) ~[?:1.8.0_144]
	at org.junit.internal.runners.TestMethod.invoke(TestMethod.java:68) [junit-4.12.jar:4.12]
	at org.powermock.modules.junit4.internal.impl.PowerMockJUnit44RunnerDelegateImpl$PowerMockJUnit44MethodRunner.runTestMethod(PowerMockJUnit44RunnerDelegateImpl.java:326) [powermock-module-junit4-1.7.3.jar:1.7.3]
	at org.junit.internal.runners.MethodRoadie$2.run(MethodRoadie.java:89) [junit-4.12.jar:4.12]
	at org.junit.internal.runners.MethodRoadie.runBeforesThenTestThenAfters(MethodRoadie.java:97) [junit-4.12.jar:4.12]
	at org.powermock.modules.junit4.internal.impl.PowerMockJUnit44RunnerDelegateImpl$PowerMockJUnit44MethodRunner.executeTest(PowerMockJUnit44RunnerDelegateImpl.java:310) [powermock-module-junit4-1.7.3.jar:1.7.3]
	at org.powermock.modules.junit4.internal.impl.PowerMockJUnit47RunnerDelegateImpl$PowerMockJUnit47MethodRunner.executeTestInSuper(PowerMockJUnit47RunnerDelegateImpl.java:131) [powermock-module-junit4-1.7.3.jar:1.7.3]
	at org.powermock.modules.junit4.internal.impl.PowerMockJUnit47RunnerDelegateImpl$PowerMockJUnit47MethodRunner.access$100(PowerMockJUnit47RunnerDelegateImpl.java:59) [powermock-module-junit4-1.7.3.jar:1.7.3]
	at org.powermock.modules.junit4.internal.impl.PowerMockJUnit47RunnerDelegateImpl$PowerMockJUnit47MethodRunner$TestExecutorStatement.evaluate(PowerMockJUnit47RunnerDelegateImpl.java:147) [powermock-module-junit4-1.7.3.jar:1.7.3]
	at org.powermock.modules.junit4.internal.impl.PowerMockJUnit47RunnerDelegateImpl$PowerMockJUnit47MethodRunner.evaluateStatement(PowerMockJUnit47RunnerDelegateImpl.java:107) [powermock-module-junit4-1.7.3.jar:1.7.3]
	at org.powermock.modules.junit4.internal.impl.PowerMockJUnit47RunnerDelegateImpl$PowerMockJUnit47MethodRunner.executeTest(PowerMockJUnit47RunnerDelegateImpl.java:82) [powermock-module-junit4-1.7.3.jar:1.7.3]
	at org.powermock.modules.junit4.internal.impl.PowerMockJUnit44RunnerDelegateImpl$PowerMockJUnit44MethodRunner.runBeforesThenTestThenAfters(PowerMockJUnit44RunnerDelegateImpl.java:298) [powermock-module-junit4-1.7.3.jar:1.7.3]
	at org.junit.internal.runners.MethodRoadie.runTest(MethodRoadie.java:87) [junit-4.12.jar:4.12]
	at org.junit.internal.runners.MethodRoadie.run(MethodRoadie.java:50) [junit-4.12.jar:4.12]
	at org.powermock.modules.junit4.internal.impl.PowerMockJUnit44RunnerDelegateImpl.invokeTestMethod(PowerMockJUnit44RunnerDelegateImpl.java:218) [powermock-module-junit4-1.7.3.jar:1.7.3]
	at org.powermock.modules.junit4.internal.impl.PowerMockJUnit44RunnerDelegateImpl.runMethods(PowerMockJUnit44RunnerDelegateImpl.java:160) [powermock-module-junit4-1.7.3.jar:1.7.3]
	at org.powermock.modules.junit4.internal.impl.PowerMockJUnit44RunnerDelegateImpl$1.run(PowerMockJUnit44RunnerDelegateImpl.java:134) [powermock-module-junit4-1.7.3.jar:1.7.3]
	at org.junit.internal.runners.ClassRoadie.runUnprotected(ClassRoadie.java:34) [junit-4.12.jar:4.12]
	at org.junit.internal.runners.ClassRoadie.runProtected(ClassRoadie.java:44) [junit-4.12.jar:4.12]
	at org.powermock.modules.junit4.internal.impl.PowerMockJUnit44RunnerDelegateImpl.run(PowerMockJUnit44RunnerDelegateImpl.java:136) [powermock-module-junit4-1.7.3.jar:1.7.3]
	at org.powermock.modules.junit4.common.internal.impl.JUnit4TestSuiteChunkerImpl.run(JUnit4TestSuiteChunkerImpl.java:121) [powermock-module-junit4-common-1.7.3.jar:1.7.3]
	at org.powermock.modules.junit4.common.internal.impl.AbstractCommonPowerMockRunner.run(AbstractCommonPowerMockRunner.java:57) [powermock-module-junit4-common-1.7.3.jar:1.7.3]
	at org.powermock.modules.junit4.PowerMockRunner.run(PowerMockRunner.java:59) [powermock-module-junit4-1.7.3.jar:1.7.3]
	at org.gradle.api.internal.tasks.testing.junit.JUnitTestClassExecuter.runTestClass(JUnitTestClassExecuter.java:114) [gradle-testing-jvm-4.4.1.jar:4.4.1]
	at org.gradle.api.internal.tasks.testing.junit.JUnitTestClassExecuter.execute(JUnitTestClassExecuter.java:57) [gradle-testing-jvm-4.4.1.jar:4.4.1]
	at org.gradle.api.internal.tasks.testing.junit.JUnitTestClassProcessor.processTestClass(JUnitTestClassProcessor.java:66) [gradle-testing-jvm-4.4.1.jar:4.4.1]
	at org.gradle.api.internal.tasks.testing.SuiteTestClassProcessor.processTestClass(SuiteTestClassProcessor.java:51) [gradle-testing-base-4.4.1.jar:4.4.1]
	at sun.reflect.NativeMethodAccessorImpl.invoke0(Native Method) ~[?:1.8.0_144]
	at sun.reflect.NativeMethodAccessorImpl.invoke(NativeMethodAccessorImpl.java:62) ~[?:1.8.0_144]
	at sun.reflect.DelegatingMethodAccessorImpl.invoke(DelegatingMethodAccessorImpl.java:43) ~[?:1.8.0_144]
	at java.lang.reflect.Method.invoke(Method.java:498) ~[?:1.8.0_144]
	at org.gradle.internal.dispatch.ReflectionDispatch.dispatch(ReflectionDispatch.java:35) [gradle-messaging-4.4.1.jar:4.4.1]
	at org.gradle.internal.dispatch.ReflectionDispatch.dispatch(ReflectionDispatch.java:24) [gradle-messaging-4.4.1.jar:4.4.1]
	at org.gradle.internal.dispatch.ContextClassLoaderDispatch.dispatch(ContextClassLoaderDispatch.java:32) [gradle-messaging-4.4.1.jar:4.4.1]
	at org.gradle.internal.dispatch.ProxyDispatchAdapter$DispatchingInvocationHandler.invoke(ProxyDispatchAdapter.java:93) [gradle-messaging-4.4.1.jar:4.4.1]
	at com.sun.proxy.$Proxy1.processTestClass(Unknown Source) [?:?]
	at org.gradle.api.internal.tasks.testing.worker.TestWorker.processTestClass(TestWorker.java:108) [gradle-testing-base-4.4.1.jar:4.4.1]
	at sun.reflect.NativeMethodAccessorImpl.invoke0(Native Method) ~[?:1.8.0_144]
	at sun.reflect.NativeMethodAccessorImpl.invoke(NativeMethodAccessorImpl.java:62) ~[?:1.8.0_144]
	at sun.reflect.DelegatingMethodAccessorImpl.invoke(DelegatingMethodAccessorImpl.java:43) ~[?:1.8.0_144]
	at java.lang.reflect.Method.invoke(Method.java:498) ~[?:1.8.0_144]
	at org.gradle.internal.dispatch.ReflectionDispatch.dispatch(ReflectionDispatch.java:35) [gradle-messaging-4.4.1.jar:4.4.1]
	at org.gradle.internal.dispatch.ReflectionDispatch.dispatch(ReflectionDispatch.java:24) [gradle-messaging-4.4.1.jar:4.4.1]
	at org.gradle.internal.remote.internal.hub.MessageHubBackedObjectConnection$DispatchWrapper.dispatch(MessageHubBackedObjectConnection.java:146) [gradle-messaging-4.4.1.jar:4.4.1]
	at org.gradle.internal.remote.internal.hub.MessageHubBackedObjectConnection$DispatchWrapper.dispatch(MessageHubBackedObjectConnection.java:128) [gradle-messaging-4.4.1.jar:4.4.1]
	at org.gradle.internal.remote.internal.hub.MessageHub$Handler.run(MessageHub.java:404) [gradle-messaging-4.4.1.jar:4.4.1]
	at org.gradle.internal.concurrent.ExecutorPolicy$CatchAndRecordFailures.onExecute(ExecutorPolicy.java:63) [gradle-base-services-4.4.1.jar:4.4.1]
	at org.gradle.internal.concurrent.ManagedExecutorImpl$1.run(ManagedExecutorImpl.java:46) [gradle-base-services-4.4.1.jar:4.4.1]
	at java.util.concurrent.ThreadPoolExecutor.runWorker(ThreadPoolExecutor.java:1149) [?:1.8.0_144]
	at java.util.concurrent.ThreadPoolExecutor$Worker.run(ThreadPoolExecutor.java:624) [?:1.8.0_144]
	at org.gradle.internal.concurrent.ThreadFactoryImpl$ManagedThreadRunnable.run(ThreadFactoryImpl.java:55) [gradle-base-services-4.4.1.jar:4.4.1]
	at java.lang.Thread.run(Thread.java:748) [?:1.8.0_144]
15037 [Test worker] 2018-01-08 14:56:23,305 INFO  HuobiExchangeAdapter init() - About to initialise Huobi ExchangeConfig: EasyMock for interface com.gazbert.bxbot.exchange.api.ExchangeConfig
15038 [Test worker] 2018-01-08 14:56:23,306 INFO  AbstractExchangeAdapter setNetworkConfig() - connection-timeout: 30
15038 [Test worker] 2018-01-08 14:56:23,306 INFO  AbstractExchangeAdapter setNetworkConfig() - non-fatal-error-codes: [502, 503, 504]
15039 [Test worker] 2018-01-08 14:56:23,307 INFO  AbstractExchangeAdapter setNetworkConfig() - non-fatal-error-messages: [Connection refused, Connection reset, Remote host closed connection during handshake]
15039 [Test worker] 2018-01-08 14:56:23,307 INFO  AbstractExchangeAdapter getOptionalConfigItem() - buy-fee: 0.2
15040 [Test worker] 2018-01-08 14:56:23,308 INFO  HuobiExchangeAdapter setOptionalConfig() - Buy fee % in BigDecimal format: 0.00200000
15040 [Test worker] 2018-01-08 14:56:23,308 INFO  AbstractExchangeAdapter getOptionalConfigItem() - sell-fee: 0.2
15041 [Test worker] 2018-01-08 14:56:23,309 INFO  HuobiExchangeAdapter setOptionalConfig() - Sell fee % in BigDecimal format: 0.00200000
15041 [Test worker] 2018-01-08 14:56:23,309 INFO  AbstractExchangeAdapter getOptionalConfigItem() - account-info-market: usd
15044 [Test worker] 2018-01-08 14:56:23,312 INFO  HuobiExchangeAdapter init() - About to initialise Huobi ExchangeConfig: EasyMock for interface com.gazbert.bxbot.exchange.api.ExchangeConfig
15045 [Test worker] 2018-01-08 14:56:23,313 INFO  AbstractExchangeAdapter setNetworkConfig() - connection-timeout: 30
15045 [Test worker] 2018-01-08 14:56:23,313 INFO  AbstractExchangeAdapter setNetworkConfig() - non-fatal-error-codes: [502, 503, 504]
15045 [Test worker] 2018-01-08 14:56:23,313 INFO  AbstractExchangeAdapter setNetworkConfig() - non-fatal-error-messages: [Connection refused, Connection reset, Remote host closed connection during handshake]
15046 [Test worker] 2018-01-08 14:56:23,314 INFO  AbstractExchangeAdapter getOptionalConfigItem() - buy-fee: 0.2
15046 [Test worker] 2018-01-08 14:56:23,314 INFO  HuobiExchangeAdapter setOptionalConfig() - Buy fee % in BigDecimal format: 0.00200000
15046 [Test worker] 2018-01-08 14:56:23,314 INFO  AbstractExchangeAdapter getOptionalConfigItem() - sell-fee: 0.2
15047 [Test worker] 2018-01-08 14:56:23,315 INFO  HuobiExchangeAdapter setOptionalConfig() - Sell fee % in BigDecimal format: 0.00200000
15047 [Test worker] 2018-01-08 14:56:23,315 INFO  AbstractExchangeAdapter getOptionalConfigItem() - account-info-market: usd
15050 [Test worker] 2018-01-08 14:56:23,318 INFO  HuobiExchangeAdapter init() - About to initialise Huobi ExchangeConfig: EasyMock for interface com.gazbert.bxbot.exchange.api.ExchangeConfig
15051 [Test worker] 2018-01-08 14:56:23,319 INFO  AbstractExchangeAdapter setNetworkConfig() - connection-timeout: 30
15051 [Test worker] 2018-01-08 14:56:23,319 INFO  AbstractExchangeAdapter setNetworkConfig() - non-fatal-error-codes: [502, 503, 504]
15052 [Test worker] 2018-01-08 14:56:23,320 INFO  AbstractExchangeAdapter setNetworkConfig() - non-fatal-error-messages: [Connection refused, Connection reset, Remote host closed connection during handshake]
15052 [Test worker] 2018-01-08 14:56:23,320 INFO  AbstractExchangeAdapter getOptionalConfigItem() - buy-fee: 0.2
15053 [Test worker] 2018-01-08 14:56:23,321 INFO  HuobiExchangeAdapter setOptionalConfig() - Buy fee % in BigDecimal format: 0.00200000
15054 [Test worker] 2018-01-08 14:56:23,322 INFO  AbstractExchangeAdapter getOptionalConfigItem() - sell-fee: 0.2
15054 [Test worker] 2018-01-08 14:56:23,322 INFO  HuobiExchangeAdapter setOptionalConfig() - Sell fee % in BigDecimal format: 0.00200000
15055 [Test worker] 2018-01-08 14:56:23,323 INFO  AbstractExchangeAdapter getOptionalConfigItem() - account-info-market: usd
15056 [Test worker] 2018-01-08 14:56:23,324 ERROR HuobiExchangeAdapter cancelOrder() - Unexpected error has occurred in Huobi Exchange Adapter. 
java.lang.IllegalStateException: Sorry, nobody down here but the FBI's most unwanted.
	at org.easymock.internal.MockInvocationHandler.invoke(MockInvocationHandler.java:46) ~[easymock-3.5.1.jar:3.5.1]
	at org.powermock.api.easymock.internal.invocationcontrol.EasyMockMethodInvocationControl.invoke(EasyMockMethodInvocationControl.java:90) ~[powermock-api-easymock-1.7.3.jar:1.7.3]
	at org.powermock.core.MockGateway.doMethodCall(MockGateway.java:182) ~[powermock-core-1.7.3.jar:1.7.3]
	at org.powermock.core.MockGateway.doMethodCall(MockGateway.java:164) ~[powermock-core-1.7.3.jar:1.7.3]
	at org.powermock.core.MockGateway.methodCall(MockGateway.java:134) ~[powermock-core-1.7.3.jar:1.7.3]
	at com.gazbert.bxbot.exchanges.HuobiExchangeAdapter.sendAuthenticatedRequestToExchange(HuobiExchangeAdapter.java) ~[main/:?]
	at com.gazbert.bxbot.exchanges.HuobiExchangeAdapter.cancelOrder(HuobiExchangeAdapter.java:335) [main/:?]
	at com.gazbert.bxbot.exchanges.HuobiExchangeAdapter$$EnhancerByCGLIB$$dc7005a8.CGLIB$cancelOrder$3(<generated>) [main/:?]
	at com.gazbert.bxbot.exchanges.HuobiExchangeAdapter$$EnhancerByCGLIB$$dc7005a8$$FastClassByCGLIB$$29c52a86.invoke(<generated>) [main/:?]
	at org.easymock.cglib.proxy.MethodProxy.invokeSuper(MethodProxy.java:228) [easymock-3.5.1.jar:3.5.1]
	at org.easymock.internal.ClassProxyFactory$MockMethodInterceptor.intercept(ClassProxyFactory.java:92) [easymock-3.5.1.jar:3.5.1]
	at com.gazbert.bxbot.exchanges.HuobiExchangeAdapter$$EnhancerByCGLIB$$dc7005a8.cancelOrder(<generated>) [main/:?]
	at com.gazbert.bxbot.exchanges.TestHuobiExchangeAdapter.testCancelOrderHandlesUnexpectedException(TestHuobiExchangeAdapter.java:366) [test/:?]
	at sun.reflect.NativeMethodAccessorImpl.invoke0(Native Method) ~[?:1.8.0_144]
	at sun.reflect.NativeMethodAccessorImpl.invoke(NativeMethodAccessorImpl.java:62) ~[?:1.8.0_144]
	at sun.reflect.DelegatingMethodAccessorImpl.invoke(DelegatingMethodAccessorImpl.java:43) ~[?:1.8.0_144]
	at java.lang.reflect.Method.invoke(Method.java:498) ~[?:1.8.0_144]
	at org.junit.internal.runners.TestMethod.invoke(TestMethod.java:68) [junit-4.12.jar:4.12]
	at org.powermock.modules.junit4.internal.impl.PowerMockJUnit44RunnerDelegateImpl$PowerMockJUnit44MethodRunner.runTestMethod(PowerMockJUnit44RunnerDelegateImpl.java:326) [powermock-module-junit4-1.7.3.jar:1.7.3]
	at org.junit.internal.runners.MethodRoadie$2.run(MethodRoadie.java:89) [junit-4.12.jar:4.12]
	at org.junit.internal.runners.MethodRoadie.runBeforesThenTestThenAfters(MethodRoadie.java:97) [junit-4.12.jar:4.12]
	at org.powermock.modules.junit4.internal.impl.PowerMockJUnit44RunnerDelegateImpl$PowerMockJUnit44MethodRunner.executeTest(PowerMockJUnit44RunnerDelegateImpl.java:310) [powermock-module-junit4-1.7.3.jar:1.7.3]
	at org.powermock.modules.junit4.internal.impl.PowerMockJUnit47RunnerDelegateImpl$PowerMockJUnit47MethodRunner.executeTestInSuper(PowerMockJUnit47RunnerDelegateImpl.java:131) [powermock-module-junit4-1.7.3.jar:1.7.3]
	at org.powermock.modules.junit4.internal.impl.PowerMockJUnit47RunnerDelegateImpl$PowerMockJUnit47MethodRunner.access$100(PowerMockJUnit47RunnerDelegateImpl.java:59) [powermock-module-junit4-1.7.3.jar:1.7.3]
	at org.powermock.modules.junit4.internal.impl.PowerMockJUnit47RunnerDelegateImpl$PowerMockJUnit47MethodRunner$TestExecutorStatement.evaluate(PowerMockJUnit47RunnerDelegateImpl.java:147) [powermock-module-junit4-1.7.3.jar:1.7.3]
	at org.powermock.modules.junit4.internal.impl.PowerMockJUnit47RunnerDelegateImpl$PowerMockJUnit47MethodRunner.evaluateStatement(PowerMockJUnit47RunnerDelegateImpl.java:107) [powermock-module-junit4-1.7.3.jar:1.7.3]
	at org.powermock.modules.junit4.internal.impl.PowerMockJUnit47RunnerDelegateImpl$PowerMockJUnit47MethodRunner.executeTest(PowerMockJUnit47RunnerDelegateImpl.java:82) [powermock-module-junit4-1.7.3.jar:1.7.3]
	at org.powermock.modules.junit4.internal.impl.PowerMockJUnit44RunnerDelegateImpl$PowerMockJUnit44MethodRunner.runBeforesThenTestThenAfters(PowerMockJUnit44RunnerDelegateImpl.java:298) [powermock-module-junit4-1.7.3.jar:1.7.3]
	at org.junit.internal.runners.MethodRoadie.runTest(MethodRoadie.java:87) [junit-4.12.jar:4.12]
	at org.junit.internal.runners.MethodRoadie.run(MethodRoadie.java:50) [junit-4.12.jar:4.12]
	at org.powermock.modules.junit4.internal.impl.PowerMockJUnit44RunnerDelegateImpl.invokeTestMethod(PowerMockJUnit44RunnerDelegateImpl.java:218) [powermock-module-junit4-1.7.3.jar:1.7.3]
	at org.powermock.modules.junit4.internal.impl.PowerMockJUnit44RunnerDelegateImpl.runMethods(PowerMockJUnit44RunnerDelegateImpl.java:160) [powermock-module-junit4-1.7.3.jar:1.7.3]
	at org.powermock.modules.junit4.internal.impl.PowerMockJUnit44RunnerDelegateImpl$1.run(PowerMockJUnit44RunnerDelegateImpl.java:134) [powermock-module-junit4-1.7.3.jar:1.7.3]
	at org.junit.internal.runners.ClassRoadie.runUnprotected(ClassRoadie.java:34) [junit-4.12.jar:4.12]
	at org.junit.internal.runners.ClassRoadie.runProtected(ClassRoadie.java:44) [junit-4.12.jar:4.12]
	at org.powermock.modules.junit4.internal.impl.PowerMockJUnit44RunnerDelegateImpl.run(PowerMockJUnit44RunnerDelegateImpl.java:136) [powermock-module-junit4-1.7.3.jar:1.7.3]
	at org.powermock.modules.junit4.common.internal.impl.JUnit4TestSuiteChunkerImpl.run(JUnit4TestSuiteChunkerImpl.java:121) [powermock-module-junit4-common-1.7.3.jar:1.7.3]
	at org.powermock.modules.junit4.common.internal.impl.AbstractCommonPowerMockRunner.run(AbstractCommonPowerMockRunner.java:57) [powermock-module-junit4-common-1.7.3.jar:1.7.3]
	at org.powermock.modules.junit4.PowerMockRunner.run(PowerMockRunner.java:59) [powermock-module-junit4-1.7.3.jar:1.7.3]
	at org.gradle.api.internal.tasks.testing.junit.JUnitTestClassExecuter.runTestClass(JUnitTestClassExecuter.java:114) [gradle-testing-jvm-4.4.1.jar:4.4.1]
	at org.gradle.api.internal.tasks.testing.junit.JUnitTestClassExecuter.execute(JUnitTestClassExecuter.java:57) [gradle-testing-jvm-4.4.1.jar:4.4.1]
	at org.gradle.api.internal.tasks.testing.junit.JUnitTestClassProcessor.processTestClass(JUnitTestClassProcessor.java:66) [gradle-testing-jvm-4.4.1.jar:4.4.1]
	at org.gradle.api.internal.tasks.testing.SuiteTestClassProcessor.processTestClass(SuiteTestClassProcessor.java:51) [gradle-testing-base-4.4.1.jar:4.4.1]
	at sun.reflect.NativeMethodAccessorImpl.invoke0(Native Method) ~[?:1.8.0_144]
	at sun.reflect.NativeMethodAccessorImpl.invoke(NativeMethodAccessorImpl.java:62) ~[?:1.8.0_144]
	at sun.reflect.DelegatingMethodAccessorImpl.invoke(DelegatingMethodAccessorImpl.java:43) ~[?:1.8.0_144]
	at java.lang.reflect.Method.invoke(Method.java:498) ~[?:1.8.0_144]
	at org.gradle.internal.dispatch.ReflectionDispatch.dispatch(ReflectionDispatch.java:35) [gradle-messaging-4.4.1.jar:4.4.1]
	at org.gradle.internal.dispatch.ReflectionDispatch.dispatch(ReflectionDispatch.java:24) [gradle-messaging-4.4.1.jar:4.4.1]
	at org.gradle.internal.dispatch.ContextClassLoaderDispatch.dispatch(ContextClassLoaderDispatch.java:32) [gradle-messaging-4.4.1.jar:4.4.1]
	at org.gradle.internal.dispatch.ProxyDispatchAdapter$DispatchingInvocationHandler.invoke(ProxyDispatchAdapter.java:93) [gradle-messaging-4.4.1.jar:4.4.1]
	at com.sun.proxy.$Proxy1.processTestClass(Unknown Source) [?:?]
	at org.gradle.api.internal.tasks.testing.worker.TestWorker.processTestClass(TestWorker.java:108) [gradle-testing-base-4.4.1.jar:4.4.1]
	at sun.reflect.NativeMethodAccessorImpl.invoke0(Native Method) ~[?:1.8.0_144]
	at sun.reflect.NativeMethodAccessorImpl.invoke(NativeMethodAccessorImpl.java:62) ~[?:1.8.0_144]
	at sun.reflect.DelegatingMethodAccessorImpl.invoke(DelegatingMethodAccessorImpl.java:43) ~[?:1.8.0_144]
	at java.lang.reflect.Method.invoke(Method.java:498) ~[?:1.8.0_144]
	at org.gradle.internal.dispatch.ReflectionDispatch.dispatch(ReflectionDispatch.java:35) [gradle-messaging-4.4.1.jar:4.4.1]
	at org.gradle.internal.dispatch.ReflectionDispatch.dispatch(ReflectionDispatch.java:24) [gradle-messaging-4.4.1.jar:4.4.1]
	at org.gradle.internal.remote.internal.hub.MessageHubBackedObjectConnection$DispatchWrapper.dispatch(MessageHubBackedObjectConnection.java:146) [gradle-messaging-4.4.1.jar:4.4.1]
	at org.gradle.internal.remote.internal.hub.MessageHubBackedObjectConnection$DispatchWrapper.dispatch(MessageHubBackedObjectConnection.java:128) [gradle-messaging-4.4.1.jar:4.4.1]
	at org.gradle.internal.remote.internal.hub.MessageHub$Handler.run(MessageHub.java:404) [gradle-messaging-4.4.1.jar:4.4.1]
	at org.gradle.internal.concurrent.ExecutorPolicy$CatchAndRecordFailures.onExecute(ExecutorPolicy.java:63) [gradle-base-services-4.4.1.jar:4.4.1]
	at org.gradle.internal.concurrent.ManagedExecutorImpl$1.run(ManagedExecutorImpl.java:46) [gradle-base-services-4.4.1.jar:4.4.1]
	at java.util.concurrent.ThreadPoolExecutor.runWorker(ThreadPoolExecutor.java:1149) [?:1.8.0_144]
	at java.util.concurrent.ThreadPoolExecutor$Worker.run(ThreadPoolExecutor.java:624) [?:1.8.0_144]
	at org.gradle.internal.concurrent.ThreadFactoryImpl$ManagedThreadRunnable.run(ThreadFactoryImpl.java:55) [gradle-base-services-4.4.1.jar:4.4.1]
	at java.lang.Thread.run(Thread.java:748) [?:1.8.0_144]
15058 [Test worker] 2018-01-08 14:56:23,326 INFO  HuobiExchangeAdapter init() - About to initialise Huobi ExchangeConfig: EasyMock for interface com.gazbert.bxbot.exchange.api.ExchangeConfig
15059 [Test worker] 2018-01-08 14:56:23,327 INFO  AbstractExchangeAdapter setNetworkConfig() - connection-timeout: 30
15059 [Test worker] 2018-01-08 14:56:23,327 INFO  AbstractExchangeAdapter setNetworkConfig() - non-fatal-error-codes: [502, 503, 504]
15060 [Test worker] 2018-01-08 14:56:23,328 INFO  AbstractExchangeAdapter setNetworkConfig() - non-fatal-error-messages: [Connection refused, Connection reset, Remote host closed connection during handshake]
15060 [Test worker] 2018-01-08 14:56:23,328 INFO  AbstractExchangeAdapter getOptionalConfigItem() - buy-fee: 0.2
15061 [Test worker] 2018-01-08 14:56:23,329 INFO  HuobiExchangeAdapter setOptionalConfig() - Buy fee % in BigDecimal format: 0.00200000
15061 [Test worker] 2018-01-08 14:56:23,329 INFO  AbstractExchangeAdapter getOptionalConfigItem() - sell-fee: 0.2
15062 [Test worker] 2018-01-08 14:56:23,330 INFO  HuobiExchangeAdapter setOptionalConfig() - Sell fee % in BigDecimal format: 0.00200000
15062 [Test worker] 2018-01-08 14:56:23,330 INFO  AbstractExchangeAdapter getOptionalConfigItem() - account-info-market: usd
15064 [Test worker] 2018-01-08 14:56:23,332 INFO  HuobiExchangeAdapter init() - About to initialise Huobi ExchangeConfig: EasyMock for interface com.gazbert.bxbot.exchange.api.ExchangeConfig
15064 [Test worker] 2018-01-08 14:56:23,332 INFO  AbstractExchangeAdapter setNetworkConfig() - connection-timeout: 30
15065 [Test worker] 2018-01-08 14:56:23,333 INFO  AbstractExchangeAdapter setNetworkConfig() - non-fatal-error-codes: [502, 503, 504]
15066 [Test worker] 2018-01-08 14:56:23,334 INFO  AbstractExchangeAdapter setNetworkConfig() - non-fatal-error-messages: [Connection refused, Connection reset, Remote host closed connection during handshake]
15066 [Test worker] 2018-01-08 14:56:23,334 INFO  AbstractExchangeAdapter getOptionalConfigItem() - buy-fee: 0.2
15067 [Test worker] 2018-01-08 14:56:23,335 INFO  HuobiExchangeAdapter setOptionalConfig() - Buy fee % in BigDecimal format: 0.00200000
15067 [Test worker] 2018-01-08 14:56:23,335 INFO  AbstractExchangeAdapter getOptionalConfigItem() - sell-fee: 0.2
15068 [Test worker] 2018-01-08 14:56:23,336 INFO  HuobiExchangeAdapter setOptionalConfig() - Sell fee % in BigDecimal format: 0.00200000
15068 [Test worker] 2018-01-08 14:56:23,336 INFO  AbstractExchangeAdapter getOptionalConfigItem() - account-info-market: usd
15069 [Test worker] 2018-01-08 14:56:23,337 ERROR HuobiExchangeAdapter getBalanceInfo() - Unexpected error has occurred in Huobi Exchange Adapter. 
java.lang.IllegalStateException: That's, ahh... that's a surfboard all right! Looks like a '57 Chevy I used to have.
	at org.easymock.internal.MockInvocationHandler.invoke(MockInvocationHandler.java:46) ~[easymock-3.5.1.jar:3.5.1]
	at org.powermock.api.easymock.internal.invocationcontrol.EasyMockMethodInvocationControl.invoke(EasyMockMethodInvocationControl.java:90) ~[powermock-api-easymock-1.7.3.jar:1.7.3]
	at org.powermock.core.MockGateway.doMethodCall(MockGateway.java:182) ~[powermock-core-1.7.3.jar:1.7.3]
	at org.powermock.core.MockGateway.doMethodCall(MockGateway.java:164) ~[powermock-core-1.7.3.jar:1.7.3]
	at org.powermock.core.MockGateway.methodCall(MockGateway.java:134) ~[powermock-core-1.7.3.jar:1.7.3]
	at com.gazbert.bxbot.exchanges.HuobiExchangeAdapter.sendAuthenticatedRequestToExchange(HuobiExchangeAdapter.java) ~[main/:?]
	at com.gazbert.bxbot.exchanges.HuobiExchangeAdapter.getBalanceInfo(HuobiExchangeAdapter.java:485) [main/:?]
	at com.gazbert.bxbot.exchanges.HuobiExchangeAdapter$$EnhancerByCGLIB$$dc7005a8.CGLIB$getBalanceInfo$1(<generated>) [main/:?]
	at com.gazbert.bxbot.exchanges.HuobiExchangeAdapter$$EnhancerByCGLIB$$dc7005a8$$FastClassByCGLIB$$29c52a86.invoke(<generated>) [main/:?]
	at org.easymock.cglib.proxy.MethodProxy.invokeSuper(MethodProxy.java:228) [easymock-3.5.1.jar:3.5.1]
	at org.easymock.internal.ClassProxyFactory$MockMethodInterceptor.intercept(ClassProxyFactory.java:92) [easymock-3.5.1.jar:3.5.1]
	at com.gazbert.bxbot.exchanges.HuobiExchangeAdapter$$EnhancerByCGLIB$$dc7005a8.getBalanceInfo(<generated>) [main/:?]
	at com.gazbert.bxbot.exchanges.TestHuobiExchangeAdapter.testGettingBalanceInfoHandlesUnexpectedException(TestHuobiExchangeAdapter.java:729) [test/:?]
	at sun.reflect.NativeMethodAccessorImpl.invoke0(Native Method) ~[?:1.8.0_144]
	at sun.reflect.NativeMethodAccessorImpl.invoke(NativeMethodAccessorImpl.java:62) ~[?:1.8.0_144]
	at sun.reflect.DelegatingMethodAccessorImpl.invoke(DelegatingMethodAccessorImpl.java:43) ~[?:1.8.0_144]
	at java.lang.reflect.Method.invoke(Method.java:498) ~[?:1.8.0_144]
	at org.junit.internal.runners.TestMethod.invoke(TestMethod.java:68) [junit-4.12.jar:4.12]
	at org.powermock.modules.junit4.internal.impl.PowerMockJUnit44RunnerDelegateImpl$PowerMockJUnit44MethodRunner.runTestMethod(PowerMockJUnit44RunnerDelegateImpl.java:326) [powermock-module-junit4-1.7.3.jar:1.7.3]
	at org.junit.internal.runners.MethodRoadie$2.run(MethodRoadie.java:89) [junit-4.12.jar:4.12]
	at org.junit.internal.runners.MethodRoadie.runBeforesThenTestThenAfters(MethodRoadie.java:97) [junit-4.12.jar:4.12]
	at org.powermock.modules.junit4.internal.impl.PowerMockJUnit44RunnerDelegateImpl$PowerMockJUnit44MethodRunner.executeTest(PowerMockJUnit44RunnerDelegateImpl.java:310) [powermock-module-junit4-1.7.3.jar:1.7.3]
	at org.powermock.modules.junit4.internal.impl.PowerMockJUnit47RunnerDelegateImpl$PowerMockJUnit47MethodRunner.executeTestInSuper(PowerMockJUnit47RunnerDelegateImpl.java:131) [powermock-module-junit4-1.7.3.jar:1.7.3]
	at org.powermock.modules.junit4.internal.impl.PowerMockJUnit47RunnerDelegateImpl$PowerMockJUnit47MethodRunner.access$100(PowerMockJUnit47RunnerDelegateImpl.java:59) [powermock-module-junit4-1.7.3.jar:1.7.3]
	at org.powermock.modules.junit4.internal.impl.PowerMockJUnit47RunnerDelegateImpl$PowerMockJUnit47MethodRunner$TestExecutorStatement.evaluate(PowerMockJUnit47RunnerDelegateImpl.java:147) [powermock-module-junit4-1.7.3.jar:1.7.3]
	at org.powermock.modules.junit4.internal.impl.PowerMockJUnit47RunnerDelegateImpl$PowerMockJUnit47MethodRunner.evaluateStatement(PowerMockJUnit47RunnerDelegateImpl.java:107) [powermock-module-junit4-1.7.3.jar:1.7.3]
	at org.powermock.modules.junit4.internal.impl.PowerMockJUnit47RunnerDelegateImpl$PowerMockJUnit47MethodRunner.executeTest(PowerMockJUnit47RunnerDelegateImpl.java:82) [powermock-module-junit4-1.7.3.jar:1.7.3]
	at org.powermock.modules.junit4.internal.impl.PowerMockJUnit44RunnerDelegateImpl$PowerMockJUnit44MethodRunner.runBeforesThenTestThenAfters(PowerMockJUnit44RunnerDelegateImpl.java:298) [powermock-module-junit4-1.7.3.jar:1.7.3]
	at org.junit.internal.runners.MethodRoadie.runTest(MethodRoadie.java:87) [junit-4.12.jar:4.12]
	at org.junit.internal.runners.MethodRoadie.run(MethodRoadie.java:50) [junit-4.12.jar:4.12]
	at org.powermock.modules.junit4.internal.impl.PowerMockJUnit44RunnerDelegateImpl.invokeTestMethod(PowerMockJUnit44RunnerDelegateImpl.java:218) [powermock-module-junit4-1.7.3.jar:1.7.3]
	at org.powermock.modules.junit4.internal.impl.PowerMockJUnit44RunnerDelegateImpl.runMethods(PowerMockJUnit44RunnerDelegateImpl.java:160) [powermock-module-junit4-1.7.3.jar:1.7.3]
	at org.powermock.modules.junit4.internal.impl.PowerMockJUnit44RunnerDelegateImpl$1.run(PowerMockJUnit44RunnerDelegateImpl.java:134) [powermock-module-junit4-1.7.3.jar:1.7.3]
	at org.junit.internal.runners.ClassRoadie.runUnprotected(ClassRoadie.java:34) [junit-4.12.jar:4.12]
	at org.junit.internal.runners.ClassRoadie.runProtected(ClassRoadie.java:44) [junit-4.12.jar:4.12]
	at org.powermock.modules.junit4.internal.impl.PowerMockJUnit44RunnerDelegateImpl.run(PowerMockJUnit44RunnerDelegateImpl.java:136) [powermock-module-junit4-1.7.3.jar:1.7.3]
	at org.powermock.modules.junit4.common.internal.impl.JUnit4TestSuiteChunkerImpl.run(JUnit4TestSuiteChunkerImpl.java:121) [powermock-module-junit4-common-1.7.3.jar:1.7.3]
	at org.powermock.modules.junit4.common.internal.impl.AbstractCommonPowerMockRunner.run(AbstractCommonPowerMockRunner.java:57) [powermock-module-junit4-common-1.7.3.jar:1.7.3]
	at org.powermock.modules.junit4.PowerMockRunner.run(PowerMockRunner.java:59) [powermock-module-junit4-1.7.3.jar:1.7.3]
	at org.gradle.api.internal.tasks.testing.junit.JUnitTestClassExecuter.runTestClass(JUnitTestClassExecuter.java:114) [gradle-testing-jvm-4.4.1.jar:4.4.1]
	at org.gradle.api.internal.tasks.testing.junit.JUnitTestClassExecuter.execute(JUnitTestClassExecuter.java:57) [gradle-testing-jvm-4.4.1.jar:4.4.1]
	at org.gradle.api.internal.tasks.testing.junit.JUnitTestClassProcessor.processTestClass(JUnitTestClassProcessor.java:66) [gradle-testing-jvm-4.4.1.jar:4.4.1]
	at org.gradle.api.internal.tasks.testing.SuiteTestClassProcessor.processTestClass(SuiteTestClassProcessor.java:51) [gradle-testing-base-4.4.1.jar:4.4.1]
	at sun.reflect.NativeMethodAccessorImpl.invoke0(Native Method) ~[?:1.8.0_144]
	at sun.reflect.NativeMethodAccessorImpl.invoke(NativeMethodAccessorImpl.java:62) ~[?:1.8.0_144]
	at sun.reflect.DelegatingMethodAccessorImpl.invoke(DelegatingMethodAccessorImpl.java:43) ~[?:1.8.0_144]
	at java.lang.reflect.Method.invoke(Method.java:498) ~[?:1.8.0_144]
	at org.gradle.internal.dispatch.ReflectionDispatch.dispatch(ReflectionDispatch.java:35) [gradle-messaging-4.4.1.jar:4.4.1]
	at org.gradle.internal.dispatch.ReflectionDispatch.dispatch(ReflectionDispatch.java:24) [gradle-messaging-4.4.1.jar:4.4.1]
	at org.gradle.internal.dispatch.ContextClassLoaderDispatch.dispatch(ContextClassLoaderDispatch.java:32) [gradle-messaging-4.4.1.jar:4.4.1]
	at org.gradle.internal.dispatch.ProxyDispatchAdapter$DispatchingInvocationHandler.invoke(ProxyDispatchAdapter.java:93) [gradle-messaging-4.4.1.jar:4.4.1]
	at com.sun.proxy.$Proxy1.processTestClass(Unknown Source) [?:?]
	at org.gradle.api.internal.tasks.testing.worker.TestWorker.processTestClass(TestWorker.java:108) [gradle-testing-base-4.4.1.jar:4.4.1]
	at sun.reflect.NativeMethodAccessorImpl.invoke0(Native Method) ~[?:1.8.0_144]
	at sun.reflect.NativeMethodAccessorImpl.invoke(NativeMethodAccessorImpl.java:62) ~[?:1.8.0_144]
	at sun.reflect.DelegatingMethodAccessorImpl.invoke(DelegatingMethodAccessorImpl.java:43) ~[?:1.8.0_144]
	at java.lang.reflect.Method.invoke(Method.java:498) ~[?:1.8.0_144]
	at org.gradle.internal.dispatch.ReflectionDispatch.dispatch(ReflectionDispatch.java:35) [gradle-messaging-4.4.1.jar:4.4.1]
	at org.gradle.internal.dispatch.ReflectionDispatch.dispatch(ReflectionDispatch.java:24) [gradle-messaging-4.4.1.jar:4.4.1]
	at org.gradle.internal.remote.internal.hub.MessageHubBackedObjectConnection$DispatchWrapper.dispatch(MessageHubBackedObjectConnection.java:146) [gradle-messaging-4.4.1.jar:4.4.1]
	at org.gradle.internal.remote.internal.hub.MessageHubBackedObjectConnection$DispatchWrapper.dispatch(MessageHubBackedObjectConnection.java:128) [gradle-messaging-4.4.1.jar:4.4.1]
	at org.gradle.internal.remote.internal.hub.MessageHub$Handler.run(MessageHub.java:404) [gradle-messaging-4.4.1.jar:4.4.1]
	at org.gradle.internal.concurrent.ExecutorPolicy$CatchAndRecordFailures.onExecute(ExecutorPolicy.java:63) [gradle-base-services-4.4.1.jar:4.4.1]
	at org.gradle.internal.concurrent.ManagedExecutorImpl$1.run(ManagedExecutorImpl.java:46) [gradle-base-services-4.4.1.jar:4.4.1]
	at java.util.concurrent.ThreadPoolExecutor.runWorker(ThreadPoolExecutor.java:1149) [?:1.8.0_144]
	at java.util.concurrent.ThreadPoolExecutor$Worker.run(ThreadPoolExecutor.java:624) [?:1.8.0_144]
	at org.gradle.internal.concurrent.ThreadFactoryImpl$ManagedThreadRunnable.run(ThreadFactoryImpl.java:55) [gradle-base-services-4.4.1.jar:4.4.1]
	at java.lang.Thread.run(Thread.java:748) [?:1.8.0_144]
15073 [Test worker] 2018-01-08 14:56:23,341 INFO  HuobiExchangeAdapter init() - About to initialise Huobi ExchangeConfig: EasyMock for interface com.gazbert.bxbot.exchange.api.ExchangeConfig
15074 [Test worker] 2018-01-08 14:56:23,342 INFO  AbstractExchangeAdapter setNetworkConfig() - connection-timeout: 30
15074 [Test worker] 2018-01-08 14:56:23,342 INFO  AbstractExchangeAdapter setNetworkConfig() - non-fatal-error-codes: [502, 503, 504]
15075 [Test worker] 2018-01-08 14:56:23,343 INFO  AbstractExchangeAdapter setNetworkConfig() - non-fatal-error-messages: [Connection refused, Connection reset, Remote host closed connection during handshake]
15075 [Test worker] 2018-01-08 14:56:23,343 INFO  AbstractExchangeAdapter getOptionalConfigItem() - buy-fee: 0.2
15075 [Test worker] 2018-01-08 14:56:23,343 INFO  HuobiExchangeAdapter setOptionalConfig() - Buy fee % in BigDecimal format: 0.00200000
15076 [Test worker] 2018-01-08 14:56:23,344 INFO  AbstractExchangeAdapter getOptionalConfigItem() - sell-fee: 0.2
15076 [Test worker] 2018-01-08 14:56:23,344 INFO  HuobiExchangeAdapter setOptionalConfig() - Sell fee % in BigDecimal format: 0.00200000
15076 [Test worker] 2018-01-08 14:56:23,344 INFO  AbstractExchangeAdapter getOptionalConfigItem() - account-info-market: usd
15081 [Test worker] 2018-01-08 14:56:23,349 INFO  HuobiExchangeAdapter init() - About to initialise Huobi ExchangeConfig: EasyMock for interface com.gazbert.bxbot.exchange.api.ExchangeConfig
15082 [Test worker] 2018-01-08 14:56:23,350 INFO  AbstractExchangeAdapter setNetworkConfig() - connection-timeout: 30
15082 [Test worker] 2018-01-08 14:56:23,350 INFO  AbstractExchangeAdapter setNetworkConfig() - non-fatal-error-codes: [502, 503, 504]
15088 [Test worker] 2018-01-08 14:56:23,356 INFO  AbstractExchangeAdapter setNetworkConfig() - non-fatal-error-messages: [Connection refused, Connection reset, Remote host closed connection during handshake]
15088 [Test worker] 2018-01-08 14:56:23,356 INFO  AbstractExchangeAdapter getOptionalConfigItem() - buy-fee: 0.2
15089 [Test worker] 2018-01-08 14:56:23,357 INFO  HuobiExchangeAdapter setOptionalConfig() - Buy fee % in BigDecimal format: 0.00200000
15089 [Test worker] 2018-01-08 14:56:23,357 INFO  AbstractExchangeAdapter getOptionalConfigItem() - sell-fee: 0.2
15089 [Test worker] 2018-01-08 14:56:23,357 INFO  HuobiExchangeAdapter setOptionalConfig() - Sell fee % in BigDecimal format: 0.00200000
15090 [Test worker] 2018-01-08 14:56:23,358 INFO  AbstractExchangeAdapter getOptionalConfigItem() - account-info-market: usd
15092 [Test worker] 2018-01-08 14:56:23,360 DEBUG HuobiExchangeAdapter createOrder() - Create Order response: ExchangeHttpResponse{statusCode=200, reasonPhrase=OK, payload={
  "result": "success",
  "id": 38367448
}}
15119 [Test worker] 2018-01-08 14:56:23,387 INFO  HuobiExchangeAdapter init() - About to initialise Huobi ExchangeConfig: EasyMock for interface com.gazbert.bxbot.exchange.api.ExchangeConfig
15120 [Test worker] 2018-01-08 14:56:23,388 INFO  AbstractExchangeAdapter setNetworkConfig() - connection-timeout: 30
15121 [Test worker] 2018-01-08 14:56:23,389 INFO  AbstractExchangeAdapter setNetworkConfig() - non-fatal-error-codes: [502, 503, 504]
15121 [Test worker] 2018-01-08 14:56:23,389 INFO  AbstractExchangeAdapter setNetworkConfig() - non-fatal-error-messages: [Connection refused, Connection reset, Remote host closed connection during handshake]
15122 [Test worker] 2018-01-08 14:56:23,390 INFO  AbstractExchangeAdapter getOptionalConfigItem() - buy-fee: 0.2
15122 [Test worker] 2018-01-08 14:56:23,390 INFO  HuobiExchangeAdapter setOptionalConfig() - Buy fee % in BigDecimal format: 0.00200000
15123 [Test worker] 2018-01-08 14:56:23,391 INFO  AbstractExchangeAdapter getOptionalConfigItem() - sell-fee: 0.2
15123 [Test worker] 2018-01-08 14:56:23,391 INFO  HuobiExchangeAdapter setOptionalConfig() - Sell fee % in BigDecimal format: 0.00200000
15123 [Test worker] 2018-01-08 14:56:23,391 INFO  AbstractExchangeAdapter getOptionalConfigItem() - account-info-market: usd
15124 [Test worker] 2018-01-08 14:56:23,392 DEBUG HuobiExchangeAdapter cancelOrder() - Cancel Order response: ExchangeHttpResponse{statusCode=200, reasonPhrase=OK, payload={
  "result": "success"
}}
15170 [Test worker] 2018-01-08 14:56:23,438 INFO  HuobiExchangeAdapter init() - About to initialise Huobi ExchangeConfig: EasyMock for interface com.gazbert.bxbot.exchange.api.ExchangeConfig
15171 [Test worker] 2018-01-08 14:56:23,439 INFO  AbstractExchangeAdapter setNetworkConfig() - connection-timeout: 30
15172 [Test worker] 2018-01-08 14:56:23,440 INFO  AbstractExchangeAdapter setNetworkConfig() - non-fatal-error-codes: [502, 503, 504]
15172 [Test worker] 2018-01-08 14:56:23,440 INFO  AbstractExchangeAdapter setNetworkConfig() - non-fatal-error-messages: [Connection refused, Connection reset, Remote host closed connection during handshake]
15173 [Test worker] 2018-01-08 14:56:23,441 INFO  AbstractExchangeAdapter getOptionalConfigItem() - buy-fee: 0.2
15173 [Test worker] 2018-01-08 14:56:23,441 INFO  HuobiExchangeAdapter setOptionalConfig() - Buy fee % in BigDecimal format: 0.00200000
15174 [Test worker] 2018-01-08 14:56:23,442 INFO  AbstractExchangeAdapter getOptionalConfigItem() - sell-fee: 0.2
15174 [Test worker] 2018-01-08 14:56:23,442 INFO  HuobiExchangeAdapter setOptionalConfig() - Sell fee % in BigDecimal format: 0.00200000
15175 [Test worker] 2018-01-08 14:56:23,443 INFO  AbstractExchangeAdapter getOptionalConfigItem() - account-info-market: usd
15181 [Test worker] 2018-01-08 14:56:23,449 INFO  HuobiExchangeAdapter init() - About to initialise Huobi ExchangeConfig: EasyMock for interface com.gazbert.bxbot.exchange.api.ExchangeConfig
15182 [Test worker] 2018-01-08 14:56:23,450 INFO  AbstractExchangeAdapter setNetworkConfig() - connection-timeout: 30
15182 [Test worker] 2018-01-08 14:56:23,450 INFO  AbstractExchangeAdapter setNetworkConfig() - non-fatal-error-codes: [502, 503, 504]
15182 [Test worker] 2018-01-08 14:56:23,450 INFO  AbstractExchangeAdapter setNetworkConfig() - non-fatal-error-messages: [Connection refused, Connection reset, Remote host closed connection during handshake]
15183 [Test worker] 2018-01-08 14:56:23,451 INFO  AbstractExchangeAdapter getOptionalConfigItem() - buy-fee: 0.2
15183 [Test worker] 2018-01-08 14:56:23,451 INFO  HuobiExchangeAdapter setOptionalConfig() - Buy fee % in BigDecimal format: 0.00200000
15183 [Test worker] 2018-01-08 14:56:23,451 INFO  AbstractExchangeAdapter getOptionalConfigItem() - sell-fee: 0.2
15184 [Test worker] 2018-01-08 14:56:23,452 INFO  HuobiExchangeAdapter setOptionalConfig() - Sell fee % in BigDecimal format: 0.00200000
15184 [Test worker] 2018-01-08 14:56:23,452 INFO  AbstractExchangeAdapter getOptionalConfigItem() - account-info-market: usd
15187 [Test worker] 2018-01-08 14:56:23,455 INFO  HuobiExchangeAdapter init() - About to initialise Huobi ExchangeConfig: EasyMock for interface com.gazbert.bxbot.exchange.api.ExchangeConfig
15187 [Test worker] 2018-01-08 14:56:23,455 INFO  AbstractExchangeAdapter setNetworkConfig() - connection-timeout: 30
15188 [Test worker] 2018-01-08 14:56:23,456 INFO  AbstractExchangeAdapter setNetworkConfig() - non-fatal-error-codes: [502, 503, 504]
15189 [Test worker] 2018-01-08 14:56:23,457 INFO  AbstractExchangeAdapter setNetworkConfig() - non-fatal-error-messages: [Connection refused, Connection reset, Remote host closed connection during handshake]
15190 [Test worker] 2018-01-08 14:56:23,458 INFO  AbstractExchangeAdapter getOptionalConfigItem() - buy-fee: 0.2
15190 [Test worker] 2018-01-08 14:56:23,458 INFO  HuobiExchangeAdapter setOptionalConfig() - Buy fee % in BigDecimal format: 0.00200000
15191 [Test worker] 2018-01-08 14:56:23,459 INFO  AbstractExchangeAdapter getOptionalConfigItem() - sell-fee: 0.2
15192 [Test worker] 2018-01-08 14:56:23,460 INFO  HuobiExchangeAdapter setOptionalConfig() - Sell fee % in BigDecimal format: 0.00200000
15192 [Test worker] 2018-01-08 14:56:23,460 INFO  AbstractExchangeAdapter getOptionalConfigItem() - account-info-market: usd
15206 [Test worker] 2018-01-08 14:56:23,474 INFO  HuobiExchangeAdapter init() - About to initialise Huobi ExchangeConfig: EasyMock for interface com.gazbert.bxbot.exchange.api.ExchangeConfig
15207 [Test worker] 2018-01-08 14:56:23,475 INFO  AbstractExchangeAdapter setNetworkConfig() - connection-timeout: 30
15207 [Test worker] 2018-01-08 14:56:23,475 INFO  AbstractExchangeAdapter setNetworkConfig() - non-fatal-error-codes: [502, 503, 504]
15208 [Test worker] 2018-01-08 14:56:23,476 INFO  AbstractExchangeAdapter setNetworkConfig() - non-fatal-error-messages: [Connection refused, Connection reset, Remote host closed connection during handshake]
15208 [Test worker] 2018-01-08 14:56:23,476 INFO  AbstractExchangeAdapter getOptionalConfigItem() - buy-fee: 0.2
15209 [Test worker] 2018-01-08 14:56:23,477 INFO  HuobiExchangeAdapter setOptionalConfig() - Buy fee % in BigDecimal format: 0.00200000
15210 [Test worker] 2018-01-08 14:56:23,478 INFO  AbstractExchangeAdapter getOptionalConfigItem() - sell-fee: 0.2
15210 [Test worker] 2018-01-08 14:56:23,478 INFO  HuobiExchangeAdapter setOptionalConfig() - Sell fee % in BigDecimal format: 0.00200000
15211 [Test worker] 2018-01-08 14:56:23,479 INFO  AbstractExchangeAdapter getOptionalConfigItem() - account-info-market: usd
15212 [Test worker] 2018-01-08 14:56:23,480 DEBUG HuobiExchangeAdapter getYourOpenOrders() - Open Orders response: ExchangeHttpResponse{statusCode=200, reasonPhrase=OK, payload=[
  {
    "id": 37433151,
    "type": 2,
    "order_price": "270.18",
    "order_amount": "0.0100",
    "processed_amount": "0.0010",
    "order_time": 1444334637
  },
  {
    "id": 37432968,
    "type": 2,
    "order_price": "260.18",
    "order_amount": "0.0100",
    "processed_amount": "0.0000",
    "order_time": 1444334609
  }
]}
15236 [Test worker] 2018-01-08 14:56:23,504 INFO  HuobiExchangeAdapter init() - About to initialise Huobi ExchangeConfig: EasyMock for interface com.gazbert.bxbot.exchange.api.ExchangeConfig
15236 [Test worker] 2018-01-08 14:56:23,504 INFO  AbstractExchangeAdapter setNetworkConfig() - connection-timeout: 30
15237 [Test worker] 2018-01-08 14:56:23,505 INFO  AbstractExchangeAdapter setNetworkConfig() - non-fatal-error-codes: [502, 503, 504]
15237 [Test worker] 2018-01-08 14:56:23,505 INFO  AbstractExchangeAdapter setNetworkConfig() - non-fatal-error-messages: [Connection refused, Connection reset, Remote host closed connection during handshake]
15238 [Test worker] 2018-01-08 14:56:23,506 INFO  AbstractExchangeAdapter getOptionalConfigItem() - buy-fee: 0.2
15238 [Test worker] 2018-01-08 14:56:23,506 INFO  HuobiExchangeAdapter setOptionalConfig() - Buy fee % in BigDecimal format: 0.00200000
15238 [Test worker] 2018-01-08 14:56:23,506 INFO  AbstractExchangeAdapter getOptionalConfigItem() - sell-fee: 0.2
15239 [Test worker] 2018-01-08 14:56:23,507 INFO  HuobiExchangeAdapter setOptionalConfig() - Sell fee % in BigDecimal format: 0.00200000
15239 [Test worker] 2018-01-08 14:56:23,507 INFO  AbstractExchangeAdapter getOptionalConfigItem() - account-info-market: usd
15240 [Test worker] 2018-01-08 14:56:23,508 DEBUG HuobiExchangeAdapter createOrder() - Create Order response: ExchangeHttpResponse{statusCode=200, reasonPhrase=OK, payload={
  "result": "success",
  "id": 38367447
}}
15242 [Test worker] 2018-01-08 14:56:23,510 INFO  HuobiExchangeAdapter init() - About to initialise Huobi ExchangeConfig: EasyMock for interface com.gazbert.bxbot.exchange.api.ExchangeConfig
15242 [Test worker] 2018-01-08 14:56:23,510 INFO  AbstractExchangeAdapter setNetworkConfig() - connection-timeout: 30
15243 [Test worker] 2018-01-08 14:56:23,511 INFO  AbstractExchangeAdapter setNetworkConfig() - non-fatal-error-codes: [502, 503, 504]
15243 [Test worker] 2018-01-08 14:56:23,511 INFO  AbstractExchangeAdapter setNetworkConfig() - non-fatal-error-messages: [Connection refused, Connection reset, Remote host closed connection during handshake]
15243 [Test worker] 2018-01-08 14:56:23,511 INFO  AbstractExchangeAdapter getOptionalConfigItem() - buy-fee: 0.2
15244 [Test worker] 2018-01-08 14:56:23,512 INFO  HuobiExchangeAdapter setOptionalConfig() - Buy fee % in BigDecimal format: 0.00200000
15244 [Test worker] 2018-01-08 14:56:23,512 INFO  AbstractExchangeAdapter getOptionalConfigItem() - sell-fee: 0.2
15244 [Test worker] 2018-01-08 14:56:23,512 INFO  HuobiExchangeAdapter setOptionalConfig() - Sell fee % in BigDecimal format: 0.00200000
15245 [Test worker] 2018-01-08 14:56:23,513 INFO  AbstractExchangeAdapter getOptionalConfigItem() - account-info-market: usd
15245 [Test worker] 2018-01-08 14:56:23,513 DEBUG HuobiExchangeAdapter getLatestMarketPrice() - Latest Market Price response: ExchangeHttpResponse{statusCode=200, reasonPhrase=OK, payload={
  "time": "1444079458",
  "ticker": {
    "vol": 7363.542,
    "last": 240.31,
    "buy": 238.83,
    "sell": 240.34,
    "high": 240.84,
    "low": 238.26
  }
}}
15247 [Test worker] 2018-01-08 14:56:23,515 INFO  HuobiExchangeAdapter init() - About to initialise Huobi ExchangeConfig: EasyMock for interface com.gazbert.bxbot.exchange.api.ExchangeConfig
15248 [Test worker] 2018-01-08 14:56:23,516 INFO  AbstractExchangeAdapter setNetworkConfig() - connection-timeout: 30
15248 [Test worker] 2018-01-08 14:56:23,516 INFO  AbstractExchangeAdapter setNetworkConfig() - non-fatal-error-codes: [502, 503, 504]
15249 [Test worker] 2018-01-08 14:56:23,517 INFO  AbstractExchangeAdapter setNetworkConfig() - non-fatal-error-messages: [Connection refused, Connection reset, Remote host closed connection during handshake]
15249 [Test worker] 2018-01-08 14:56:23,517 INFO  AbstractExchangeAdapter getOptionalConfigItem() - buy-fee: 0.2
15249 [Test worker] 2018-01-08 14:56:23,517 INFO  HuobiExchangeAdapter setOptionalConfig() - Buy fee % in BigDecimal format: 0.00200000
15250 [Test worker] 2018-01-08 14:56:23,518 INFO  AbstractExchangeAdapter getOptionalConfigItem() - sell-fee: 0.2
15250 [Test worker] 2018-01-08 14:56:23,518 INFO  HuobiExchangeAdapter setOptionalConfig() - Sell fee % in BigDecimal format: 0.00200000
15250 [Test worker] 2018-01-08 14:56:23,518 INFO  AbstractExchangeAdapter getOptionalConfigItem() - account-info-market: usd
15251 [Test worker] 2018-01-08 14:56:23,519 DEBUG HuobiExchangeAdapter getBalanceInfo() - Balance Info response: ExchangeHttpResponse{statusCode=200, reasonPhrase=OK, payload={
  "total": "24.52",
  "net_asset": "24.52",
  "available_usd_display": "2.45",
  "available_btc_display": "0.0900",
  "frozen_usd_display": "0.00",
  "frozen_btc_display": "0.0000",
  "loan_usd_display": "0.00",
  "loan_btc_display": "0.0000"
}}
15258 [Test worker] 2018-01-08 14:56:23,526 INFO  HuobiExchangeAdapter init() - About to initialise Huobi ExchangeConfig: EasyMock for interface com.gazbert.bxbot.exchange.api.ExchangeConfig
15259 [Test worker] 2018-01-08 14:56:23,527 INFO  AbstractExchangeAdapter setNetworkConfig() - connection-timeout: 30
15260 [Test worker] 2018-01-08 14:56:23,528 INFO  AbstractExchangeAdapter setNetworkConfig() - non-fatal-error-codes: [502, 503, 504]
15260 [Test worker] 2018-01-08 14:56:23,528 INFO  AbstractExchangeAdapter setNetworkConfig() - non-fatal-error-messages: [Connection refused, Connection reset, Remote host closed connection during handshake]
15261 [Test worker] 2018-01-08 14:56:23,529 INFO  AbstractExchangeAdapter getOptionalConfigItem() - buy-fee: 0.2
15262 [Test worker] 2018-01-08 14:56:23,530 INFO  HuobiExchangeAdapter setOptionalConfig() - Buy fee % in BigDecimal format: 0.00200000
15262 [Test worker] 2018-01-08 14:56:23,530 INFO  AbstractExchangeAdapter getOptionalConfigItem() - sell-fee: 0.2
15263 [Test worker] 2018-01-08 14:56:23,531 INFO  HuobiExchangeAdapter setOptionalConfig() - Sell fee % in BigDecimal format: 0.00200000
15263 [Test worker] 2018-01-08 14:56:23,531 INFO  AbstractExchangeAdapter getOptionalConfigItem() - account-info-market: usd
15268 [Test worker] 2018-01-08 14:56:23,536 DEBUG HuobiExchangeAdapter createOrder() - Create Order response: ExchangeHttpResponse{statusCode=200, reasonPhrase=OK, payload={
  "result": "success",
  "id": 38367447
}}
15271 [Test worker] 2018-01-08 14:56:23,539 INFO  HuobiExchangeAdapter init() - About to initialise Huobi ExchangeConfig: EasyMock for interface com.gazbert.bxbot.exchange.api.ExchangeConfig
15272 [Test worker] 2018-01-08 14:56:23,540 INFO  AbstractExchangeAdapter setNetworkConfig() - connection-timeout: 30
15273 [Test worker] 2018-01-08 14:56:23,541 INFO  AbstractExchangeAdapter setNetworkConfig() - non-fatal-error-codes: [502, 503, 504]
15273 [Test worker] 2018-01-08 14:56:23,541 INFO  AbstractExchangeAdapter setNetworkConfig() - non-fatal-error-messages: [Connection refused, Connection reset, Remote host closed connection during handshake]
15274 [Test worker] 2018-01-08 14:56:23,542 INFO  AbstractExchangeAdapter getOptionalConfigItem() - buy-fee: 0.2
15274 [Test worker] 2018-01-08 14:56:23,542 INFO  HuobiExchangeAdapter setOptionalConfig() - Buy fee % in BigDecimal format: 0.00200000
15275 [Test worker] 2018-01-08 14:56:23,543 INFO  AbstractExchangeAdapter getOptionalConfigItem() - sell-fee: 0.2
15275 [Test worker] 2018-01-08 14:56:23,543 INFO  HuobiExchangeAdapter setOptionalConfig() - Sell fee % in BigDecimal format: 0.00200000
15275 [Test worker] 2018-01-08 14:56:23,543 INFO  AbstractExchangeAdapter getOptionalConfigItem() - account-info-market: usd
15277 [Test worker] 2018-01-08 14:56:23,545 INFO  HuobiExchangeAdapter init() - About to initialise Huobi ExchangeConfig: EasyMock for interface com.gazbert.bxbot.exchange.api.ExchangeConfig
15278 [Test worker] 2018-01-08 14:56:23,546 ERROR AbstractExchangeAdapter setNetworkConfig() - connection-timeout cannot be 0 value.EasyMock for interface com.gazbert.bxbot.exchange.api.ExchangeConfig
15279 [Test worker] 2018-01-08 14:56:23,547 INFO  HuobiExchangeAdapter init() - About to initialise Huobi ExchangeConfig: EasyMock for interface com.gazbert.bxbot.exchange.api.ExchangeConfig
15280 [Test worker] 2018-01-08 14:56:23,548 ERROR AbstractExchangeAdapter assertItemExists() - secret cannot be null or zero length! HINT: is the value set in the config/exchange.xml ?
15281 [Test worker] 2018-01-08 14:56:23,549 INFO  HuobiExchangeAdapter init() - About to initialise Huobi ExchangeConfig: EasyMock for interface com.gazbert.bxbot.exchange.api.ExchangeConfig
15281 [Test worker] 2018-01-08 14:56:23,549 INFO  AbstractExchangeAdapter setNetworkConfig() - connection-timeout: 30
15282 [Test worker] 2018-01-08 14:56:23,550 INFO  AbstractExchangeAdapter setNetworkConfig() - non-fatal-error-codes: [502, 503, 504]
15282 [Test worker] 2018-01-08 14:56:23,550 INFO  AbstractExchangeAdapter setNetworkConfig() - non-fatal-error-messages: [Connection refused, Connection reset, Remote host closed connection during handshake]
15282 [Test worker] 2018-01-08 14:56:23,550 INFO  AbstractExchangeAdapter getOptionalConfigItem() - buy-fee: 0.2
15283 [Test worker] 2018-01-08 14:56:23,551 INFO  HuobiExchangeAdapter setOptionalConfig() - Buy fee % in BigDecimal format: 0.00200000
15283 [Test worker] 2018-01-08 14:56:23,551 INFO  AbstractExchangeAdapter getOptionalConfigItem() - sell-fee: 0.2
15283 [Test worker] 2018-01-08 14:56:23,551 INFO  HuobiExchangeAdapter setOptionalConfig() - Sell fee % in BigDecimal format: 0.00200000
15284 [Test worker] 2018-01-08 14:56:23,552 INFO  AbstractExchangeAdapter getOptionalConfigItem() - account-info-market: usd
15286 [Test worker] 2018-01-08 14:56:23,554 INFO  HuobiExchangeAdapter init() - About to initialise Huobi ExchangeConfig: EasyMock for interface com.gazbert.bxbot.exchange.api.ExchangeConfig
15287 [Test worker] 2018-01-08 14:56:23,555 INFO  AbstractExchangeAdapter setNetworkConfig() - connection-timeout: 30
15287 [Test worker] 2018-01-08 14:56:23,555 INFO  AbstractExchangeAdapter setNetworkConfig() - non-fatal-error-codes: [502, 503, 504]
15288 [Test worker] 2018-01-08 14:56:23,556 INFO  AbstractExchangeAdapter setNetworkConfig() - non-fatal-error-messages: [Connection refused, Connection reset, Remote host closed connection during handshake]
15289 [Test worker] 2018-01-08 14:56:23,557 INFO  AbstractExchangeAdapter getOptionalConfigItem() - buy-fee: 0.2
15289 [Test worker] 2018-01-08 14:56:23,557 INFO  HuobiExchangeAdapter setOptionalConfig() - Buy fee % in BigDecimal format: 0.00200000
15290 [Test worker] 2018-01-08 14:56:23,558 INFO  AbstractExchangeAdapter getOptionalConfigItem() - sell-fee: 0.2
15290 [Test worker] 2018-01-08 14:56:23,558 INFO  HuobiExchangeAdapter setOptionalConfig() - Sell fee % in BigDecimal format: 0.00200000
15291 [Test worker] 2018-01-08 14:56:23,559 INFO  AbstractExchangeAdapter getOptionalConfigItem() - account-info-market: usd
15293 [Test worker] 2018-01-08 14:56:23,561 DEBUG HuobiExchangeAdapter getMarketOrders() - Market Orders response: ExchangeHttpResponse{statusCode=200, reasonPhrase=OK, payload={
  "total": 1615966.0021,
  "p_high": 247.68,
  "p_open": 247.58,
  "p_new": 246.81,
  "p_low": 246.13,
  "top_buy": [
    {
      "amount": 0.0251,
      "level": 0,
      "price": 246.79,
      "accu": 0.0251
    },
    {
      "amount": 0.001,
      "level": 0,
      "price": 246.77,
      "accu": 0.0261
    },
    {
      "amount": 5.1875,
      "level": 0,
      "price": 246.71,
      "accu": 5.2136
    },
    {
      "amount": 0.48,
      "level": 0,
      "price": 246.7,
      "accu": 5.6936
    },
    {
      "amount": 1.0956,
      "level": 0,
      "price": 246.68,
      "accu": 6.7892
    }
  ],
  "buys": [
    {
      "amount": 0.0251,
      "level": 0,
      "price": 246.79
    },
    {
      "amount": 0.001,
      "level": 0,
      "price": 246.77
    },
    {
      "amount": 5.1875,
      "level": 0,
      "price": 246.71
    },
    {
      "amount": 0.48,
      "level": 0,
      "price": 246.7
    },
    {
      "amount": 1.0956,
      "level": 0,
      "price": 246.68
    },
    {
      "amount": 0.0013,
      "level": 0,
      "price": 246.67
    },
    {
      "amount": 0.0104,
      "level": 0,
      "price": 246.65
    },
    {
      "amount": 1.04,
      "level": 0,
      "price": 246.61
    },
    {
      "amount": 0.48,
      "level": 0,
      "price": 246.6
    },
    {
      "amount": 2.904,
      "level": 0,
      "price": 246.59
    }
  ],
  "top_sell": [
    {
      "amount": 0.0001,
      "level": 0,
      "price": 246.81,
      "accu": 0.0001
    },
    {
      "amount": 0.0002,
      "level": 0,
      "price": 246.85,
      "accu": 0.0003
    },
    {
      "amount": 0.0001,
      "level": 0,
      "price": 246.86,
      "accu": 0.0004
    },
    {
      "amount": 0.0001,
      "level": 0,
      "price": 246.87,
      "accu": 0.0005
    },
    {
      "amount": 0.0011,
      "level": 0,
      "price": 246.9,
      "accu": 0.0016
    }
  ],
  "amount": 6656,
  "level": 247,
  "sells": [
    {
      "amount": 0.0001,
      "level": 0,
      "price": 246.81
    },
    {
      "amount": 0.0002,
      "level": 0,
      "price": 246.85
    },
    {
      "amount": 0.0001,
      "level": 0,
      "price": 246.86
    },
    {
      "amount": 0.0001,
      "level": 0,
      "price": 246.87
    },
    {
      "amount": 0.0011,
      "level": 0,
      "price": 246.9
    },
    {
      "amount": 0.0025,
      "level": 0,
      "price": 246.95
    },
    {
      "amount": 0.0025,
      "level": 0,
      "price": 246.97
    },
    {
      "amount": 0.0025,
      "level": 0,
      "price": 247.18
    },
    {
      "amount": 0.002,
      "level": 0,
      "price": 247.19
    },
    {
      "amount": 0.002,
      "level": 0,
      "price": 247.2
    }
  ],
  "trades": [
    {
      "amount": 0.1721,
      "time": "03:50:30",
      "price": 246.81,
      "en_type": "bid",
      "type": "??"
    },
    {
      "amount": 1.678,
      "time": "03:50:30",
      "price": 246.81,
      "en_type": "bid",
      "type": "??"
    },
    {
      "amount": 0.4239,
      "time": "03:50:21",
      "price": 246.85,
      "en_type": "bid",
      "type": "??"
    },
    {
      "amount": 0.4007,
      "time": "03:50:21",
      "price": 246.85,
      "en_type": "bid",
      "type": "??"
    },
    {
      "amount": 0.124,
      "time": "03:50:21",
      "price": 246.85,
      "en_type": "bid",
      "type": "??"
    },
    {
      "amount": 0.429,
      "time": "03:50:15",
      "price": 246.86,
      "en_type": "bid",
      "type": "??"
    },
    {
      "amount": 0.5197,
      "time": "03:50:15",
      "price": 246.86,
      "en_type": "bid",
      "type": "??"
    },
    {
      "amount": 0.9913,
      "time": "03:50:13",
      "price": 246.86,
      "en_type": "ask",
      "type": "??"
    },
    {
      "amount": 0.4794,
      "time": "03:50:12",
      "price": 246.86,
      "en_type": "ask",
      "type": "??"
    },
    {
      "amount": 0.0968,
      "time": "03:50:04",
      "price": 246.87,
      "en_type": "bid",
      "type": "??"
    },
    {
      "amount": 0.2781,
      "time": "03:50:04",
      "price": 246.87,
      "en_type": "bid",
      "type": "??"
    },
    {
      "amount": 0.0314,
      "time": "03:49:56",
      "price": 246.89,
      "en_type": "ask",
      "type": "??"
    },
    {
      "amount": 0.1208,
      "time": "03:49:56",
      "price": 246.89,
      "en_type": "ask",
      "type": "??"
    },
    {
      "amount": 0.2978,
      "time": "03:49:56",
      "price": 246.89,
      "en_type": "ask",
      "type": "??"
    },
    {
      "amount": 0.0062,
      "time": "03:49:55",
      "price": 246.79,
      "en_type": "ask",
      "type": "??"
    },
    {
      "amount": 0.0577,
      "time": "03:49:55",
      "price": 246.79,
      "en_type": "ask",
      "type": "??"
    },
    {
      "amount": 0.0332,
      "time": "03:49:55",
      "price": 246.79,
      "en_type": "ask",
      "type": "??"
    },
    {
      "amount": 0.1529,
      "time": "03:49:55",
      "price": 246.79,
      "en_type": "ask",
      "type": "??"
    },
    {
      "amount": 0.0137,
      "time": "03:49:50",
      "price": 246.79,
      "en_type": "ask",
      "type": "??"
    },
    {
      "amount": 0.2613,
      "time": "03:49:50",
      "price": 246.79,
      "en_type": "ask",
      "type": "??"
    },
    {
      "amount": 0.0301,
      "time": "03:49:49",
      "price": 246.79,
      "en_type": "ask",
      "type": "??"
    },
    {
      "amount": 0.2199,
      "time": "03:49:49",
      "price": 246.79,
      "en_type": "ask",
      "type": "??"
    },
    {
      "amount": 0.0563,
      "time": "03:49:41",
      "price": 246.79,
      "en_type": "ask",
      "type": "??"
    },
    {
      "amount": 0.2252,
      "time": "03:49:41",
      "price": 246.79,
      "en_type": "ask",
      "type": "??"
    },
    {
      "amount": 0.006,
      "time": "03:49:41",
      "price": 246.79,
      "en_type": "ask",
      "type": "??"
    },
    {
      "amount": 0.1972,
      "time": "03:49:40",
      "price": 246.79,
      "en_type": "ask",
      "type": "??"
    },
    {
      "amount": 0.1653,
      "time": "03:49:40",
      "price": 246.79,
      "en_type": "ask",
      "type": "??"
    },
    {
      "amount": 0.1598,
      "time": "03:49:38",
      "price": 246.79,
      "en_type": "ask",
      "type": "??"
    },
    {
      "amount": 0.1277,
      "time": "03:49:38",
      "price": 246.79,
      "en_type": "ask",
      "type": "??"
    },
    {
      "amount": 0.0975,
      "time": "03:49:34",
      "price": 246.79,
      "en_type": "ask",
      "type": "??"
    },
    {
      "amount": 0.1525,
      "time": "03:49:34",
      "price": 246.79,
      "en_type": "ask",
      "type": "??"
    },
    {
      "amount": 0.0516,
      "time": "03:49:28",
      "price": 246.79,
      "en_type": "ask",
      "type": "??"
    },
    {
      "amount": 0.1849,
      "time": "03:49:28",
      "price": 246.79,
      "en_type": "ask",
      "type": "??"
    },
    {
      "amount": 0.0135,
      "time": "03:49:27",
      "price": 246.79,
      "en_type": "ask",
      "type": "??"
    },
    {
      "amount": 0.1299,
      "time": "03:49:14",
      "price": 246.79,
      "en_type": "ask",
      "type": "??"
    },
    {
      "amount": 0.2009,
      "time": "03:49:14",
      "price": 246.79,
      "en_type": "ask",
      "type": "??"
    },
    {
      "amount": 0.055,
      "time": "03:49:14",
      "price": 246.79,
      "en_type": "ask",
      "type": "??"
    },
    {
      "amount": 0.1142,
      "time": "03:49:13",
      "price": 246.79,
      "en_type": "ask",
      "type": "??"
    },
    {
      "amount": 0.1257,
      "time": "03:49:12",
      "price": 246.8,
      "en_type": "bid",
      "type": "??"
    },
    {
      "amount": 0.1242,
      "time": "03:49:12",
      "price": 246.8,
      "en_type": "bid",
      "type": "??"
    },
    {
      "amount": 0.03,
      "time": "03:49:10",
      "price": 246.84,
      "en_type": "bid",
      "type": "??"
    },
    {
      "amount": 0.083,
      "time": "03:49:10",
      "price": 246.84,
      "en_type": "bid",
      "type": "??"
    },
    {
      "amount": 0.1618,
      "time": "03:49:10",
      "price": 246.84,
      "en_type": "bid",
      "type": "??"
    },
    {
      "amount": 0.0923,
      "time": "03:49:06",
      "price": 246.87,
      "en_type": "bid",
      "type": "??"
    },
    {
      "amount": 0.2076,
      "time": "03:49:06",
      "price": 246.87,
      "en_type": "bid",
      "type": "??"
    },
    {
      "amount": 0.0256,
      "time": "03:48:56",
      "price": 246.89,
      "en_type": "ask",
      "type": "??"
    },
    {
      "amount": 0.2244,
      "time": "03:48:56",
      "price": 246.89,
      "en_type": "ask",
      "type": "??"
    },
    {
      "amount": 0.0029,
      "time": "03:48:49",
      "price": 246.82,
      "en_type": "ask",
      "type": "??"
    },
    {
      "amount": 0.215,
      "time": "03:48:49",
      "price": 246.82,
      "en_type": "ask",
      "type": "??"
    },
    {
      "amount": 0.0321,
      "time": "03:48:48",
      "price": 246.82,
      "en_type": "ask",
      "type": "??"
    },
    {
      "amount": 0.1355,
      "time": "03:48:41",
      "price": 246.79,
      "en_type": "ask",
      "type": "??"
    },
    {
      "amount": 0.0473,
      "time": "03:48:40",
      "price": 246.79,
      "en_type": "ask",
      "type": "??"
    },
    {
      "amount": 0.0797,
      "time": "03:48:40",
      "price": 246.79,
      "en_type": "ask",
      "type": "??"
    },
    {
      "amount": 0.0222,
      "time": "03:48:31",
      "price": 246.8,
      "en_type": "ask",
      "type": "??"
    },
    {
      "amount": 0.1168,
      "time": "03:48:31",
      "price": 246.8,
      "en_type": "ask",
      "type": "??"
    },
    {
      "amount": 0.2985,
      "time": "03:48:31",
      "price": 246.8,
      "en_type": "ask",
      "type": "??"
    },
    {
      "amount": 0.0559,
      "time": "03:48:30",
      "price": 246.81,
      "en_type": "ask",
      "type": "??"
    },
    {
      "amount": 0.1941,
      "time": "03:48:29",
      "price": 246.81,
      "en_type": "ask",
      "type": "??"
    },
    {
      "amount": 0.0418,
      "time": "03:48:23",
      "price": 246.8,
      "en_type": "ask",
      "type": "??"
    },
    {
      "amount": 0.1053,
      "time": "03:48:23",
      "price": 246.8,
      "en_type": "ask",
      "type": "??"
    }
  ],
  "amp": 0,
  "p_last": 246.89
}}
15306 [Test worker] 2018-01-08 14:56:23,574 INFO  HuobiExchangeAdapter init() - About to initialise Huobi ExchangeConfig: EasyMock for interface com.gazbert.bxbot.exchange.api.ExchangeConfig
15307 [Test worker] 2018-01-08 14:56:23,575 INFO  AbstractExchangeAdapter setNetworkConfig() - connection-timeout: 30
15308 [Test worker] 2018-01-08 14:56:23,576 INFO  AbstractExchangeAdapter setNetworkConfig() - non-fatal-error-codes: [502, 503, 504]
15308 [Test worker] 2018-01-08 14:56:23,576 INFO  AbstractExchangeAdapter setNetworkConfig() - non-fatal-error-messages: [Connection refused, Connection reset, Remote host closed connection during handshake]
15309 [Test worker] 2018-01-08 14:56:23,577 INFO  AbstractExchangeAdapter getOptionalConfigItem() - buy-fee: 0.2
15309 [Test worker] 2018-01-08 14:56:23,577 INFO  HuobiExchangeAdapter setOptionalConfig() - Buy fee % in BigDecimal format: 0.00200000
15309 [Test worker] 2018-01-08 14:56:23,577 INFO  AbstractExchangeAdapter getOptionalConfigItem() - sell-fee: 0.2
15310 [Test worker] 2018-01-08 14:56:23,578 INFO  HuobiExchangeAdapter setOptionalConfig() - Sell fee % in BigDecimal format: 0.00200000
15310 [Test worker] 2018-01-08 14:56:23,578 INFO  AbstractExchangeAdapter getOptionalConfigItem() - account-info-market: usd
15311 [Test worker] 2018-01-08 14:56:23,579 DEBUG HuobiExchangeAdapter createOrder() - Create Order response: ExchangeHttpResponse{statusCode=200, reasonPhrase=OK, payload={
  "code": 56,
  "msg": "??????????????90% ",
  "message": "??????????????90% "
}}
15311 [Test worker] 2018-01-08 14:56:23,579 ERROR HuobiExchangeAdapter createOrder() - Failed to place order on exchange. Error response: ExchangeHttpResponse{statusCode=200, reasonPhrase=OK, payload={
  "code": 56,
  "msg": "??????????????90% ",
  "message": "??????????????90% "
}}
15316 [Test worker] 2018-01-08 14:56:23,584 INFO  HuobiExchangeAdapter init() - About to initialise Huobi ExchangeConfig: EasyMock for interface com.gazbert.bxbot.exchange.api.ExchangeConfig
15317 [Test worker] 2018-01-08 14:56:23,585 INFO  AbstractExchangeAdapter setNetworkConfig() - connection-timeout: 30
15318 [Test worker] 2018-01-08 14:56:23,586 INFO  AbstractExchangeAdapter setNetworkConfig() - non-fatal-error-codes: [502, 503, 504]
15318 [Test worker] 2018-01-08 14:56:23,586 INFO  AbstractExchangeAdapter setNetworkConfig() - non-fatal-error-messages: [Connection refused, Connection reset, Remote host closed connection during handshake]
15319 [Test worker] 2018-01-08 14:56:23,587 INFO  AbstractExchangeAdapter getOptionalConfigItem() - buy-fee: 0.2
15319 [Test worker] 2018-01-08 14:56:23,587 INFO  HuobiExchangeAdapter setOptionalConfig() - Buy fee % in BigDecimal format: 0.00200000
15319 [Test worker] 2018-01-08 14:56:23,587 INFO  AbstractExchangeAdapter getOptionalConfigItem() - sell-fee: 0.2
15320 [Test worker] 2018-01-08 14:56:23,588 INFO  HuobiExchangeAdapter setOptionalConfig() - Sell fee % in BigDecimal format: 0.00200000
15320 [Test worker] 2018-01-08 14:56:23,588 INFO  AbstractExchangeAdapter getOptionalConfigItem() - account-info-market: usd
15321 [Test worker] 2018-01-08 14:56:23,589 ERROR HuobiExchangeAdapter getMarketOrders() - Unrecognised marketId to fetch market orders for: 'junk_market_id'. Supported markets are: [BTC_USD, BTC_CNY]
15321 [Test worker] 2018-01-08 14:56:23,589 ERROR HuobiExchangeAdapter getMarketOrders() - Unexpected error has occurred in Huobi Exchange Adapter. 
java.lang.IllegalArgumentException: Unrecognised marketId to fetch market orders for: 'junk_market_id'. Supported markets are: [BTC_USD, BTC_CNY]
	at com.gazbert.bxbot.exchanges.HuobiExchangeAdapter.getMarketOrders(HuobiExchangeAdapter.java:440) [main/:?]
	at com.gazbert.bxbot.exchanges.TestHuobiExchangeAdapter.testGettingMarketOrdersForInvalidMarket(TestHuobiExchangeAdapter.java:528) [test/:?]
	at sun.reflect.NativeMethodAccessorImpl.invoke0(Native Method) ~[?:1.8.0_144]
	at sun.reflect.NativeMethodAccessorImpl.invoke(NativeMethodAccessorImpl.java:62) ~[?:1.8.0_144]
	at sun.reflect.DelegatingMethodAccessorImpl.invoke(DelegatingMethodAccessorImpl.java:43) ~[?:1.8.0_144]
	at java.lang.reflect.Method.invoke(Method.java:498) ~[?:1.8.0_144]
	at org.junit.internal.runners.TestMethod.invoke(TestMethod.java:68) [junit-4.12.jar:4.12]
	at org.powermock.modules.junit4.internal.impl.PowerMockJUnit44RunnerDelegateImpl$PowerMockJUnit44MethodRunner.runTestMethod(PowerMockJUnit44RunnerDelegateImpl.java:326) [powermock-module-junit4-1.7.3.jar:1.7.3]
	at org.junit.internal.runners.MethodRoadie$2.run(MethodRoadie.java:89) [junit-4.12.jar:4.12]
	at org.junit.internal.runners.MethodRoadie.runBeforesThenTestThenAfters(MethodRoadie.java:97) [junit-4.12.jar:4.12]
	at org.powermock.modules.junit4.internal.impl.PowerMockJUnit44RunnerDelegateImpl$PowerMockJUnit44MethodRunner.executeTest(PowerMockJUnit44RunnerDelegateImpl.java:310) [powermock-module-junit4-1.7.3.jar:1.7.3]
	at org.powermock.modules.junit4.internal.impl.PowerMockJUnit47RunnerDelegateImpl$PowerMockJUnit47MethodRunner.executeTestInSuper(PowerMockJUnit47RunnerDelegateImpl.java:131) [powermock-module-junit4-1.7.3.jar:1.7.3]
	at org.powermock.modules.junit4.internal.impl.PowerMockJUnit47RunnerDelegateImpl$PowerMockJUnit47MethodRunner.access$100(PowerMockJUnit47RunnerDelegateImpl.java:59) [powermock-module-junit4-1.7.3.jar:1.7.3]
	at org.powermock.modules.junit4.internal.impl.PowerMockJUnit47RunnerDelegateImpl$PowerMockJUnit47MethodRunner$TestExecutorStatement.evaluate(PowerMockJUnit47RunnerDelegateImpl.java:147) [powermock-module-junit4-1.7.3.jar:1.7.3]
	at org.powermock.modules.junit4.internal.impl.PowerMockJUnit47RunnerDelegateImpl$PowerMockJUnit47MethodRunner.evaluateStatement(PowerMockJUnit47RunnerDelegateImpl.java:107) [powermock-module-junit4-1.7.3.jar:1.7.3]
	at org.powermock.modules.junit4.internal.impl.PowerMockJUnit47RunnerDelegateImpl$PowerMockJUnit47MethodRunner.executeTest(PowerMockJUnit47RunnerDelegateImpl.java:82) [powermock-module-junit4-1.7.3.jar:1.7.3]
	at org.powermock.modules.junit4.internal.impl.PowerMockJUnit44RunnerDelegateImpl$PowerMockJUnit44MethodRunner.runBeforesThenTestThenAfters(PowerMockJUnit44RunnerDelegateImpl.java:298) [powermock-module-junit4-1.7.3.jar:1.7.3]
	at org.junit.internal.runners.MethodRoadie.runTest(MethodRoadie.java:87) [junit-4.12.jar:4.12]
	at org.junit.internal.runners.MethodRoadie.run(MethodRoadie.java:50) [junit-4.12.jar:4.12]
	at org.powermock.modules.junit4.internal.impl.PowerMockJUnit44RunnerDelegateImpl.invokeTestMethod(PowerMockJUnit44RunnerDelegateImpl.java:218) [powermock-module-junit4-1.7.3.jar:1.7.3]
	at org.powermock.modules.junit4.internal.impl.PowerMockJUnit44RunnerDelegateImpl.runMethods(PowerMockJUnit44RunnerDelegateImpl.java:160) [powermock-module-junit4-1.7.3.jar:1.7.3]
	at org.powermock.modules.junit4.internal.impl.PowerMockJUnit44RunnerDelegateImpl$1.run(PowerMockJUnit44RunnerDelegateImpl.java:134) [powermock-module-junit4-1.7.3.jar:1.7.3]
	at org.junit.internal.runners.ClassRoadie.runUnprotected(ClassRoadie.java:34) [junit-4.12.jar:4.12]
	at org.junit.internal.runners.ClassRoadie.runProtected(ClassRoadie.java:44) [junit-4.12.jar:4.12]
	at org.powermock.modules.junit4.internal.impl.PowerMockJUnit44RunnerDelegateImpl.run(PowerMockJUnit44RunnerDelegateImpl.java:136) [powermock-module-junit4-1.7.3.jar:1.7.3]
	at org.powermock.modules.junit4.common.internal.impl.JUnit4TestSuiteChunkerImpl.run(JUnit4TestSuiteChunkerImpl.java:121) [powermock-module-junit4-common-1.7.3.jar:1.7.3]
	at org.powermock.modules.junit4.common.internal.impl.AbstractCommonPowerMockRunner.run(AbstractCommonPowerMockRunner.java:57) [powermock-module-junit4-common-1.7.3.jar:1.7.3]
	at org.powermock.modules.junit4.PowerMockRunner.run(PowerMockRunner.java:59) [powermock-module-junit4-1.7.3.jar:1.7.3]
	at org.gradle.api.internal.tasks.testing.junit.JUnitTestClassExecuter.runTestClass(JUnitTestClassExecuter.java:114) [gradle-testing-jvm-4.4.1.jar:4.4.1]
	at org.gradle.api.internal.tasks.testing.junit.JUnitTestClassExecuter.execute(JUnitTestClassExecuter.java:57) [gradle-testing-jvm-4.4.1.jar:4.4.1]
	at org.gradle.api.internal.tasks.testing.junit.JUnitTestClassProcessor.processTestClass(JUnitTestClassProcessor.java:66) [gradle-testing-jvm-4.4.1.jar:4.4.1]
	at org.gradle.api.internal.tasks.testing.SuiteTestClassProcessor.processTestClass(SuiteTestClassProcessor.java:51) [gradle-testing-base-4.4.1.jar:4.4.1]
	at sun.reflect.NativeMethodAccessorImpl.invoke0(Native Method) ~[?:1.8.0_144]
	at sun.reflect.NativeMethodAccessorImpl.invoke(NativeMethodAccessorImpl.java:62) ~[?:1.8.0_144]
	at sun.reflect.DelegatingMethodAccessorImpl.invoke(DelegatingMethodAccessorImpl.java:43) ~[?:1.8.0_144]
	at java.lang.reflect.Method.invoke(Method.java:498) ~[?:1.8.0_144]
	at org.gradle.internal.dispatch.ReflectionDispatch.dispatch(ReflectionDispatch.java:35) [gradle-messaging-4.4.1.jar:4.4.1]
	at org.gradle.internal.dispatch.ReflectionDispatch.dispatch(ReflectionDispatch.java:24) [gradle-messaging-4.4.1.jar:4.4.1]
	at org.gradle.internal.dispatch.ContextClassLoaderDispatch.dispatch(ContextClassLoaderDispatch.java:32) [gradle-messaging-4.4.1.jar:4.4.1]
	at org.gradle.internal.dispatch.ProxyDispatchAdapter$DispatchingInvocationHandler.invoke(ProxyDispatchAdapter.java:93) [gradle-messaging-4.4.1.jar:4.4.1]
	at com.sun.proxy.$Proxy1.processTestClass(Unknown Source) [?:?]
	at org.gradle.api.internal.tasks.testing.worker.TestWorker.processTestClass(TestWorker.java:108) [gradle-testing-base-4.4.1.jar:4.4.1]
	at sun.reflect.NativeMethodAccessorImpl.invoke0(Native Method) ~[?:1.8.0_144]
	at sun.reflect.NativeMethodAccessorImpl.invoke(NativeMethodAccessorImpl.java:62) ~[?:1.8.0_144]
	at sun.reflect.DelegatingMethodAccessorImpl.invoke(DelegatingMethodAccessorImpl.java:43) ~[?:1.8.0_144]
	at java.lang.reflect.Method.invoke(Method.java:498) ~[?:1.8.0_144]
	at org.gradle.internal.dispatch.ReflectionDispatch.dispatch(ReflectionDispatch.java:35) [gradle-messaging-4.4.1.jar:4.4.1]
	at org.gradle.internal.dispatch.ReflectionDispatch.dispatch(ReflectionDispatch.java:24) [gradle-messaging-4.4.1.jar:4.4.1]
	at org.gradle.internal.remote.internal.hub.MessageHubBackedObjectConnection$DispatchWrapper.dispatch(MessageHubBackedObjectConnection.java:146) [gradle-messaging-4.4.1.jar:4.4.1]
	at org.gradle.internal.remote.internal.hub.MessageHubBackedObjectConnection$DispatchWrapper.dispatch(MessageHubBackedObjectConnection.java:128) [gradle-messaging-4.4.1.jar:4.4.1]
	at org.gradle.internal.remote.internal.hub.MessageHub$Handler.run(MessageHub.java:404) [gradle-messaging-4.4.1.jar:4.4.1]
	at org.gradle.internal.concurrent.ExecutorPolicy$CatchAndRecordFailures.onExecute(ExecutorPolicy.java:63) [gradle-base-services-4.4.1.jar:4.4.1]
	at org.gradle.internal.concurrent.ManagedExecutorImpl$1.run(ManagedExecutorImpl.java:46) [gradle-base-services-4.4.1.jar:4.4.1]
	at java.util.concurrent.ThreadPoolExecutor.runWorker(ThreadPoolExecutor.java:1149) [?:1.8.0_144]
	at java.util.concurrent.ThreadPoolExecutor$Worker.run(ThreadPoolExecutor.java:624) [?:1.8.0_144]
	at org.gradle.internal.concurrent.ThreadFactoryImpl$ManagedThreadRunnable.run(ThreadFactoryImpl.java:55) [gradle-base-services-4.4.1.jar:4.4.1]
	at java.lang.Thread.run(Thread.java:748) [?:1.8.0_144]
15323 [Test worker] 2018-01-08 14:56:23,591 INFO  HuobiExchangeAdapter init() - About to initialise Huobi ExchangeConfig: EasyMock for interface com.gazbert.bxbot.exchange.api.ExchangeConfig
15324 [Test worker] 2018-01-08 14:56:23,592 INFO  AbstractExchangeAdapter setNetworkConfig() - connection-timeout: 30
15324 [Test worker] 2018-01-08 14:56:23,592 INFO  AbstractExchangeAdapter setNetworkConfig() - non-fatal-error-codes: [502, 503, 504]
15324 [Test worker] 2018-01-08 14:56:23,592 INFO  AbstractExchangeAdapter setNetworkConfig() - non-fatal-error-messages: [Connection refused, Connection reset, Remote host closed connection during handshake]
15325 [Test worker] 2018-01-08 14:56:23,593 INFO  AbstractExchangeAdapter getOptionalConfigItem() - buy-fee: 0.2
15325 [Test worker] 2018-01-08 14:56:23,593 INFO  HuobiExchangeAdapter setOptionalConfig() - Buy fee % in BigDecimal format: 0.00200000
15326 [Test worker] 2018-01-08 14:56:23,594 INFO  AbstractExchangeAdapter getOptionalConfigItem() - sell-fee: 0.2
15326 [Test worker] 2018-01-08 14:56:23,594 INFO  HuobiExchangeAdapter setOptionalConfig() - Sell fee % in BigDecimal format: 0.00200000
15326 [Test worker] 2018-01-08 14:56:23,594 INFO  AbstractExchangeAdapter getOptionalConfigItem() - account-info-market: usd
15327 [Test worker] 2018-01-08 14:56:23,595 DEBUG HuobiExchangeAdapter cancelOrder() - Cancel Order response: ExchangeHttpResponse{statusCode=200, reasonPhrase=OK, payload={
  "code": 26,
  "msg": "??????",
  "message": "??????"
}}
15327 [Test worker] 2018-01-08 14:56:23,595 ERROR HuobiExchangeAdapter cancelOrder() - Failed to cancel order on exchange. Error response: ExchangeHttpResponse{statusCode=200, reasonPhrase=OK, payload={
  "code": 26,
  "msg": "??????",
  "message": "??????"
}}
15329 [Test worker] 2018-01-08 14:56:23,597 INFO  HuobiExchangeAdapter init() - About to initialise Huobi ExchangeConfig: EasyMock for interface com.gazbert.bxbot.exchange.api.ExchangeConfig
15329 [Test worker] 2018-01-08 14:56:23,597 INFO  AbstractExchangeAdapter setNetworkConfig() - connection-timeout: 30
15330 [Test worker] 2018-01-08 14:56:23,598 INFO  AbstractExchangeAdapter setNetworkConfig() - non-fatal-error-codes: [502, 503, 504]
15330 [Test worker] 2018-01-08 14:56:23,598 INFO  AbstractExchangeAdapter setNetworkConfig() - non-fatal-error-messages: [Connection refused, Connection reset, Remote host closed connection during handshake]
15330 [Test worker] 2018-01-08 14:56:23,598 INFO  AbstractExchangeAdapter getOptionalConfigItem() - buy-fee: 0.2
15331 [Test worker] 2018-01-08 14:56:23,599 INFO  HuobiExchangeAdapter setOptionalConfig() - Buy fee % in BigDecimal format: 0.00200000
15331 [Test worker] 2018-01-08 14:56:23,599 INFO  AbstractExchangeAdapter getOptionalConfigItem() - sell-fee: 0.2
15332 [Test worker] 2018-01-08 14:56:23,600 INFO  HuobiExchangeAdapter setOptionalConfig() - Sell fee % in BigDecimal format: 0.00200000
15332 [Test worker] 2018-01-08 14:56:23,600 INFO  AbstractExchangeAdapter getOptionalConfigItem() - account-info-market: usd
15336 [Test worker] 2018-01-08 14:56:23,604 INFO  HuobiExchangeAdapter init() - About to initialise Huobi ExchangeConfig: EasyMock for interface com.gazbert.bxbot.exchange.api.ExchangeConfig
15336 [Test worker] 2018-01-08 14:56:23,604 INFO  AbstractExchangeAdapter setNetworkConfig() - connection-timeout: 30
15337 [Test worker] 2018-01-08 14:56:23,605 INFO  AbstractExchangeAdapter setNetworkConfig() - non-fatal-error-codes: [502, 503, 504]
15337 [Test worker] 2018-01-08 14:56:23,605 INFO  AbstractExchangeAdapter setNetworkConfig() - non-fatal-error-messages: [Connection refused, Connection reset, Remote host closed connection during handshake]
15338 [Test worker] 2018-01-08 14:56:23,606 INFO  AbstractExchangeAdapter getOptionalConfigItem() - buy-fee: 0.2
15338 [Test worker] 2018-01-08 14:56:23,606 INFO  HuobiExchangeAdapter setOptionalConfig() - Buy fee % in BigDecimal format: 0.00200000
15339 [Test worker] 2018-01-08 14:56:23,607 INFO  AbstractExchangeAdapter getOptionalConfigItem() - sell-fee: 0.2
15339 [Test worker] 2018-01-08 14:56:23,607 INFO  HuobiExchangeAdapter setOptionalConfig() - Sell fee % in BigDecimal format: 0.00200000
15340 [Test worker] 2018-01-08 14:56:23,608 INFO  AbstractExchangeAdapter getOptionalConfigItem() - account-info-market: usd
15341 [Test worker] 2018-01-08 14:56:23,609 ERROR HuobiExchangeAdapter getAuthenticatedMarketIdForGivenPublicMarketId() - Unrecognised marketId to create order for: 'junk_market_id'. Supported markets are: [BTC_USD, BTC_CNY]
15341 [Test worker] 2018-01-08 14:56:23,609 ERROR HuobiExchangeAdapter getYourOpenOrders() - Unexpected error has occurred in Huobi Exchange Adapter. 
java.lang.IllegalArgumentException: Unrecognised marketId to create order for: 'junk_market_id'. Supported markets are: [BTC_USD, BTC_CNY]
	at com.gazbert.bxbot.exchanges.HuobiExchangeAdapter.getAuthenticatedMarketIdForGivenPublicMarketId(HuobiExchangeAdapter.java:1172) ~[main/:?]
	at com.gazbert.bxbot.exchanges.HuobiExchangeAdapter.getYourOpenOrders(HuobiExchangeAdapter.java:360) [main/:?]
	at com.gazbert.bxbot.exchanges.HuobiExchangeAdapter$$EnhancerByCGLIB$$dc7005a8.CGLIB$getYourOpenOrders$7(<generated>) [main/:?]
	at com.gazbert.bxbot.exchanges.HuobiExchangeAdapter$$EnhancerByCGLIB$$dc7005a8$$FastClassByCGLIB$$29c52a86.invoke(<generated>) [main/:?]
	at org.easymock.cglib.proxy.MethodProxy.invokeSuper(MethodProxy.java:228) [easymock-3.5.1.jar:3.5.1]
	at org.easymock.internal.ClassProxyFactory$MockMethodInterceptor.intercept(ClassProxyFactory.java:92) [easymock-3.5.1.jar:3.5.1]
	at com.gazbert.bxbot.exchanges.HuobiExchangeAdapter$$EnhancerByCGLIB$$dc7005a8.getYourOpenOrders(<generated>) [main/:?]
	at com.gazbert.bxbot.exchanges.TestHuobiExchangeAdapter.testGettingYourOpenOrdersExchangeErrorResponse(TestHuobiExchangeAdapter.java:432) [test/:?]
	at sun.reflect.NativeMethodAccessorImpl.invoke0(Native Method) ~[?:1.8.0_144]
	at sun.reflect.NativeMethodAccessorImpl.invoke(NativeMethodAccessorImpl.java:62) ~[?:1.8.0_144]
	at sun.reflect.DelegatingMethodAccessorImpl.invoke(DelegatingMethodAccessorImpl.java:43) ~[?:1.8.0_144]
	at java.lang.reflect.Method.invoke(Method.java:498) ~[?:1.8.0_144]
	at org.junit.internal.runners.TestMethod.invoke(TestMethod.java:68) [junit-4.12.jar:4.12]
	at org.powermock.modules.junit4.internal.impl.PowerMockJUnit44RunnerDelegateImpl$PowerMockJUnit44MethodRunner.runTestMethod(PowerMockJUnit44RunnerDelegateImpl.java:326) [powermock-module-junit4-1.7.3.jar:1.7.3]
	at org.junit.internal.runners.MethodRoadie$2.run(MethodRoadie.java:89) [junit-4.12.jar:4.12]
	at org.junit.internal.runners.MethodRoadie.runBeforesThenTestThenAfters(MethodRoadie.java:97) [junit-4.12.jar:4.12]
	at org.powermock.modules.junit4.internal.impl.PowerMockJUnit44RunnerDelegateImpl$PowerMockJUnit44MethodRunner.executeTest(PowerMockJUnit44RunnerDelegateImpl.java:310) [powermock-module-junit4-1.7.3.jar:1.7.3]
	at org.powermock.modules.junit4.internal.impl.PowerMockJUnit47RunnerDelegateImpl$PowerMockJUnit47MethodRunner.executeTestInSuper(PowerMockJUnit47RunnerDelegateImpl.java:131) [powermock-module-junit4-1.7.3.jar:1.7.3]
	at org.powermock.modules.junit4.internal.impl.PowerMockJUnit47RunnerDelegateImpl$PowerMockJUnit47MethodRunner.access$100(PowerMockJUnit47RunnerDelegateImpl.java:59) [powermock-module-junit4-1.7.3.jar:1.7.3]
	at org.powermock.modules.junit4.internal.impl.PowerMockJUnit47RunnerDelegateImpl$PowerMockJUnit47MethodRunner$TestExecutorStatement.evaluate(PowerMockJUnit47RunnerDelegateImpl.java:147) [powermock-module-junit4-1.7.3.jar:1.7.3]
	at org.powermock.modules.junit4.internal.impl.PowerMockJUnit47RunnerDelegateImpl$PowerMockJUnit47MethodRunner.evaluateStatement(PowerMockJUnit47RunnerDelegateImpl.java:107) [powermock-module-junit4-1.7.3.jar:1.7.3]
	at org.powermock.modules.junit4.internal.impl.PowerMockJUnit47RunnerDelegateImpl$PowerMockJUnit47MethodRunner.executeTest(PowerMockJUnit47RunnerDelegateImpl.java:82) [powermock-module-junit4-1.7.3.jar:1.7.3]
	at org.powermock.modules.junit4.internal.impl.PowerMockJUnit44RunnerDelegateImpl$PowerMockJUnit44MethodRunner.runBeforesThenTestThenAfters(PowerMockJUnit44RunnerDelegateImpl.java:298) [powermock-module-junit4-1.7.3.jar:1.7.3]
	at org.junit.internal.runners.MethodRoadie.runTest(MethodRoadie.java:87) [junit-4.12.jar:4.12]
	at org.junit.internal.runners.MethodRoadie.run(MethodRoadie.java:50) [junit-4.12.jar:4.12]
	at org.powermock.modules.junit4.internal.impl.PowerMockJUnit44RunnerDelegateImpl.invokeTestMethod(PowerMockJUnit44RunnerDelegateImpl.java:218) [powermock-module-junit4-1.7.3.jar:1.7.3]
	at org.powermock.modules.junit4.internal.impl.PowerMockJUnit44RunnerDelegateImpl.runMethods(PowerMockJUnit44RunnerDelegateImpl.java:160) [powermock-module-junit4-1.7.3.jar:1.7.3]
	at org.powermock.modules.junit4.internal.impl.PowerMockJUnit44RunnerDelegateImpl$1.run(PowerMockJUnit44RunnerDelegateImpl.java:134) [powermock-module-junit4-1.7.3.jar:1.7.3]
	at org.junit.internal.runners.ClassRoadie.runUnprotected(ClassRoadie.java:34) [junit-4.12.jar:4.12]
	at org.junit.internal.runners.ClassRoadie.runProtected(ClassRoadie.java:44) [junit-4.12.jar:4.12]
	at org.powermock.modules.junit4.internal.impl.PowerMockJUnit44RunnerDelegateImpl.run(PowerMockJUnit44RunnerDelegateImpl.java:136) [powermock-module-junit4-1.7.3.jar:1.7.3]
	at org.powermock.modules.junit4.common.internal.impl.JUnit4TestSuiteChunkerImpl.run(JUnit4TestSuiteChunkerImpl.java:121) [powermock-module-junit4-common-1.7.3.jar:1.7.3]
	at org.powermock.modules.junit4.common.internal.impl.AbstractCommonPowerMockRunner.run(AbstractCommonPowerMockRunner.java:57) [powermock-module-junit4-common-1.7.3.jar:1.7.3]
	at org.powermock.modules.junit4.PowerMockRunner.run(PowerMockRunner.java:59) [powermock-module-junit4-1.7.3.jar:1.7.3]
	at org.gradle.api.internal.tasks.testing.junit.JUnitTestClassExecuter.runTestClass(JUnitTestClassExecuter.java:114) [gradle-testing-jvm-4.4.1.jar:4.4.1]
	at org.gradle.api.internal.tasks.testing.junit.JUnitTestClassExecuter.execute(JUnitTestClassExecuter.java:57) [gradle-testing-jvm-4.4.1.jar:4.4.1]
	at org.gradle.api.internal.tasks.testing.junit.JUnitTestClassProcessor.processTestClass(JUnitTestClassProcessor.java:66) [gradle-testing-jvm-4.4.1.jar:4.4.1]
	at org.gradle.api.internal.tasks.testing.SuiteTestClassProcessor.processTestClass(SuiteTestClassProcessor.java:51) [gradle-testing-base-4.4.1.jar:4.4.1]
	at sun.reflect.NativeMethodAccessorImpl.invoke0(Native Method) ~[?:1.8.0_144]
	at sun.reflect.NativeMethodAccessorImpl.invoke(NativeMethodAccessorImpl.java:62) ~[?:1.8.0_144]
	at sun.reflect.DelegatingMethodAccessorImpl.invoke(DelegatingMethodAccessorImpl.java:43) ~[?:1.8.0_144]
	at java.lang.reflect.Method.invoke(Method.java:498) ~[?:1.8.0_144]
	at org.gradle.internal.dispatch.ReflectionDispatch.dispatch(ReflectionDispatch.java:35) [gradle-messaging-4.4.1.jar:4.4.1]
	at org.gradle.internal.dispatch.ReflectionDispatch.dispatch(ReflectionDispatch.java:24) [gradle-messaging-4.4.1.jar:4.4.1]
	at org.gradle.internal.dispatch.ContextClassLoaderDispatch.dispatch(ContextClassLoaderDispatch.java:32) [gradle-messaging-4.4.1.jar:4.4.1]
	at org.gradle.internal.dispatch.ProxyDispatchAdapter$DispatchingInvocationHandler.invoke(ProxyDispatchAdapter.java:93) [gradle-messaging-4.4.1.jar:4.4.1]
	at com.sun.proxy.$Proxy1.processTestClass(Unknown Source) [?:?]
	at org.gradle.api.internal.tasks.testing.worker.TestWorker.processTestClass(TestWorker.java:108) [gradle-testing-base-4.4.1.jar:4.4.1]
	at sun.reflect.NativeMethodAccessorImpl.invoke0(Native Method) ~[?:1.8.0_144]
	at sun.reflect.NativeMethodAccessorImpl.invoke(NativeMethodAccessorImpl.java:62) ~[?:1.8.0_144]
	at sun.reflect.DelegatingMethodAccessorImpl.invoke(DelegatingMethodAccessorImpl.java:43) ~[?:1.8.0_144]
	at java.lang.reflect.Method.invoke(Method.java:498) ~[?:1.8.0_144]
	at org.gradle.internal.dispatch.ReflectionDispatch.dispatch(ReflectionDispatch.java:35) [gradle-messaging-4.4.1.jar:4.4.1]
	at org.gradle.internal.dispatch.ReflectionDispatch.dispatch(ReflectionDispatch.java:24) [gradle-messaging-4.4.1.jar:4.4.1]
	at org.gradle.internal.remote.internal.hub.MessageHubBackedObjectConnection$DispatchWrapper.dispatch(MessageHubBackedObjectConnection.java:146) [gradle-messaging-4.4.1.jar:4.4.1]
	at org.gradle.internal.remote.internal.hub.MessageHubBackedObjectConnection$DispatchWrapper.dispatch(MessageHubBackedObjectConnection.java:128) [gradle-messaging-4.4.1.jar:4.4.1]
	at org.gradle.internal.remote.internal.hub.MessageHub$Handler.run(MessageHub.java:404) [gradle-messaging-4.4.1.jar:4.4.1]
	at org.gradle.internal.concurrent.ExecutorPolicy$CatchAndRecordFailures.onExecute(ExecutorPolicy.java:63) [gradle-base-services-4.4.1.jar:4.4.1]
	at org.gradle.internal.concurrent.ManagedExecutorImpl$1.run(ManagedExecutorImpl.java:46) [gradle-base-services-4.4.1.jar:4.4.1]
	at java.util.concurrent.ThreadPoolExecutor.runWorker(ThreadPoolExecutor.java:1149) [?:1.8.0_144]
	at java.util.concurrent.ThreadPoolExecutor$Worker.run(ThreadPoolExecutor.java:624) [?:1.8.0_144]
	at org.gradle.internal.concurrent.ThreadFactoryImpl$ManagedThreadRunnable.run(ThreadFactoryImpl.java:55) [gradle-base-services-4.4.1.jar:4.4.1]
	at java.lang.Thread.run(Thread.java:748) [?:1.8.0_144]
15343 [Test worker] 2018-01-08 14:56:23,611 INFO  HuobiExchangeAdapter init() - About to initialise Huobi ExchangeConfig: EasyMock for interface com.gazbert.bxbot.exchange.api.ExchangeConfig
15344 [Test worker] 2018-01-08 14:56:23,612 INFO  AbstractExchangeAdapter setNetworkConfig() - connection-timeout: 30
15344 [Test worker] 2018-01-08 14:56:23,612 INFO  AbstractExchangeAdapter setNetworkConfig() - non-fatal-error-codes: [502, 503, 504]
15345 [Test worker] 2018-01-08 14:56:23,613 INFO  AbstractExchangeAdapter setNetworkConfig() - non-fatal-error-messages: [Connection refused, Connection reset, Remote host closed connection during handshake]
15345 [Test worker] 2018-01-08 14:56:23,613 INFO  AbstractExchangeAdapter getOptionalConfigItem() - buy-fee: 0.2
15346 [Test worker] 2018-01-08 14:56:23,614 INFO  HuobiExchangeAdapter setOptionalConfig() - Buy fee % in BigDecimal format: 0.00200000
15346 [Test worker] 2018-01-08 14:56:23,614 INFO  AbstractExchangeAdapter getOptionalConfigItem() - sell-fee: 0.2
15346 [Test worker] 2018-01-08 14:56:23,614 INFO  HuobiExchangeAdapter setOptionalConfig() - Sell fee % in BigDecimal format: 0.00200000
15346 [Test worker] 2018-01-08 14:56:23,614 INFO  AbstractExchangeAdapter getOptionalConfigItem() - account-info-market: usd
15347 [Test worker] 2018-01-08 14:56:23,615 DEBUG HuobiExchangeAdapter getBalanceInfo() - Balance Info response: ExchangeHttpResponse{statusCode=200, reasonPhrase=OK, payload={
  "code": 78,
  "msg": "???????",
  "message": "???????"
}}
15348 [Test worker] 2018-01-08 14:56:23,616 ERROR HuobiExchangeAdapter getBalanceInfo() - Failed to get Balance Info from exchange. Error response: ExchangeHttpResponse{statusCode=200, reasonPhrase=OK, payload={
  "code": 78,
  "msg": "???????",
  "message": "???????"
}}
15350 [Test worker] 2018-01-08 14:56:23,618 INFO  HuobiExchangeAdapter init() - About to initialise Huobi ExchangeConfig: EasyMock for interface com.gazbert.bxbot.exchange.api.ExchangeConfig
15351 [Test worker] 2018-01-08 14:56:23,619 INFO  AbstractExchangeAdapter setNetworkConfig() - connection-timeout: 30
15351 [Test worker] 2018-01-08 14:56:23,619 INFO  AbstractExchangeAdapter setNetworkConfig() - non-fatal-error-codes: [502, 503, 504]
15351 [Test worker] 2018-01-08 14:56:23,619 INFO  AbstractExchangeAdapter setNetworkConfig() - non-fatal-error-messages: [Connection refused, Connection reset, Remote host closed connection during handshake]
15352 [Test worker] 2018-01-08 14:56:23,620 INFO  AbstractExchangeAdapter getOptionalConfigItem() - buy-fee: 0.2
15352 [Test worker] 2018-01-08 14:56:23,620 INFO  HuobiExchangeAdapter setOptionalConfig() - Buy fee % in BigDecimal format: 0.00200000
15353 [Test worker] 2018-01-08 14:56:23,621 INFO  AbstractExchangeAdapter getOptionalConfigItem() - sell-fee: 0.2
15353 [Test worker] 2018-01-08 14:56:23,621 INFO  HuobiExchangeAdapter setOptionalConfig() - Sell fee % in BigDecimal format: 0.00200000
15354 [Test worker] 2018-01-08 14:56:23,622 INFO  AbstractExchangeAdapter getOptionalConfigItem() - account-info-market: usd
15354 [Test worker] 2018-01-08 14:56:23,622 ERROR HuobiExchangeAdapter getLatestMarketPrice() - Unrecognised marketId to fetch latest market price for: 'junk_market_id'. Supported markets are: [BTC_USD, BTC_CNY]
15354 [Test worker] 2018-01-08 14:56:23,622 ERROR HuobiExchangeAdapter getLatestMarketPrice() - Unexpected error has occurred in Huobi Exchange Adapter. 
java.lang.IllegalArgumentException: Unrecognised marketId to fetch latest market price for: 'junk_market_id'. Supported markets are: [BTC_USD, BTC_CNY]
	at com.gazbert.bxbot.exchanges.HuobiExchangeAdapter.getLatestMarketPrice(HuobiExchangeAdapter.java:539) [main/:?]
	at com.gazbert.bxbot.exchanges.TestHuobiExchangeAdapter.testGettingLatestMarketPriceForInvalidMarket(TestHuobiExchangeAdapter.java:600) [test/:?]
	at sun.reflect.NativeMethodAccessorImpl.invoke0(Native Method) ~[?:1.8.0_144]
	at sun.reflect.NativeMethodAccessorImpl.invoke(NativeMethodAccessorImpl.java:62) ~[?:1.8.0_144]
	at sun.reflect.DelegatingMethodAccessorImpl.invoke(DelegatingMethodAccessorImpl.java:43) ~[?:1.8.0_144]
	at java.lang.reflect.Method.invoke(Method.java:498) ~[?:1.8.0_144]
	at org.junit.internal.runners.TestMethod.invoke(TestMethod.java:68) [junit-4.12.jar:4.12]
	at org.powermock.modules.junit4.internal.impl.PowerMockJUnit44RunnerDelegateImpl$PowerMockJUnit44MethodRunner.runTestMethod(PowerMockJUnit44RunnerDelegateImpl.java:326) [powermock-module-junit4-1.7.3.jar:1.7.3]
	at org.junit.internal.runners.MethodRoadie$2.run(MethodRoadie.java:89) [junit-4.12.jar:4.12]
	at org.junit.internal.runners.MethodRoadie.runBeforesThenTestThenAfters(MethodRoadie.java:97) [junit-4.12.jar:4.12]
	at org.powermock.modules.junit4.internal.impl.PowerMockJUnit44RunnerDelegateImpl$PowerMockJUnit44MethodRunner.executeTest(PowerMockJUnit44RunnerDelegateImpl.java:310) [powermock-module-junit4-1.7.3.jar:1.7.3]
	at org.powermock.modules.junit4.internal.impl.PowerMockJUnit47RunnerDelegateImpl$PowerMockJUnit47MethodRunner.executeTestInSuper(PowerMockJUnit47RunnerDelegateImpl.java:131) [powermock-module-junit4-1.7.3.jar:1.7.3]
	at org.powermock.modules.junit4.internal.impl.PowerMockJUnit47RunnerDelegateImpl$PowerMockJUnit47MethodRunner.access$100(PowerMockJUnit47RunnerDelegateImpl.java:59) [powermock-module-junit4-1.7.3.jar:1.7.3]
	at org.powermock.modules.junit4.internal.impl.PowerMockJUnit47RunnerDelegateImpl$PowerMockJUnit47MethodRunner$TestExecutorStatement.evaluate(PowerMockJUnit47RunnerDelegateImpl.java:147) [powermock-module-junit4-1.7.3.jar:1.7.3]
	at org.powermock.modules.junit4.internal.impl.PowerMockJUnit47RunnerDelegateImpl$PowerMockJUnit47MethodRunner.evaluateStatement(PowerMockJUnit47RunnerDelegateImpl.java:107) [powermock-module-junit4-1.7.3.jar:1.7.3]
	at org.powermock.modules.junit4.internal.impl.PowerMockJUnit47RunnerDelegateImpl$PowerMockJUnit47MethodRunner.executeTest(PowerMockJUnit47RunnerDelegateImpl.java:82) [powermock-module-junit4-1.7.3.jar:1.7.3]
	at org.powermock.modules.junit4.internal.impl.PowerMockJUnit44RunnerDelegateImpl$PowerMockJUnit44MethodRunner.runBeforesThenTestThenAfters(PowerMockJUnit44RunnerDelegateImpl.java:298) [powermock-module-junit4-1.7.3.jar:1.7.3]
	at org.junit.internal.runners.MethodRoadie.runTest(MethodRoadie.java:87) [junit-4.12.jar:4.12]
	at org.junit.internal.runners.MethodRoadie.run(MethodRoadie.java:50) [junit-4.12.jar:4.12]
	at org.powermock.modules.junit4.internal.impl.PowerMockJUnit44RunnerDelegateImpl.invokeTestMethod(PowerMockJUnit44RunnerDelegateImpl.java:218) [powermock-module-junit4-1.7.3.jar:1.7.3]
	at org.powermock.modules.junit4.internal.impl.PowerMockJUnit44RunnerDelegateImpl.runMethods(PowerMockJUnit44RunnerDelegateImpl.java:160) [powermock-module-junit4-1.7.3.jar:1.7.3]
	at org.powermock.modules.junit4.internal.impl.PowerMockJUnit44RunnerDelegateImpl$1.run(PowerMockJUnit44RunnerDelegateImpl.java:134) [powermock-module-junit4-1.7.3.jar:1.7.3]
	at org.junit.internal.runners.ClassRoadie.runUnprotected(ClassRoadie.java:34) [junit-4.12.jar:4.12]
	at org.junit.internal.runners.ClassRoadie.runProtected(ClassRoadie.java:44) [junit-4.12.jar:4.12]
	at org.powermock.modules.junit4.internal.impl.PowerMockJUnit44RunnerDelegateImpl.run(PowerMockJUnit44RunnerDelegateImpl.java:136) [powermock-module-junit4-1.7.3.jar:1.7.3]
	at org.powermock.modules.junit4.common.internal.impl.JUnit4TestSuiteChunkerImpl.run(JUnit4TestSuiteChunkerImpl.java:121) [powermock-module-junit4-common-1.7.3.jar:1.7.3]
	at org.powermock.modules.junit4.common.internal.impl.AbstractCommonPowerMockRunner.run(AbstractCommonPowerMockRunner.java:57) [powermock-module-junit4-common-1.7.3.jar:1.7.3]
	at org.powermock.modules.junit4.PowerMockRunner.run(PowerMockRunner.java:59) [powermock-module-junit4-1.7.3.jar:1.7.3]
	at org.gradle.api.internal.tasks.testing.junit.JUnitTestClassExecuter.runTestClass(JUnitTestClassExecuter.java:114) [gradle-testing-jvm-4.4.1.jar:4.4.1]
	at org.gradle.api.internal.tasks.testing.junit.JUnitTestClassExecuter.execute(JUnitTestClassExecuter.java:57) [gradle-testing-jvm-4.4.1.jar:4.4.1]
	at org.gradle.api.internal.tasks.testing.junit.JUnitTestClassProcessor.processTestClass(JUnitTestClassProcessor.java:66) [gradle-testing-jvm-4.4.1.jar:4.4.1]
	at org.gradle.api.internal.tasks.testing.SuiteTestClassProcessor.processTestClass(SuiteTestClassProcessor.java:51) [gradle-testing-base-4.4.1.jar:4.4.1]
	at sun.reflect.NativeMethodAccessorImpl.invoke0(Native Method) ~[?:1.8.0_144]
	at sun.reflect.NativeMethodAccessorImpl.invoke(NativeMethodAccessorImpl.java:62) ~[?:1.8.0_144]
	at sun.reflect.DelegatingMethodAccessorImpl.invoke(DelegatingMethodAccessorImpl.java:43) ~[?:1.8.0_144]
	at java.lang.reflect.Method.invoke(Method.java:498) ~[?:1.8.0_144]
	at org.gradle.internal.dispatch.ReflectionDispatch.dispatch(ReflectionDispatch.java:35) [gradle-messaging-4.4.1.jar:4.4.1]
	at org.gradle.internal.dispatch.ReflectionDispatch.dispatch(ReflectionDispatch.java:24) [gradle-messaging-4.4.1.jar:4.4.1]
	at org.gradle.internal.dispatch.ContextClassLoaderDispatch.dispatch(ContextClassLoaderDispatch.java:32) [gradle-messaging-4.4.1.jar:4.4.1]
	at org.gradle.internal.dispatch.ProxyDispatchAdapter$DispatchingInvocationHandler.invoke(ProxyDispatchAdapter.java:93) [gradle-messaging-4.4.1.jar:4.4.1]
	at com.sun.proxy.$Proxy1.processTestClass(Unknown Source) [?:?]
	at org.gradle.api.internal.tasks.testing.worker.TestWorker.processTestClass(TestWorker.java:108) [gradle-testing-base-4.4.1.jar:4.4.1]
	at sun.reflect.NativeMethodAccessorImpl.invoke0(Native Method) ~[?:1.8.0_144]
	at sun.reflect.NativeMethodAccessorImpl.invoke(NativeMethodAccessorImpl.java:62) ~[?:1.8.0_144]
	at sun.reflect.DelegatingMethodAccessorImpl.invoke(DelegatingMethodAccessorImpl.java:43) ~[?:1.8.0_144]
	at java.lang.reflect.Method.invoke(Method.java:498) ~[?:1.8.0_144]
	at org.gradle.internal.dispatch.ReflectionDispatch.dispatch(ReflectionDispatch.java:35) [gradle-messaging-4.4.1.jar:4.4.1]
	at org.gradle.internal.dispatch.ReflectionDispatch.dispatch(ReflectionDispatch.java:24) [gradle-messaging-4.4.1.jar:4.4.1]
	at org.gradle.internal.remote.internal.hub.MessageHubBackedObjectConnection$DispatchWrapper.dispatch(MessageHubBackedObjectConnection.java:146) [gradle-messaging-4.4.1.jar:4.4.1]
	at org.gradle.internal.remote.internal.hub.MessageHubBackedObjectConnection$DispatchWrapper.dispatch(MessageHubBackedObjectConnection.java:128) [gradle-messaging-4.4.1.jar:4.4.1]
	at org.gradle.internal.remote.internal.hub.MessageHub$Handler.run(MessageHub.java:404) [gradle-messaging-4.4.1.jar:4.4.1]
	at org.gradle.internal.concurrent.ExecutorPolicy$CatchAndRecordFailures.onExecute(ExecutorPolicy.java:63) [gradle-base-services-4.4.1.jar:4.4.1]
	at org.gradle.internal.concurrent.ManagedExecutorImpl$1.run(ManagedExecutorImpl.java:46) [gradle-base-services-4.4.1.jar:4.4.1]
	at java.util.concurrent.ThreadPoolExecutor.runWorker(ThreadPoolExecutor.java:1149) [?:1.8.0_144]
	at java.util.concurrent.ThreadPoolExecutor$Worker.run(ThreadPoolExecutor.java:624) [?:1.8.0_144]
	at org.gradle.internal.concurrent.ThreadFactoryImpl$ManagedThreadRunnable.run(ThreadFactoryImpl.java:55) [gradle-base-services-4.4.1.jar:4.4.1]
	at java.lang.Thread.run(Thread.java:748) [?:1.8.0_144]
15356 [Test worker] 2018-01-08 14:56:23,624 INFO  HuobiExchangeAdapter init() - About to initialise Huobi ExchangeConfig: EasyMock for interface com.gazbert.bxbot.exchange.api.ExchangeConfig
15357 [Test worker] 2018-01-08 14:56:23,625 INFO  AbstractExchangeAdapter setNetworkConfig() - connection-timeout: 30
15357 [Test worker] 2018-01-08 14:56:23,625 INFO  AbstractExchangeAdapter setNetworkConfig() - non-fatal-error-codes: [502, 503, 504]
15357 [Test worker] 2018-01-08 14:56:23,625 INFO  AbstractExchangeAdapter setNetworkConfig() - non-fatal-error-messages: [Connection refused, Connection reset, Remote host closed connection during handshake]
15357 [Test worker] 2018-01-08 14:56:23,625 INFO  AbstractExchangeAdapter getOptionalConfigItem() - buy-fee: 0.2
15358 [Test worker] 2018-01-08 14:56:23,626 INFO  HuobiExchangeAdapter setOptionalConfig() - Buy fee % in BigDecimal format: 0.00200000
15358 [Test worker] 2018-01-08 14:56:23,626 INFO  AbstractExchangeAdapter getOptionalConfigItem() - sell-fee: 0.2
15358 [Test worker] 2018-01-08 14:56:23,626 INFO  HuobiExchangeAdapter setOptionalConfig() - Sell fee % in BigDecimal format: 0.00200000
15359 [Test worker] 2018-01-08 14:56:23,627 INFO  AbstractExchangeAdapter getOptionalConfigItem() - account-info-market: null
15359 [Test worker] 2018-01-08 14:56:23,627 ERROR AbstractExchangeAdapter assertItemExists() - account-info-market cannot be null or zero length! HINT: is the value set in the config/exchange.xml ?
15361 [Test worker] 2018-01-08 14:56:23,629 INFO  HuobiExchangeAdapter init() - About to initialise Huobi ExchangeConfig: EasyMock for interface com.gazbert.bxbot.exchange.api.ExchangeConfig
15361 [Test worker] 2018-01-08 14:56:23,629 INFO  AbstractExchangeAdapter setNetworkConfig() - connection-timeout: 30
15361 [Test worker] 2018-01-08 14:56:23,629 INFO  AbstractExchangeAdapter setNetworkConfig() - non-fatal-error-codes: [502, 503, 504]
15362 [Test worker] 2018-01-08 14:56:23,630 INFO  AbstractExchangeAdapter setNetworkConfig() - non-fatal-error-messages: [Connection refused, Connection reset, Remote host closed connection during handshake]
15362 [Test worker] 2018-01-08 14:56:23,630 INFO  AbstractExchangeAdapter getOptionalConfigItem() - buy-fee: 
15362 [Test worker] 2018-01-08 14:56:23,630 ERROR AbstractExchangeAdapter assertItemExists() - buy-fee cannot be null or zero length! HINT: is the value set in the config/exchange.xml ?
15364 [Test worker] 2018-01-08 14:56:23,632 INFO  HuobiExchangeAdapter init() - About to initialise Huobi ExchangeConfig: EasyMock for interface com.gazbert.bxbot.exchange.api.ExchangeConfig
15364 [Test worker] 2018-01-08 14:56:23,632 INFO  AbstractExchangeAdapter setNetworkConfig() - connection-timeout: 30
15365 [Test worker] 2018-01-08 14:56:23,633 INFO  AbstractExchangeAdapter setNetworkConfig() - non-fatal-error-codes: [502, 503, 504]
15365 [Test worker] 2018-01-08 14:56:23,633 INFO  AbstractExchangeAdapter setNetworkConfig() - non-fatal-error-messages: [Connection refused, Connection reset, Remote host closed connection during handshake]
15365 [Test worker] 2018-01-08 14:56:23,633 INFO  AbstractExchangeAdapter getOptionalConfigItem() - buy-fee: 0.2
15366 [Test worker] 2018-01-08 14:56:23,634 INFO  HuobiExchangeAdapter setOptionalConfig() - Buy fee % in BigDecimal format: 0.00200000
15366 [Test worker] 2018-01-08 14:56:23,634 INFO  AbstractExchangeAdapter getOptionalConfigItem() - sell-fee: null
15367 [Test worker] 2018-01-08 14:56:23,635 ERROR AbstractExchangeAdapter assertItemExists() - sell-fee cannot be null or zero length! HINT: is the value set in the config/exchange.xml ?
]]></system-out>
  <system-err><![CDATA[]]></system-err>
</testsuite>
